#
# There is insufficient memory for the Java Runtime Environment to continue.
# Native memory allocation (mmap) failed to map 144703488 bytes for committing reserved memory.
# Possible reasons:
#   The system is out of physical RAM or swap space
#   In 32 bit mode, the process size limit was hit
# Possible solutions:
#   Reduce memory load on the system
#   Increase physical memory or swap space
#   Check if swap backing store is full
#   Use 64 bit Java on a 64 bit OS
#   Decrease Java heap size (-Xmx/-Xms)
#   Decrease number of Java threads
#   Decrease Java thread stack sizes (-Xss)
#   Set larger code cache with -XX:ReservedCodeCacheSize=
# This output file may be truncated or incomplete.
#
#  Out of Memory Error (os_linux.cpp:2640), pid=28447, tid=0x00007fd43c7d1700
#
# JRE version: Java(TM) SE Runtime Environment (8.0_151-b12) (build 1.8.0_151-b12)
# Java VM: Java HotSpot(TM) 64-Bit Server VM (25.151-b12 mixed mode linux-amd64 compressed oops)
# Failed to write core dump. Core dumps have been disabled. To enable core dumping, try "ulimit -c unlimited" before starting Java again
#

---------------  T H R E A D  ---------------

Current thread (0x00007fd450080000):  VMThread [stack: 0x00007fd43c6d1000,0x00007fd43c7d2000] [id=28459]

Stack: [0x00007fd43c6d1000,0x00007fd43c7d2000],  sp=0x00007fd43c7cff80,  free space=1019k
Native frames: (J=compiled Java code, j=interpreted, Vv=VM code, C=native code)
V  [libjvm.so+0xacb58a]  VMError::report_and_die()+0x2ba
V  [libjvm.so+0x4ff4ab]  report_vm_out_of_memory(char const*, int, unsigned long, VMErrorType, char const*)+0x8b
V  [libjvm.so+0x928113]  os::Linux::commit_memory_impl(char*, unsigned long, bool)+0x103
V  [libjvm.so+0x928669]  os::pd_commit_memory(char*, unsigned long, unsigned long, bool)+0x29
V  [libjvm.so+0x92288a]  os::commit_memory(char*, unsigned long, unsigned long, bool)+0x2a
V  [libjvm.so+0x9973e3]  PSVirtualSpace::expand_by(unsigned long)+0x53
V  [libjvm.so+0x9987e8]  PSYoungGen::resize_generation(unsigned long, unsigned long)+0xf8
V  [libjvm.so+0x997942]  PSYoungGen::resize(unsigned long, unsigned long)+0x22
V  [libjvm.so+0x994c1b]  PSScavenge::invoke_no_policy()+0xf3b
V  [libjvm.so+0x98fec5]  PSParallelCompact::invoke(bool)+0x85
V  [libjvm.so+0x485ee4]  CollectedHeap::collect_as_vm_thread(GCCause::Cause)+0x114
V  [libjvm.so+0xacca01]  VM_CollectForMetadataAllocation::doit()+0x161
V  [libjvm.so+0xad4a85]  VM_Operation::evaluate()+0x55
V  [libjvm.so+0xad2e5a]  VMThread::evaluate_operation(VM_Operation*)+0xba
V  [libjvm.so+0xad31de]  VMThread::loop()+0x1ce
V  [libjvm.so+0xad3650]  VMThread::run()+0x70
V  [libjvm.so+0x92a728]  java_start(Thread*)+0x108

VM_Operation (0x00007fd42fdfb4c0): CollectForMetadataAllocation, mode: safepoint, requested by thread 0x00007fd4500c8800


---------------  P R O C E S S  ---------------

Java Threads: ( => current thread )
  0x00007fd450675800 JavaThread "process reaper" daemon [_thread_blocked, id=28470, stack(0x00007fd434054000,0x00007fd43408d000)]
  0x00007fd4500cb800 JavaThread "Service Thread" daemon [_thread_blocked, id=28467, stack(0x00007fd42fbfc000,0x00007fd42fcfd000)]
  0x00007fd4500c8800 JavaThread "C1 CompilerThread3" daemon [_thread_blocked, id=28466, stack(0x00007fd42fcfd000,0x00007fd42fdfe000)]
  0x00007fd4500c6800 JavaThread "C2 CompilerThread2" daemon [_thread_in_native, id=28465, stack(0x00007fd42fdfe000,0x00007fd42feff000)]
  0x00007fd4500c4800 JavaThread "C2 CompilerThread1" daemon [_thread_in_native, id=28464, stack(0x00007fd42feff000,0x00007fd430000000)]
  0x00007fd4500c1800 JavaThread "C2 CompilerThread0" daemon [_thread_blocked, id=28463, stack(0x00007fd43408e000,0x00007fd43418f000)]
  0x00007fd4500bd800 JavaThread "Signal Dispatcher" daemon [_thread_blocked, id=28462, stack(0x00007fd43418f000,0x00007fd434290000)]
  0x00007fd45008c000 JavaThread "Finalizer" daemon [_thread_blocked, id=28461, stack(0x00007fd43c4cf000,0x00007fd43c5d0000)]
  0x00007fd450087800 JavaThread "Reference Handler" daemon [_thread_blocked, id=28460, stack(0x00007fd43c5d0000,0x00007fd43c6d1000)]
  0x00007fd45000a000 JavaThread "main" [_thread_blocked, id=28450, stack(0x00007fd456358000,0x00007fd456459000)]

Other Threads:
=>0x00007fd450080000 VMThread [stack: 0x00007fd43c6d1000,0x00007fd43c7d2000] [id=28459]
  0x00007fd4500ce800 WatcherThread [stack: 0x00007fd42fafb000,0x00007fd42fbfc000] [id=28468]

VM state:at safepoint (normal execution)

VM Mutex/Monitor currently owned by a thread:  ([mutex/lock_event])
[0x00007fd4500061a0] Threads_lock - owner thread: 0x00007fd450080000
[0x00007fd4500066a0] Heap_lock - owner thread: 0x00007fd4500c8800
[0x00007fd450006c20] MethodData_lock - owner thread: 0x00007fd4500c8800

Heap:
 PSYoungGen      total 136192K, used 10216K [0x00000000d7100000, 0x00000000e0100000, 0x0000000100000000)
  eden space 125952K, 0% used [0x00000000d7100000,0x00000000d7100000,0x00000000dec00000)
  from space 10240K, 99% used [0x00000000dec00000,0x00000000df5fa348,0x00000000df600000)
  to   space 9216K, 0% used [0x00000000df600000,0x00000000df600000,0x00000000dff00000)
 ParOldGen       total 84992K, used 22113K [0x0000000085200000, 0x000000008a500000, 0x00000000d7100000)
  object space 84992K, 26% used [0x0000000085200000,0x0000000086798728,0x000000008a500000)
 Metaspace       used 20618K, capacity 21192K, committed 21296K, reserved 1069056K
  class space    used 2438K, capacity 2640K, committed 2688K, reserved 1048576K

Card table byte_map: [0x00007fd43fbe0000,0x00007fd43ffb8000] byte_map_base: 0x00007fd43f7b7000

Marking Bits: (ParMarkBitMap*) 0x00007fd455820f80
 Begin Bits: [0x00007fd434290000, 0x00007fd436148000)
 End Bits:   [0x00007fd436148000, 0x00007fd438000000)

Polling page: 0x00007fd456472000

CodeCache: size=245760Kb used=12045Kb max_used=12045Kb free=233714Kb
 bounds [0x00007fd440378000, 0x00007fd440f48000, 0x00007fd44f378000]
 total_blobs=3822 nmethods=3447 adapters=288
 compilation: enabled

Compilation events (10 events):
Event: 3,149 Thread 0x00007fd4500c8800 nmethod 3490 0x00007fd440f3f450 code [0x00007fd440f3f5e0, 0x00007fd440f3f928]
Event: 3,149 Thread 0x00007fd4500c8800 3491       2       com.sun.tools.javac.tree.JCTree$JCImport::getTag (4 bytes)
Event: 3,149 Thread 0x00007fd4500c8800 nmethod 3491 0x00007fd440f3fcd0 code [0x00007fd440f3fe20, 0x00007fd440f3ff70]
Event: 3,150 Thread 0x00007fd4500c8800 3494       2       com.sun.tools.javac.file.ZipFileIndex::openFile (32 bytes)
Event: 3,150 Thread 0x00007fd4500c8800 nmethod 3494 0x00007fd440f40010 code [0x00007fd440f40180, 0x00007fd440f403a8]
Event: 3,150 Thread 0x00007fd4500c8800 3495       2       java.io.RandomAccessFile::<init> (248 bytes)
Event: 3,152 Thread 0x00007fd4500c8800 nmethod 3495 0x00007fd440f40450 code [0x00007fd440f406c0, 0x00007fd440f40fd8]
Event: 3,152 Thread 0x00007fd4500c8800 3496   !   2       java.io.RandomAccessFile::close (62 bytes)
Event: 3,152 Thread 0x00007fd4500c8800 nmethod 3496 0x00007fd440f41650 code [0x00007fd440f417e0, 0x00007fd440f41bf8]
Event: 3,152 Thread 0x00007fd4500c8800 3497   !   2       com.sun.tools.javac.jvm.ClassReader::fillIn (505 bytes)

GC Heap History (10 events):
Event: 1,071 GC heap after
Heap after GC invocations=2 (full 0):
 PSYoungGen      total 36864K, used 5103K [0x00000000d7100000, 0x00000000db900000, 0x0000000100000000)
  eden space 31744K, 0% used [0x00000000d7100000,0x00000000d7100000,0x00000000d9000000)
  from space 5120K, 99% used [0x00000000d9500000,0x00000000d99fbfe0,0x00000000d9a00000)
  to   space 5120K, 0% used [0x00000000d9000000,0x00000000d9000000,0x00000000d9500000)
 ParOldGen       total 84992K, used 2210K [0x0000000085200000, 0x000000008a500000, 0x00000000d7100000)
  object space 84992K, 2% used [0x0000000085200000,0x00000000854289a0,0x000000008a500000)
 Metaspace       used 12744K, capacity 13056K, committed 13312K, reserved 1060864K
  class space    used 1576K, capacity 1683K, committed 1792K, reserved 1048576K
}
Event: 1,311 GC heap before
{Heap before GC invocations=3 (full 0):
 PSYoungGen      total 36864K, used 36847K [0x00000000d7100000, 0x00000000db900000, 0x0000000100000000)
  eden space 31744K, 100% used [0x00000000d7100000,0x00000000d9000000,0x00000000d9000000)
  from space 5120K, 99% used [0x00000000d9500000,0x00000000d99fbfe0,0x00000000d9a00000)
  to   space 5120K, 0% used [0x00000000d9000000,0x00000000d9000000,0x00000000d9500000)
 ParOldGen       total 84992K, used 2210K [0x0000000085200000, 0x000000008a500000, 0x00000000d7100000)
  object space 84992K, 2% used [0x0000000085200000,0x00000000854289a0,0x000000008a500000)
 Metaspace       used 13295K, capacity 13636K, committed 13824K, reserved 1060864K
  class space    used 1616K, capacity 1726K, committed 1792K, reserved 1048576K
Event: 1,317 GC heap after
Heap after GC invocations=3 (full 0):
 PSYoungGen      total 36864K, used 5104K [0x00000000d7100000, 0x00000000db900000, 0x0000000100000000)
  eden space 31744K, 0% used [0x00000000d7100000,0x00000000d7100000,0x00000000d9000000)
  from space 5120K, 99% used [0x00000000d9000000,0x00000000d94fc070,0x00000000d9500000)
  to   space 5120K, 0% used [0x00000000db400000,0x00000000db400000,0x00000000db900000)
 ParOldGen       total 84992K, used 3035K [0x0000000085200000, 0x000000008a500000, 0x00000000d7100000)
  object space 84992K, 3% used [0x0000000085200000,0x00000000854f6ee8,0x000000008a500000)
 Metaspace       used 13295K, capacity 13636K, committed 13824K, reserved 1060864K
  class space    used 1616K, capacity 1726K, committed 1792K, reserved 1048576K
}
Event: 1,456 GC heap before
{Heap before GC invocations=4 (full 0):
 PSYoungGen      total 36864K, used 36848K [0x00000000d7100000, 0x00000000db900000, 0x0000000100000000)
  eden space 31744K, 100% used [0x00000000d7100000,0x00000000d9000000,0x00000000d9000000)
  from space 5120K, 99% used [0x00000000d9000000,0x00000000d94fc070,0x00000000d9500000)
  to   space 5120K, 0% used [0x00000000db400000,0x00000000db400000,0x00000000db900000)
 ParOldGen       total 84992K, used 3035K [0x0000000085200000, 0x000000008a500000, 0x00000000d7100000)
  object space 84992K, 3% used [0x0000000085200000,0x00000000854f6ee8,0x000000008a500000)
 Metaspace       used 13473K, capacity 13860K, committed 14080K, reserved 1060864K
  class space    used 1634K, capacity 1758K, committed 1792K, reserved 1048576K
Event: 1,463 GC heap after
Heap after GC invocations=4 (full 0):
 PSYoungGen      total 68608K, used 5088K [0x00000000d7100000, 0x00000000db900000, 0x0000000100000000)
  eden space 63488K, 0% used [0x00000000d7100000,0x00000000d7100000,0x00000000daf00000)
  from space 5120K, 99% used [0x00000000db400000,0x00000000db8f8020,0x00000000db900000)
  to   space 5120K, 0% used [0x00000000daf00000,0x00000000daf00000,0x00000000db400000)
 ParOldGen       total 84992K, used 5013K [0x0000000085200000, 0x000000008a500000, 0x00000000d7100000)
  object space 84992K, 5% used [0x0000000085200000,0x00000000856e56d8,0x000000008a500000)
 Metaspace       used 13473K, capacity 13860K, committed 14080K, reserved 1060864K
  class space    used 1634K, capacity 1758K, committed 1792K, reserved 1048576K
}
Event: 1,744 GC heap before
{Heap before GC invocations=5 (full 0):
 PSYoungGen      total 68608K, used 68576K [0x00000000d7100000, 0x00000000db900000, 0x0000000100000000)
  eden space 63488K, 100% used [0x00000000d7100000,0x00000000daf00000,0x00000000daf00000)
  from space 5120K, 99% used [0x00000000db400000,0x00000000db8f8020,0x00000000db900000)
  to   space 5120K, 0% used [0x00000000daf00000,0x00000000daf00000,0x00000000db400000)
 ParOldGen       total 84992K, used 5013K [0x0000000085200000, 0x000000008a500000, 0x00000000d7100000)
  object space 84992K, 5% used [0x0000000085200000,0x00000000856e56d8,0x000000008a500000)
 Metaspace       used 13685K, capacity 14018K, committed 14080K, reserved 1060864K
  class space    used 1639K, capacity 1763K, committed 1792K, reserved 1048576K
Event: 1,761 GC heap after
Heap after GC invocations=5 (full 0):
 PSYoungGen      total 68608K, used 5104K [0x00000000d7100000, 0x00000000dff00000, 0x0000000100000000)
  eden space 63488K, 0% used [0x00000000d7100000,0x00000000d7100000,0x00000000daf00000)
  from space 5120K, 99% used [0x00000000daf00000,0x00000000db3fc030,0x00000000db400000)
  to   space 9216K, 0% used [0x00000000df600000,0x00000000df600000,0x00000000dff00000)
 ParOldGen       total 84992K, used 8293K [0x0000000085200000, 0x000000008a500000, 0x00000000d7100000)
  object space 84992K, 9% used [0x0000000085200000,0x0000000085a196d8,0x000000008a500000)
 Metaspace       used 13685K, capacity 14018K, committed 14080K, reserved 1060864K
  class space    used 1639K, capacity 1763K, committed 1792K, reserved 1048576K
}
Event: 2,230 GC heap before
{Heap before GC invocations=6 (full 0):
 PSYoungGen      total 68608K, used 68592K [0x00000000d7100000, 0x00000000dff00000, 0x0000000100000000)
  eden space 63488K, 100% used [0x00000000d7100000,0x00000000daf00000,0x00000000daf00000)
  from space 5120K, 99% used [0x00000000daf00000,0x00000000db3fc030,0x00000000db400000)
  to   space 9216K, 0% used [0x00000000df600000,0x00000000df600000,0x00000000dff00000)
 ParOldGen       total 84992K, used 8293K [0x0000000085200000, 0x000000008a500000, 0x00000000d7100000)
  object space 84992K, 9% used [0x0000000085200000,0x0000000085a196d8,0x000000008a500000)
 Metaspace       used 15105K, capacity 15536K, committed 15872K, reserved 1062912K
  class space    used 1792K, capacity 1944K, committed 2048K, reserved 1048576K
Event: 2,238 GC heap after
Heap after GC invocations=6 (full 0):
 PSYoungGen      total 135168K, used 8772K [0x00000000d7100000, 0x00000000e0100000, 0x0000000100000000)
  eden space 125952K, 0% used [0x00000000d7100000,0x00000000d7100000,0x00000000dec00000)
  from space 9216K, 95% used [0x00000000df600000,0x00000000dfe91060,0x00000000dff00000)
  to   space 10240K, 0% used [0x00000000dec00000,0x00000000dec00000,0x00000000df600000)
 ParOldGen       total 84992K, used 8301K [0x0000000085200000, 0x000000008a500000, 0x00000000d7100000)
  object space 84992K, 9% used [0x0000000085200000,0x0000000085a1b6d8,0x000000008a500000)
 Metaspace       used 15105K, capacity 15536K, committed 15872K, reserved 1062912K
  class space    used 1792K, capacity 1944K, committed 2048K, reserved 1048576K
}
Event: 3,153 GC heap before
{Heap before GC invocations=7 (full 0):
 PSYoungGen      total 135168K, used 111778K [0x00000000d7100000, 0x00000000e0100000, 0x0000000100000000)
  eden space 125952K, 81% used [0x00000000d7100000,0x00000000dd597930,0x00000000dec00000)
  from space 9216K, 95% used [0x00000000df600000,0x00000000dfe91060,0x00000000dff00000)
  to   space 10240K, 0% used [0x00000000dec00000,0x00000000dec00000,0x00000000df600000)
 ParOldGen       total 84992K, used 8301K [0x0000000085200000, 0x000000008a500000, 0x00000000d7100000)
  object space 84992K, 9% used [0x0000000085200000,0x0000000085a1b6d8,0x000000008a500000)
 Metaspace       used 20618K, capacity 21192K, committed 21296K, reserved 1069056K
  class space    used 2438K, capacity 2640K, committed 2688K, reserved 1048576K

Deoptimization events (10 events):
Event: 3,041 Thread 0x00007fd45000a000 Uncommon trap: reason=bimorphic action=maybe_recompile pc=0x00007fd440da2160 method=java.lang.ClassLoader.loadClass(Ljava/lang/String;Z)Ljava/lang/Class; @ 38
Event: 3,041 Thread 0x00007fd45000a000 Uncommon trap: reason=bimorphic action=maybe_recompile pc=0x00007fd440da2160 method=java.lang.ClassLoader.loadClass(Ljava/lang/String;Z)Ljava/lang/Class; @ 38
Event: 3,041 Thread 0x00007fd45000a000 Uncommon trap: reason=bimorphic action=maybe_recompile pc=0x00007fd440da2160 method=java.lang.ClassLoader.loadClass(Ljava/lang/String;Z)Ljava/lang/Class; @ 38
Event: 3,042 Thread 0x00007fd45000a000 Uncommon trap: reason=class_check action=maybe_recompile pc=0x00007fd440550070 method=sun.misc.URLClassPath.getLoader(I)Lsun/misc/URLClassPath$Loader; @ 239
Event: 3,042 Thread 0x00007fd45000a000 Uncommon trap: reason=class_check action=maybe_recompile pc=0x00007fd4406a6bec method=sun.misc.URLClassPath.getResource(Ljava/lang/String;Z)Lsun/misc/Resource; @ 62
Event: 3,043 Thread 0x00007fd45000a000 Uncommon trap: reason=class_check action=maybe_recompile pc=0x00007fd440550070 method=sun.misc.URLClassPath.getLoader(I)Lsun/misc/URLClassPath$Loader; @ 239
Event: 3,043 Thread 0x00007fd45000a000 Uncommon trap: reason=class_check action=maybe_recompile pc=0x00007fd4406a6bec method=sun.misc.URLClassPath.getResource(Ljava/lang/String;Z)Lsun/misc/Resource; @ 62
Event: 3,044 Thread 0x00007fd45000a000 Uncommon trap: reason=class_check action=maybe_recompile pc=0x00007fd4405472cc method=sun.misc.URLClassPath.getLoader(I)Lsun/misc/URLClassPath$Loader; @ 239
Event: 3,044 Thread 0x00007fd45000a000 Uncommon trap: reason=class_check action=maybe_recompile pc=0x00007fd4406a6bec method=sun.misc.URLClassPath.getResource(Ljava/lang/String;Z)Lsun/misc/Resource; @ 62
Event: 3,057 Thread 0x00007fd45000a000 Uncommon trap: reason=unstable_if action=reinterpret pc=0x00007fd440d5e6d8 method=java.util.concurrent.ConcurrentHashMap.putVal(Ljava/lang/Object;Ljava/lang/Object;Z)Ljava/lang/Object; @ 181

Internal exceptions (10 events):
Event: 1,273 Thread 0x00007fd45000a000 Implicit null exception at 0x00007fd44096c304 to 0x00007fd44096c619
Event: 1,783 Thread 0x00007fd45000a000 Implicit null exception at 0x00007fd440709e58 to 0x00007fd440709ee6
Event: 1,898 Thread 0x00007fd45000a000 Exception <a 'java/lang/NoClassDefFoundError': org/slf4j/Logger> (0x00000000d857eb00) thrown at [/HUDSON/workspace/8-2-build-linux-amd64/jdk8u151/9699/hotspot/src/share/vm/oops/constantPool.cpp, line 235]
Event: 2,059 Thread 0x00007fd45000a000 Exception <a 'java/lang/NoClassDefFoundError': org/slf4j/Logger> (0x00000000d9702270) thrown at [/HUDSON/workspace/8-2-build-linux-amd64/jdk8u151/9699/hotspot/src/share/vm/oops/constantPool.cpp, line 235]
Event: 2,269 Thread 0x00007fd45000a000 Exception <a 'java/lang/NoClassDefFoundError': org/slf4j/Logger> (0x00000000d73271d8) thrown at [/HUDSON/workspace/8-2-build-linux-amd64/jdk8u151/9699/hotspot/src/share/vm/oops/constantPool.cpp, line 235]
Event: 2,329 Thread 0x00007fd45000a000 Exception <a 'java/lang/ClassNotFoundException': com/sun/tools/javac/api/JavacTool> (0x00000000d76c6290) thrown at [/HUDSON/workspace/8-2-build-linux-amd64/jdk8u151/9699/hotspot/src/share/vm/classfile/systemDictionary.cpp, line 210]
Event: 2,800 Thread 0x00007fd45000a000 Exception <a 'java/io/FileNotFoundException'> (0x00000000da982df0) thrown at [/HUDSON/workspace/8-2-build-linux-amd64/jdk8u151/9699/hotspot/src/share/vm/prims/jni.cpp, line 709]
Event: 2,804 Thread 0x00007fd45000a000 Exception <a 'java/io/FileNotFoundException'> (0x00000000da9b92d8) thrown at [/HUDSON/workspace/8-2-build-linux-amd64/jdk8u151/9699/hotspot/src/share/vm/prims/jni.cpp, line 709]
Event: 3,050 Thread 0x00007fd45000a000 Exception <a 'java/io/FileNotFoundException'> (0x00000000dc34d110) thrown at [/HUDSON/workspace/8-2-build-linux-amd64/jdk8u151/9699/hotspot/src/share/vm/prims/jni.cpp, line 709]
Event: 3,129 Thread 0x00007fd45000a000 Exception <a 'java/io/FileNotFoundException'> (0x00000000dce959c8) thrown at [/HUDSON/workspace/8-2-build-linux-amd64/jdk8u151/9699/hotspot/src/share/vm/prims/jni.cpp, line 709]

Events (10 events):
Event: 3,057 loading class com/sun/tools/javac/code/Source$1 done
Event: 3,058 loading class javax/annotation/processing/SupportedAnnotationTypes
Event: 3,058 loading class javax/annotation/processing/SupportedAnnotationTypes done
Event: 3,068 Executing VM operation: ForceSafepoint
Event: 3,068 Executing VM operation: ForceSafepoint done
Event: 3,071 loading class com/sun/tools/javac/file/CacheFSInfo$Entry
Event: 3,071 loading class com/sun/tools/javac/file/CacheFSInfo$Entry done
Event: 3,127 loading class org/springframework/boot/configurationprocessor/metadata/ConfigurationMetadata
Event: 3,127 loading class org/springframework/boot/configurationprocessor/metadata/ConfigurationMetadata done
Event: 3,153 Executing VM operation: CollectForMetadataAllocation


Dynamic libraries:
00400000-00401000 r-xp 00000000 08:07 265628                             /usr/lib/jvm/java-8-oracle/bin/java
00600000-00601000 rw-p 00000000 08:07 265628                             /usr/lib/jvm/java-8-oracle/bin/java
00778000-00799000 rw-p 00000000 00:00 0                                  [heap]
85200000-8a500000 rw-p 00000000 00:00 0 
8a500000-d7100000 ---p 00000000 00:00 0 
d7100000-e0100000 rw-p 00000000 00:00 0 
e8b00000-100000000 ---p 00000000 00:00 0 
100000000-1002a0000 rw-p 00000000 00:00 0 
1002a0000-140000000 ---p 00000000 00:00 0 
7fd3d8000000-7fd3d8021000 rw-p 00000000 00:00 0 
7fd3d8021000-7fd3dc000000 ---p 00000000 00:00 0 
7fd3e0000000-7fd3e0021000 rw-p 00000000 00:00 0 
7fd3e0021000-7fd3e4000000 ---p 00000000 00:00 0 
7fd3e4000000-7fd3e4021000 rw-p 00000000 00:00 0 
7fd3e4021000-7fd3e8000000 ---p 00000000 00:00 0 
7fd3e8000000-7fd3e982c000 rw-p 00000000 00:00 0 
7fd3e982c000-7fd3ec000000 ---p 00000000 00:00 0 
7fd3ec000000-7fd3ed508000 rw-p 00000000 00:00 0 
7fd3ed508000-7fd3f0000000 ---p 00000000 00:00 0 
7fd3f0000000-7fd3f10a8000 rw-p 00000000 00:00 0 
7fd3f10a8000-7fd3f4000000 ---p 00000000 00:00 0 
7fd3f4000000-7fd3f5a08000 rw-p 00000000 00:00 0 
7fd3f5a08000-7fd3f8000000 ---p 00000000 00:00 0 
7fd3f8000000-7fd3f8021000 rw-p 00000000 00:00 0 
7fd3f8021000-7fd3fc000000 ---p 00000000 00:00 0 
7fd3fc000000-7fd3fc021000 rw-p 00000000 00:00 0 
7fd3fc021000-7fd400000000 ---p 00000000 00:00 0 
7fd400000000-7fd40028e000 rw-p 00000000 00:00 0 
7fd40028e000-7fd404000000 ---p 00000000 00:00 0 
7fd404000000-7fd404021000 rw-p 00000000 00:00 0 
7fd404021000-7fd408000000 ---p 00000000 00:00 0 
7fd408000000-7fd408021000 rw-p 00000000 00:00 0 
7fd408021000-7fd40c000000 ---p 00000000 00:00 0 
7fd40c000000-7fd40c021000 rw-p 00000000 00:00 0 
7fd40c021000-7fd410000000 ---p 00000000 00:00 0 
7fd410000000-7fd410021000 rw-p 00000000 00:00 0 
7fd410021000-7fd414000000 ---p 00000000 00:00 0 
7fd418000000-7fd418021000 rw-p 00000000 00:00 0 
7fd418021000-7fd41c000000 ---p 00000000 00:00 0 
7fd420000000-7fd420021000 rw-p 00000000 00:00 0 
7fd420021000-7fd424000000 ---p 00000000 00:00 0 
7fd427749000-7fd42774d000 r--s 0004b000 08:07 3540354                    /home/irina/.m2/repository/com/fasterxml/jackson/core/jackson-core/2.9.4/jackson-core-2.9.4.jar
7fd42774d000-7fd427750000 r--s 0000e000 08:07 3540349                    /home/irina/.m2/repository/com/fasterxml/jackson/core/jackson-annotations/2.9.0/jackson-annotations-2.9.0.jar
7fd427750000-7fd427763000 r--s 00136000 08:07 3540350                    /home/irina/.m2/repository/com/fasterxml/jackson/core/jackson-databind/2.9.4/jackson-databind-2.9.4.jar
7fd427763000-7fd427766000 r--s 00019000 08:07 3285583                    /home/irina/.m2/repository/io/jsonwebtoken/jjwt/0.9.0/jjwt-0.9.0.jar
7fd427766000-7fd427774000 r--s 0006b000 08:07 3285764                    /home/irina/.m2/repository/org/springframework/security/spring-security-web/5.0.3.RELEASE/spring-security-web-5.0.3.RELEASE.jar
7fd427774000-7fd427781000 r--s 0005b000 08:07 3285765                    /home/irina/.m2/repository/org/springframework/security/spring-security-core/5.0.3.RELEASE/spring-security-core-5.0.3.RELEASE.jar
7fd427781000-7fd42778c000 r--s 0009e000 08:07 3285766                    /home/irina/.m2/repository/org/springframework/security/spring-security-config/5.0.3.RELEASE/spring-security-config-5.0.3.RELEASE.jar
7fd42778c000-7fd427795000 r--s 0004f000 08:07 3540325                    /home/irina/.m2/repository/org/springframework/spring-aop/5.0.4.RELEASE/spring-aop-5.0.4.RELEASE.jar
7fd427795000-7fd427796000 r--s 00000000 08:07 3156652                    /home/irina/.m2/repository/org/springframework/boot/spring-boot-starter-security/2.0.0.RELEASE/spring-boot-starter-security-2.0.0.RELEASE.jar
7fd427831000-7fd42785d000 rw-p 00000000 00:00 0 
7fd42785d000-7fd427a31000 ---p 00000000 00:00 0 
7fd427a31000-7fd427a33000 r--s 00014000 08:07 3671045                    /home/irina/.m2/repository/org/springframework/boot/spring-boot-configuration-processor/2.0.0.RELEASE/spring-boot-configuration-processor-2.0.0.RELEASE.jar
7fd427a33000-7fd427a35000 r--s 0000e000 08:07 3284319                    /home/irina/.m2/repository/com/fasterxml/classmate/1.3.4/classmate-1.3.4.jar
7fd427a35000-7fd427a37000 r--s 0000f000 08:07 3540370                    /home/irina/.m2/repository/org/jboss/logging/jboss-logging/3.3.2.Final/jboss-logging-3.3.2.Final.jar
7fd427a37000-7fd427a3c000 r--s 00012000 08:07 3540369                    /home/irina/.m2/repository/javax/validation/validation-api/2.0.1.Final/validation-api-2.0.1.Final.jar
7fd427a3c000-7fd427a4e000 r--s 000a9000 08:07 3284590                    /home/irina/.m2/repository/org/hibernate/hibernate-validator/5.4.1.Final/hibernate-validator-5.4.1.Final.jar
7fd427a4e000-7fd427a53000 r--s 0003a000 08:07 3540364                    /home/irina/.m2/repository/org/apache/tomcat/embed/tomcat-embed-websocket/8.5.28/tomcat-embed-websocket-8.5.28.jar
7fd427a53000-7fd427a57000 r--s 00037000 08:07 3540363                    /home/irina/.m2/repository/org/apache/tomcat/embed/tomcat-embed-el/8.5.28/tomcat-embed-el-8.5.28.jar
7fd427a57000-7fd427a81000 r--s 002ce000 08:07 3540362                    /home/irina/.m2/repository/org/apache/tomcat/embed/tomcat-embed-core/8.5.28/tomcat-embed-core-8.5.28.jar
7fd427a81000-7fd427a83000 r--s 00005000 08:07 3540345                    /home/irina/.m2/repository/javax/annotation/javax.annotation-api/1.3.2/javax.annotation-api-1.3.2.jar
7fd427a83000-7fd427a84000 r--s 00000000 08:07 3413950                    /home/irina/.m2/repository/org/springframework/boot/spring-boot-starter-tomcat/2.0.0.RELEASE/spring-boot-starter-tomcat-2.0.0.RELEASE.jar
7fd427a84000-7fd427a89000 r--s 0003c000 08:07 3540330                    /home/irina/.m2/repository/org/springframework/spring-expression/5.0.4.RELEASE/spring-expression-5.0.4.RELEASE.jar
7fd427a89000-7fd427a98000 r--s 000b0000 08:07 3413952                    /home/irina/.m2/repository/org/springframework/spring-webmvc/5.0.4.RELEASE/spring-webmvc-5.0.4.RELEASE.jar
7fd427a98000-7fd427ab2000 r--s 00116000 08:07 3540326                    /home/irina/.m2/repository/org/springframework/spring-web/5.0.4.RELEASE/spring-web-5.0.4.RELEASE.jar
7fd427ab2000-7fd427ace000 r--s 000f5000 08:07 3540365                    /home/irina/.m2/repository/org/hibernate/validator/hibernate-validator/6.0.7.Final/hibernate-validator-6.0.7.Final.jar
7fd427ace000-7fd427ad0000 r--s 00001000 08:07 3540357                    /home/irina/.m2/repository/com/fasterxml/jackson/module/jackson-module-parameter-names/2.9.4/jackson-module-parameter-names-2.9.4.jar
7fd427ad0000-7fd427ad2000 r--s 00016000 08:07 3540356                    /home/irina/.m2/repository/com/fasterxml/jackson/datatype/jackson-datatype-jsr310/2.9.4/jackson-datatype-jsr310-2.9.4.jar
7fd427ad2000-7fd427ad4000 r--s 00007000 08:07 3540355                    /home/irina/.m2/repository/com/fasterxml/jackson/datatype/jackson-datatype-jdk8/2.9.4/jackson-datatype-jdk8-2.9.4.jar
7fd427ad4000-7fd427ad5000 r--s 00000000 08:07 3540323                    /home/irina/.m2/repository/org/springframework/boot/spring-boot-starter-json/2.0.0.RELEASE/spring-boot-starter-json-2.0.0.RELEASE.jar
7fd427ad5000-7fd427ad6000 r--s 00000000 08:07 3413946                    /home/irina/.m2/repository/org/springframework/boot/spring-boot-starter-web/2.0.0.RELEASE/spring-boot-starter-web-2.0.0.RELEASE.jar
7fd427ad6000-7fd427ad9000 r--s 00008000 08:07 3670536                    /home/irina/.m2/repository/org/springframework/spring-aspects/5.0.4.RELEASE/spring-aspects-5.0.4.RELEASE.jar
7fd427ad9000-7fd427adb000 r--s 00009000 08:07 3284321                    /home/irina/.m2/repository/org/slf4j/slf4j-api/1.7.25/slf4j-api-1.7.25.jar
7fd427adb000-7fd427ae7000 r--s 00094000 08:07 3540327                    /home/irina/.m2/repository/org/springframework/spring-beans/5.0.4.RELEASE/spring-beans-5.0.4.RELEASE.jar
7fd427ae7000-7fd427aee000 r--s 00036000 08:07 3670534                    /home/irina/.m2/repository/org/springframework/spring-tx/5.0.4.RELEASE/spring-tx-5.0.4.RELEASE.jar
7fd427aee000-7fd427b08000 r--s 000ee000 08:07 3540328                    /home/irina/.m2/repository/org/springframework/spring-context/5.0.4.RELEASE/spring-context-5.0.4.RELEASE.jar
7fd427b08000-7fd427b0c000 r--s 0002a000 08:07 3670533                    /home/irina/.m2/repository/org/springframework/spring-orm/5.0.4.RELEASE/spring-orm-5.0.4.RELEASE.jar
7fd427b0c000-7fd427b23000 r--s 000ed000 08:07 3155411                    /home/irina/.m2/repository/org/springframework/data/spring-data-commons/2.0.5.RELEASE/spring-data-commons-2.0.5.RELEASE.jar
7fd427b23000-7fd427b2a000 r--s 00049000 08:07 3155410                    /home/irina/.m2/repository/org/springframework/data/spring-data-jpa/2.0.5.RELEASE/spring-data-jpa-2.0.5.RELEASE.jar
7fd427b2a000-7fd427b2d000 r--s 00010000 08:07 3284572                    /home/irina/.m2/repository/org/hibernate/common/hibernate-commons-annotations/5.0.1.Final/hibernate-commons-annotations-5.0.1.Final.jar
7fd427b2d000-7fd427b32000 r--s 00048000 08:07 3155418                    /home/irina/.m2/repository/dom4j/dom4j/1.6.1/dom4j-1.6.1.jar
7fd427b32000-7fd427b35000 r--s 0002b000 08:07 3284570                    /home/irina/.m2/repository/org/jboss/jandex/2.0.3.Final/jandex-2.0.3.Final.jar
7fd427b35000-7fd427b3a000 r--s 00068000 08:07 3155416                    /home/irina/.m2/repository/antlr/antlr/2.7.7/antlr-2.7.7.jar
7fd427b3a000-7fd427b44000 r--s 000ab000 08:07 3670546                    /home/irina/.m2/repository/org/javassist/javassist/3.22.0-GA/javassist-3.22.0-GA.jar
7fd427b44000-7fd427b49000 r--s 00017000 08:07 3284568                    /home/irina/.m2/repository/org/hibernate/javax/persistence/hibernate-jpa-2.1-api/1.0.0.Final/hibernate-jpa-2.1-api-1.0.0.Final.jar
7fd427b49000-7fd427bc7000 r--s 005ec000 08:07 3284567                    /home/irina/.m2/repository/org/hibernate/hibernate-core/5.2.14.Final/hibernate-core-5.2.14.Final.jar
7fd427bc7000-7fd427bd0000 r--s 00057000 08:07 3670532                    /home/irina/.m2/repository/org/springframework/spring-jdbc/5.0.4.RELEASE/spring-jdbc-5.0.4.RELEASE.jar
7fd427bd0000-7fd427be9000 r--s 001bf000 08:07 3670547                    /home/irina/.m2/repository/org/aspectj/aspectjweaver/1.8.13/aspectjweaver-1.8.13.jar
7fd427be9000-7fd427c00000 r--s 00112000 08:07 3413954                    /home/irina/.m2/repository/org/springframework/spring-core/5.0.4.RELEASE/spring-core-5.0.4.RELEASE.jar
7fd427c00000-7fd427e00000 rw-p 00000000 00:00 0 
7fd427e00000-7fd428000000 rw-p 00000000 00:00 0 
7fd428000000-7fd428021000 rw-p 00000000 00:00 0 
7fd428021000-7fd42c000000 ---p 00000000 00:00 0 
7fd42c000000-7fd42c002000 r--s 00006000 08:07 3284574                    /home/irina/.m2/repository/javax/transaction/javax.transaction-api/1.2/javax.transaction-api-1.2.jar
7fd42c002000-7fd42c005000 r--s 00020000 08:07 3414113                    /home/irina/.m2/repository/com/zaxxer/HikariCP/2.7.8/HikariCP-2.7.8.jar
7fd42c005000-7fd42c006000 r--s 00000000 08:07 3670528                    /home/irina/.m2/repository/org/springframework/boot/spring-boot-starter-jdbc/2.0.0.RELEASE/spring-boot-starter-jdbc-2.0.0.RELEASE.jar
7fd42c006000-7fd42c007000 r--s 00000000 08:07 3670526                    /home/irina/.m2/repository/org/springframework/boot/spring-boot-starter-aop/2.0.0.RELEASE/spring-boot-starter-aop-2.0.0.RELEASE.jar
7fd42c007000-7fd42c008000 r--s 00003000 08:07 3540342                    /home/irina/.m2/repository/org/springframework/spring-jcl/5.0.4.RELEASE/spring-jcl-5.0.4.RELEASE.jar
7fd42c008000-7fd42c00a000 r--s 00000000 08:07 3277062                    /home/irina/.m2/repository/org/slf4j/jul-to-slf4j/1.7.25/jul-to-slf4j-1.7.25.jar
7fd42c00a000-7fd42c010000 r--s 00039000 08:07 3540346                    /home/irina/.m2/repository/org/apache/logging/log4j/log4j-api/2.10.0/log4j-api-2.10.0.jar
7fd42c010000-7fd42c012000 r--s 00003000 08:07 3155234                    /home/irina/.m2/repository/org/apache/logging/log4j/log4j-to-slf4j/2.10.0/log4j-to-slf4j-2.10.0.jar
7fd42c012000-7fd42c01d000 r--s 00069000 08:07 3284394                    /home/irina/.m2/repository/ch/qos/logback/logback-core/1.2.3/logback-core-1.2.3.jar
7fd42c01d000-7fd42c023000 r--s 00041000 08:07 3155233                    /home/irina/.m2/repository/ch/qos/logback/logback-classic/1.2.3/logback-classic-1.2.3.jar
7fd42c023000-7fd42c043000 r--s 000f8000 08:07 3540320                    /home/irina/.m2/repository/org/springframework/boot/spring-boot-autoconfigure/2.0.0.RELEASE/spring-boot-autoconfigure-2.0.0.RELEASE.jar
7fd42c043000-7fd42c058000 r--s 000cd000 08:07 3413944                    /home/irina/.m2/repository/org/springframework/boot/spring-boot/2.0.0.RELEASE/spring-boot-2.0.0.RELEASE.jar
7fd42c058000-7fd42c258000 rw-p 00000000 00:00 0 
7fd42c258000-7fd42c2d2000 r--s 010f7000 08:07 266953                     /usr/lib/jvm/java-8-oracle/lib/tools.jar
7fd42c2d2000-7fd42c2e3000 r-xp 00000000 08:07 275073                     /usr/lib/jvm/java-8-oracle/jre/lib/amd64/libnio.so
7fd42c2e3000-7fd42c4e2000 ---p 00011000 08:07 275073                     /usr/lib/jvm/java-8-oracle/jre/lib/amd64/libnio.so
7fd42c4e2000-7fd42c4e3000 rw-p 00010000 08:07 275073                     /usr/lib/jvm/java-8-oracle/jre/lib/amd64/libnio.so
7fd42c4e3000-7fd42f4e4000 rw-p 00000000 00:00 0 
7fd42f4e4000-7fd42f4fb000 r-xp 00000000 08:07 275070                     /usr/lib/jvm/java-8-oracle/jre/lib/amd64/libnet.so
7fd42f4fb000-7fd42f6fa000 ---p 00017000 08:07 275070                     /usr/lib/jvm/java-8-oracle/jre/lib/amd64/libnet.so
7fd42f6fa000-7fd42f6fb000 rw-p 00016000 08:07 275070                     /usr/lib/jvm/java-8-oracle/jre/lib/amd64/libnet.so
7fd42f6fb000-7fd42f8fb000 rw-p 00000000 00:00 0 
7fd42f8fb000-7fd42fafb000 rw-p 00000000 00:00 0 
7fd42fafb000-7fd42fafc000 ---p 00000000 00:00 0 
7fd42fafc000-7fd42fbfc000 rw-p 00000000 00:00 0 
7fd42fbfc000-7fd42fbff000 ---p 00000000 00:00 0 
7fd42fbff000-7fd42fcfd000 rw-p 00000000 00:00 0 
7fd42fcfd000-7fd42fd00000 ---p 00000000 00:00 0 
7fd42fd00000-7fd42fdfe000 rw-p 00000000 00:00 0 
7fd42fdfe000-7fd42fe01000 ---p 00000000 00:00 0 
7fd42fe01000-7fd42feff000 rw-p 00000000 00:00 0 
7fd42feff000-7fd42ff02000 ---p 00000000 00:00 0 
7fd42ff02000-7fd430000000 rw-p 00000000 00:00 0 
7fd430000000-7fd430021000 rw-p 00000000 00:00 0 
7fd430021000-7fd434000000 ---p 00000000 00:00 0 
7fd434000000-7fd434001000 r--s 00000000 08:07 3540319                    /home/irina/.m2/repository/org/springframework/boot/spring-boot-starter-logging/2.0.0.RELEASE/spring-boot-starter-logging-2.0.0.RELEASE.jar
7fd434001000-7fd434002000 r--s 00000000 08:07 3413945                    /home/irina/.m2/repository/org/springframework/boot/spring-boot-starter/2.0.0.RELEASE/spring-boot-starter-2.0.0.RELEASE.jar
7fd434002000-7fd434003000 r--s 00000000 08:07 3670527                    /home/irina/.m2/repository/org/springframework/boot/spring-boot-starter-data-jpa/2.0.0.RELEASE/spring-boot-starter-data-jpa-2.0.0.RELEASE.jar
7fd434003000-7fd434004000 r--s 00004000 08:07 3414016                    /home/irina/.m2/repository/org/codehaus/plexus/plexus-compiler-javac/2.8.2/plexus-compiler-javac-2.8.2.jar
7fd434004000-7fd434006000 r--s 00000000 08:07 3414013                    /home/irina/.m2/repository/org/codehaus/plexus/plexus-compiler-manager/2.8.2/plexus-compiler-manager-2.8.2.jar
7fd434006000-7fd434008000 r--s 00005000 08:07 3541395                    /home/irina/.m2/repository/org/codehaus/plexus/plexus-compiler-api/2.8.2/plexus-compiler-api-2.8.2.jar
7fd434008000-7fd43400e000 r--s 00047000 08:07 3414012                    /home/irina/.m2/repository/com/thoughtworks/qdox/qdox/2.0-M7/qdox-2.0-M7.jar
7fd43400e000-7fd43400f000 r--s 0000d000 08:07 3541394                    /home/irina/.m2/repository/org/ow2/asm/asm/6.0_BETA/asm-6.0_BETA.jar
7fd43400f000-7fd434011000 r--s 00006000 08:07 3284474                    /home/irina/.m2/repository/org/codehaus/plexus/plexus-java/0.9.2/plexus-java-0.9.2.jar
7fd434011000-7fd434013000 r--s 00002000 08:07 3539326                    /home/irina/.m2/repository/org/apache/maven/shared/maven-shared-incremental/1.1/maven-shared-incremental-1.1.jar
7fd434013000-7fd434017000 r--s 0002f000 08:07 3541392                    /home/irina/.m2/repository/commons-io/commons-io/2.5/commons-io-2.5.jar
7fd434017000-7fd43401a000 r--s 00025000 08:07 3414010                    /home/irina/.m2/repository/org/apache/maven/shared/maven-shared-utils/3.1.0/maven-shared-utils-3.1.0.jar
7fd43401a000-7fd43401c000 r--s 0000d000 08:07 3284473                    /home/irina/.m2/repository/org/codehaus/plexus/plexus-interpolation/1.14/plexus-interpolation-1.14.jar
7fd43401c000-7fd43401e000 r--s 0000d000 08:07 3155241                    /home/irina/.m2/repository/org/apache/maven/plugins/maven-compiler-plugin/3.7.0/maven-compiler-plugin-3.7.0.jar
7fd43401e000-7fd434021000 r--s 00010000 08:07 3284465                    /home/irina/.m2/repository/org/codehaus/plexus/plexus-interpolation/1.22/plexus-interpolation-1.22.jar
7fd434021000-7fd434023000 r--s 00001000 08:07 3278262                    /home/irina/.m2/repository/org/sonatype/plexus/plexus-build-api/0.0.7/plexus-build-api-0.0.7.jar
7fd434023000-7fd434025000 r--s 0000b000 08:07 3284462                    /home/irina/.m2/repository/org/apache/maven/shared/maven-filtering/3.1.1/maven-filtering-3.1.1.jar
7fd434025000-7fd434029000 r--s 00039000 08:07 3541357                    /home/irina/.m2/repository/org/codehaus/plexus/plexus-utils/3.0.24/plexus-utils-3.0.24.jar
7fd434029000-7fd43402b000 r--s 00002000 08:07 3278244                    /home/irina/.m2/repository/org/sonatype/plexus/plexus-cipher/1.4/plexus-cipher-1.4.jar
7fd43402b000-7fd43402c000 r--s 00006000 08:07 3278240                    /home/irina/.m2/repository/org/sonatype/plexus/plexus-sec-dispatcher/1.3/plexus-sec-dispatcher-1.3.jar
7fd43402c000-7fd43402e000 r--s 00000000 08:07 3284461                    /home/irina/.m2/repository/org/codehaus/plexus/plexus-component-annotations/1.6/plexus-component-annotations-1.6.jar
7fd43402e000-7fd434032000 r--s 00017000 08:07 3284460                    /home/irina/.m2/repository/org/sonatype/aether/aether-util/1.7/aether-util-1.7.jar
7fd434032000-7fd434033000 r--s 00007000 08:07 3284397                    /home/irina/.m2/repository/org/apache/maven/plugins/maven-resources-plugin/3.0.1/maven-resources-plugin-3.0.1.jar
7fd434033000-7fd434035000 r--s 00006000 08:07 3278211                    /home/irina/.m2/repository/com/google/code/findbugs/jsr305/2.0.1/jsr305-2.0.1.jar
7fd434035000-7fd434039000 r--s 0002a000 08:07 3277093                    /home/irina/.m2/repository/commons-io/commons-io/2.4/commons-io-2.4.jar
7fd434039000-7fd43403c000 r--s 00023000 08:07 3413976                    /home/irina/.m2/repository/org/apache/maven/shared/maven-shared-utils/3.0.0/maven-shared-utils-3.0.0.jar
7fd43403c000-7fd434047000 r--s 00069000 08:07 3278268                    /home/irina/.m2/repository/org/sonatype/sisu/sisu-guice/2.1.7/sisu-guice-2.1.7-noaop.jar
7fd434047000-7fd43404c000 r--s 00021000 08:07 3278266                    /home/irina/.m2/repository/org/sonatype/sisu/sisu-inject-bean/1.4.2/sisu-inject-bean-1.4.2.jar
7fd43404c000-7fd43404e000 r--s 00000000 08:07 3278239                    /home/irina/.m2/repository/org/codehaus/plexus/plexus-component-annotations/1.5.5/plexus-component-annotations-1.5.5.jar
7fd43404e000-7fd434052000 r--s 00033000 08:07 3541391                    /home/irina/.m2/repository/org/codehaus/plexus/plexus-utils/2.0.4/plexus-utils-2.0.4.jar
7fd434052000-7fd434054000 r--s 00006000 08:07 3155247                    /home/irina/.m2/repository/org/apache/maven/plugins/maven-clean-plugin/3.0.0/maven-clean-plugin-3.0.0.jar
7fd434054000-7fd434057000 ---p 00000000 00:00 0 
7fd434057000-7fd43408d000 rw-p 00000000 00:00 0 
7fd43408d000-7fd43408e000 r--p 00000000 00:00 0 
7fd43408e000-7fd434091000 ---p 00000000 00:00 0 
7fd434091000-7fd43418f000 rw-p 00000000 00:00 0 
7fd43418f000-7fd434192000 ---p 00000000 00:00 0 
7fd434192000-7fd438000000 rw-p 00000000 00:00 0 
7fd438000000-7fd438021000 rw-p 00000000 00:00 0 
7fd438021000-7fd43c000000 ---p 00000000 00:00 0 
7fd43c000000-7fd43c005000 r--s 0009a000 08:07 274913                     /usr/lib/jvm/java-8-oracle/jre/lib/jsse.jar
7fd43c005000-7fd43c007000 r--s 0000d000 08:07 803091                     /usr/local/netbeans-8.2/java/maven-nblib/netbeans-eventspy.jar
7fd43c007000-7fd43c008000 r--s 00002000 08:07 803111                     /usr/local/netbeans-8.2/java/maven/lib/wagon-file-2.10.jar
7fd43c008000-7fd43c00c000 r--s 00033000 08:07 803094                     /usr/local/netbeans-8.2/java/maven/lib/plexus-utils-2.0.6.jar
7fd43c00c000-7fd43c00f000 r--s 0001d000 08:07 803095                     /usr/local/netbeans-8.2/java/maven/lib/aether-impl-1.13.1.jar
7fd43c00f000-7fd43c010000 r--s 00006000 08:07 803022                     /usr/local/netbeans-8.2/java/maven/lib/plexus-sec-dispatcher-1.3.jar
7fd43c010000-7fd43c02f000 r--s 00154000 08:07 803109                     /usr/local/netbeans-8.2/java/maven/lib/sisu-guava-0.9.9.jar
7fd43c02f000-7fd43c030000 r--s 00002000 08:07 803069                     /usr/local/netbeans-8.2/java/maven/lib/wagon-http-shared-2.10.jar
7fd43c030000-7fd43c032000 r--s 0000b000 08:07 803054                     /usr/local/netbeans-8.2/java/maven/lib/wagon-provider-api-2.10.jar
7fd43c032000-7fd43c034000 r--s 00002000 08:07 803101                     /usr/local/netbeans-8.2/java/maven/lib/plexus-cipher-1.7.jar
7fd43c034000-7fd43c037000 r--s 00008000 08:07 802968                     /usr/local/netbeans-8.2/java/maven/lib/maven-settings-builder-3.0.5.jar
7fd43c037000-7fd43c043000 r--s 0007d000 08:07 803108                     /usr/local/netbeans-8.2/java/maven/lib/maven-core-3.0.5.jar
7fd43c043000-7fd43c04a000 r--s 0002b000 08:07 803042                     /usr/local/netbeans-8.2/java/maven/lib/sisu-inject-plexus-2.3.0.jar
7fd43c04a000-7fd43c079000 r--s 001c8000 08:07 803066                     /usr/local/netbeans-8.2/java/maven/lib/wagon-http-2.10-shaded.jar
7fd43c079000-7fd43c4cf000 r--p 00000000 08:07 263637                     /usr/lib/locale/locale-archive
7fd43c4cf000-7fd43c4d2000 ---p 00000000 00:00 0 
7fd43c4d2000-7fd43c5d0000 rw-p 00000000 00:00 0 
7fd43c5d0000-7fd43c5d3000 ---p 00000000 00:00 0 
7fd43c5d3000-7fd43c6d1000 rw-p 00000000 00:00 0 
7fd43c6d1000-7fd43c6d2000 ---p 00000000 00:00 0 
7fd43c6d2000-7fd43e423000 rw-p 00000000 00:00 0 
7fd43e423000-7fd43e5fc000 r--s 03d5a000 08:07 274856                     /usr/lib/jvm/java-8-oracle/jre/lib/rt.jar
7fd43e5fc000-7fd43f249000 rw-p 00000000 00:00 0 
7fd43f249000-7fd43f24a000 ---p 00000000 00:00 0 
7fd43f24a000-7fd43f34a000 rw-p 00000000 00:00 0 
7fd43f34a000-7fd43f34b000 ---p 00000000 00:00 0 
7fd43f34b000-7fd43f44b000 rw-p 00000000 00:00 0 
7fd43f44b000-7fd43f44c000 ---p 00000000 00:00 0 
7fd43f44c000-7fd43f54c000 rw-p 00000000 00:00 0 
7fd43f54c000-7fd43f54d000 ---p 00000000 00:00 0 
7fd43f54d000-7fd43f64d000 rw-p 00000000 00:00 0 
7fd43f64d000-7fd43f64e000 ---p 00000000 00:00 0 
7fd43f64e000-7fd43f74e000 rw-p 00000000 00:00 0 
7fd43f74e000-7fd43f74f000 ---p 00000000 00:00 0 
7fd43f74f000-7fd43f84f000 rw-p 00000000 00:00 0 
7fd43f84f000-7fd43f850000 ---p 00000000 00:00 0 
7fd43f850000-7fd43f97a000 rw-p 00000000 00:00 0 
7fd43f97a000-7fd43fbe0000 ---p 00000000 00:00 0 
7fd43fbe0000-7fd43fc0a000 rw-p 00000000 00:00 0 
7fd43fc0a000-7fd43fe6f000 ---p 00000000 00:00 0 
7fd43fe6f000-7fd43feb8000 rw-p 00000000 00:00 0 
7fd43feb8000-7fd43ffb7000 ---p 00000000 00:00 0 
7fd43ffb7000-7fd43ffe8000 rw-p 00000000 00:00 0 
7fd43ffe8000-7fd440378000 ---p 00000000 00:00 0 
7fd440378000-7fd440f48000 rwxp 00000000 00:00 0 
7fd440f48000-7fd44f378000 ---p 00000000 00:00 0 
7fd44f378000-7fd44f393000 r-xp 00000000 08:07 275066                     /usr/lib/jvm/java-8-oracle/jre/lib/amd64/libzip.so
7fd44f393000-7fd44f593000 ---p 0001b000 08:07 275066                     /usr/lib/jvm/java-8-oracle/jre/lib/amd64/libzip.so
7fd44f593000-7fd44f594000 rw-p 0001b000 08:07 275066                     /usr/lib/jvm/java-8-oracle/jre/lib/amd64/libzip.so
7fd44f594000-7fd44f59f000 r-xp 00000000 08:07 2753191                    /lib/x86_64-linux-gnu/libnss_files-2.23.so
7fd44f59f000-7fd44f79e000 ---p 0000b000 08:07 2753191                    /lib/x86_64-linux-gnu/libnss_files-2.23.so
7fd44f79e000-7fd44f79f000 r--p 0000a000 08:07 2753191                    /lib/x86_64-linux-gnu/libnss_files-2.23.so
7fd44f79f000-7fd44f7a0000 rw-p 0000b000 08:07 2753191                    /lib/x86_64-linux-gnu/libnss_files-2.23.so
7fd44f7a0000-7fd44f7a6000 rw-p 00000000 00:00 0 
7fd44f7a6000-7fd44f7b1000 r-xp 00000000 08:07 2753195                    /lib/x86_64-linux-gnu/libnss_nis-2.23.so
7fd44f7b1000-7fd44f9b0000 ---p 0000b000 08:07 2753195                    /lib/x86_64-linux-gnu/libnss_nis-2.23.so
7fd44f9b0000-7fd44f9b1000 r--p 0000a000 08:07 2753195                    /lib/x86_64-linux-gnu/libnss_nis-2.23.so
7fd44f9b1000-7fd44f9b2000 rw-p 0000b000 08:07 2753195                    /lib/x86_64-linux-gnu/libnss_nis-2.23.so
7fd44f9b2000-7fd44f9c8000 r-xp 00000000 08:07 2753127                    /lib/x86_64-linux-gnu/libnsl-2.23.so
7fd44f9c8000-7fd44fbc7000 ---p 00016000 08:07 2753127                    /lib/x86_64-linux-gnu/libnsl-2.23.so
7fd44fbc7000-7fd44fbc8000 r--p 00015000 08:07 2753127                    /lib/x86_64-linux-gnu/libnsl-2.23.so
7fd44fbc8000-7fd44fbc9000 rw-p 00016000 08:07 2753127                    /lib/x86_64-linux-gnu/libnsl-2.23.so
7fd44fbc9000-7fd44fbcb000 rw-p 00000000 00:00 0 
7fd44fbcb000-7fd44fbd3000 r-xp 00000000 08:07 2753186                    /lib/x86_64-linux-gnu/libnss_compat-2.23.so
7fd44fbd3000-7fd44fdd2000 ---p 00008000 08:07 2753186                    /lib/x86_64-linux-gnu/libnss_compat-2.23.so
7fd44fdd2000-7fd44fdd3000 r--p 00007000 08:07 2753186                    /lib/x86_64-linux-gnu/libnss_compat-2.23.so
7fd44fdd3000-7fd44fdd4000 rw-p 00008000 08:07 2753186                    /lib/x86_64-linux-gnu/libnss_compat-2.23.so
7fd44fdd4000-7fd44fdff000 r-xp 00000000 08:07 275060                     /usr/lib/jvm/java-8-oracle/jre/lib/amd64/libjava.so
7fd44fdff000-7fd44fffe000 ---p 0002b000 08:07 275060                     /usr/lib/jvm/java-8-oracle/jre/lib/amd64/libjava.so
7fd44fffe000-7fd450000000 rw-p 0002a000 08:07 275060                     /usr/lib/jvm/java-8-oracle/jre/lib/amd64/libjava.so
7fd450000000-7fd451150000 rw-p 00000000 00:00 0 
7fd451150000-7fd454000000 ---p 00000000 00:00 0 
7fd454000000-7fd454002000 r--s 0000b000 08:07 803081                     /usr/local/netbeans-8.2/java/maven/lib/maven-artifact-3.0.5.jar
7fd454002000-7fd454004000 r--s 00000000 08:07 802752                     /usr/local/netbeans-8.2/java/maven/lib/plexus-component-annotations-1.5.5.jar
7fd454004000-7fd454006000 r--s 00006000 08:07 802939                     /usr/local/netbeans-8.2/java/maven/lib/aether-connector-wagon-1.13.1.jar
7fd454006000-7fd454008000 r--s 00026000 08:07 803100                     /usr/local/netbeans-8.2/java/maven/lib/maven-model-3.0.5.jar
7fd454008000-7fd45400a000 r--s 0000c000 08:07 802986                     /usr/local/netbeans-8.2/java/maven/lib/maven-aether-provider-3.0.5.jar
7fd45400a000-7fd45400e000 r--s 00013000 08:07 803102                     /usr/local/netbeans-8.2/java/maven/lib/aether-api-1.13.1.jar
7fd45400e000-7fd454015000 r--s 0003f000 08:07 803068                     /usr/local/netbeans-8.2/java/maven/lib/sisu-inject-bean-2.3.0.jar
7fd454015000-7fd454036000 rw-p 00000000 00:00 0 
7fd454036000-7fd454037000 ---p 00000000 00:00 0 
7fd454037000-7fd454137000 rw-p 00000000 00:00 0 
7fd454137000-7fd454144000 r-xp 00000000 08:07 275065                     /usr/lib/jvm/java-8-oracle/jre/lib/amd64/libverify.so
7fd454144000-7fd454344000 ---p 0000d000 08:07 275065                     /usr/lib/jvm/java-8-oracle/jre/lib/amd64/libverify.so
7fd454344000-7fd454346000 rw-p 0000d000 08:07 275065                     /usr/lib/jvm/java-8-oracle/jre/lib/amd64/libverify.so
7fd454346000-7fd45434d000 r-xp 00000000 08:07 2753196                    /lib/x86_64-linux-gnu/librt-2.23.so
7fd45434d000-7fd45454c000 ---p 00007000 08:07 2753196                    /lib/x86_64-linux-gnu/librt-2.23.so
7fd45454c000-7fd45454d000 r--p 00006000 08:07 2753196                    /lib/x86_64-linux-gnu/librt-2.23.so
7fd45454d000-7fd45454e000 rw-p 00007000 08:07 2753196                    /lib/x86_64-linux-gnu/librt-2.23.so
7fd45454e000-7fd454656000 r-xp 00000000 08:07 2753120                    /lib/x86_64-linux-gnu/libm-2.23.so
7fd454656000-7fd454855000 ---p 00108000 08:07 2753120                    /lib/x86_64-linux-gnu/libm-2.23.so
7fd454855000-7fd454856000 r--p 00107000 08:07 2753120                    /lib/x86_64-linux-gnu/libm-2.23.so
7fd454856000-7fd454857000 rw-p 00108000 08:07 2753120                    /lib/x86_64-linux-gnu/libm-2.23.so
7fd454857000-7fd45552a000 r-xp 00000000 08:07 275043                     /usr/lib/jvm/java-8-oracle/jre/lib/amd64/server/libjvm.so
7fd45552a000-7fd455729000 ---p 00cd3000 08:07 275043                     /usr/lib/jvm/java-8-oracle/jre/lib/amd64/server/libjvm.so
7fd455729000-7fd455803000 rw-p 00cd2000 08:07 275043                     /usr/lib/jvm/java-8-oracle/jre/lib/amd64/server/libjvm.so
7fd455803000-7fd45584e000 rw-p 00000000 00:00 0 
7fd45584e000-7fd455a0e000 r-xp 00000000 08:07 2753165                    /lib/x86_64-linux-gnu/libc-2.23.so
7fd455a0e000-7fd455c0e000 ---p 001c0000 08:07 2753165                    /lib/x86_64-linux-gnu/libc-2.23.so
7fd455c0e000-7fd455c12000 r--p 001c0000 08:07 2753165                    /lib/x86_64-linux-gnu/libc-2.23.so
7fd455c12000-7fd455c14000 rw-p 001c4000 08:07 2753165                    /lib/x86_64-linux-gnu/libc-2.23.so
7fd455c14000-7fd455c18000 rw-p 00000000 00:00 0 
7fd455c18000-7fd455c1b000 r-xp 00000000 08:07 2753180                    /lib/x86_64-linux-gnu/libdl-2.23.so
7fd455c1b000-7fd455e1a000 ---p 00003000 08:07 2753180                    /lib/x86_64-linux-gnu/libdl-2.23.so
7fd455e1a000-7fd455e1b000 r--p 00002000 08:07 2753180                    /lib/x86_64-linux-gnu/libdl-2.23.so
7fd455e1b000-7fd455e1c000 rw-p 00003000 08:07 2753180                    /lib/x86_64-linux-gnu/libdl-2.23.so
7fd455e1c000-7fd455e32000 r-xp 00000000 08:07 274671                     /usr/lib/jvm/java-8-oracle/lib/amd64/jli/libjli.so
7fd455e32000-7fd456031000 ---p 00016000 08:07 274671                     /usr/lib/jvm/java-8-oracle/lib/amd64/jli/libjli.so
7fd456031000-7fd456032000 rw-p 00015000 08:07 274671                     /usr/lib/jvm/java-8-oracle/lib/amd64/jli/libjli.so
7fd456032000-7fd45604a000 r-xp 00000000 08:07 2753129                    /lib/x86_64-linux-gnu/libpthread-2.23.so
7fd45604a000-7fd456249000 ---p 00018000 08:07 2753129                    /lib/x86_64-linux-gnu/libpthread-2.23.so
7fd456249000-7fd45624a000 r--p 00017000 08:07 2753129                    /lib/x86_64-linux-gnu/libpthread-2.23.so
7fd45624a000-7fd45624b000 rw-p 00018000 08:07 2753129                    /lib/x86_64-linux-gnu/libpthread-2.23.so
7fd45624b000-7fd45624f000 rw-p 00000000 00:00 0 
7fd45624f000-7fd456275000 r-xp 00000000 08:07 2753128                    /lib/x86_64-linux-gnu/ld-2.23.so
7fd456275000-7fd456277000 r--s 0000d000 08:07 803023                     /usr/local/netbeans-8.2/java/maven/lib/plexus-interpolation-1.14.jar
7fd456277000-7fd45627b000 r--s 0001c000 08:07 803096                     /usr/local/netbeans-8.2/java/maven/lib/aether-util-1.13.1.jar
7fd45627b000-7fd456281000 r--s 0003f000 08:07 803097                     /usr/local/netbeans-8.2/java/maven/lib/maven-compat-3.0.5.jar
7fd456281000-7fd456283000 r--s 0000b000 08:07 803067                     /usr/local/netbeans-8.2/java/maven/lib/maven-plugin-api-3.0.5.jar
7fd456283000-7fd456285000 r--s 00009000 08:07 803112                     /usr/local/netbeans-8.2/java/maven/lib/commons-cli-1.2.jar
7fd456285000-7fd45628d000 r--s 00050000 08:07 803053                     /usr/local/netbeans-8.2/java/maven/lib/sisu-guice-3.1.0-no_aop.jar
7fd45628d000-7fd456358000 rw-p 00000000 00:00 0 
7fd456358000-7fd45635b000 ---p 00000000 00:00 0 
7fd45635b000-7fd45645d000 rw-p 00000000 00:00 0 
7fd45645d000-7fd45645e000 r--s 00003000 08:07 803103                     /usr/local/netbeans-8.2/java/maven/lib/aether-spi-1.13.1.jar
7fd45645e000-7fd456460000 r--s 00006000 08:07 802873                     /usr/local/netbeans-8.2/java/maven/lib/maven-repository-metadata-3.0.5.jar
7fd456460000-7fd456461000 r--s 0000a000 08:07 803082                     /usr/local/netbeans-8.2/java/maven/lib/maven-embedder-3.0.5.jar
7fd456461000-7fd456463000 r--s 0000a000 08:07 803083                     /usr/local/netbeans-8.2/java/maven/lib/maven-settings-3.0.5.jar
7fd456463000-7fd456467000 r--s 00021000 08:07 803021                     /usr/local/netbeans-8.2/java/maven/lib/maven-model-builder-3.0.5.jar
7fd456467000-7fd456469000 r--s 0000a000 08:07 803056                     /usr/local/netbeans-8.2/java/maven/boot/plexus-classworlds-2.4.jar
7fd456469000-7fd456471000 rw-s 00000000 08:07 4063531                    /tmp/hsperfdata_irina/28447
7fd456471000-7fd456472000 rw-p 00000000 00:00 0 
7fd456472000-7fd456473000 ---p 00000000 00:00 0 
7fd456473000-7fd456474000 rw-p 00000000 00:00 0 
7fd456474000-7fd456475000 r--p 00025000 08:07 2753128                    /lib/x86_64-linux-gnu/ld-2.23.so
7fd456475000-7fd456476000 rw-p 00026000 08:07 2753128                    /lib/x86_64-linux-gnu/ld-2.23.so
7fd456476000-7fd456477000 rw-p 00000000 00:00 0 
7fff0fc3a000-7fff0fc5b000 rw-p 00000000 00:00 0                          [stack]
7fff0fdfa000-7fff0fdfd000 r--p 00000000 00:00 0                          [vvar]
7fff0fdfd000-7fff0fdff000 r-xp 00000000 00:00 0                          [vdso]
ffffffffff600000-ffffffffff601000 r-xp 00000000 00:00 0                  [vsyscall]

VM Arguments:
jvm_args: -Dclassworlds.conf=/usr/local/netbeans-8.2/java/maven/bin/m2.conf -Dmaven.home=/usr/local/netbeans-8.2/java/maven 
java_command: org.codehaus.plexus.classworlds.launcher.Launcher -Dmaven.ext.class.path=/usr/local/netbeans-8.2/java/maven-nblib/netbeans-eventspy.jar clean install
java_class_path (initial): /usr/local/netbeans-8.2/java/maven/boot/plexus-classworlds-2.4.jar
Launcher Type: SUN_STANDARD

Environment Variables:
JAVA_HOME=/usr/lib/jvm/java-8-oracle
PATH=/home/irina/bin:/home/irina/.local/bin:/usr/lib/jvm/java-8-oracle/jre/bin/bin:/usr/local/sbin:/usr/local/bin:/usr/sbin:/usr/bin:/sbin:/bin:/usr/games:/usr/local/games:/snap/bin:/usr/lib/jvm/java-8-oracle/bin:/usr/lib/jvm/java-8-oracle/db/bin:/usr/lib/jvm/java-8-oracle/jre/bin
LD_LIBRARY_PATH=/usr/lib/jvm/java-8-oracle/jre/lib/amd64:/usr/lib/jvm/java-8-oracle/jre/lib/i386:
SHELL=/bin/bash
DISPLAY=:0

Signal Handlers:
SIGSEGV: [libjvm.so+0xacbe10], sa_mask[0]=11111111011111111101111111111110, sa_flags=SA_RESTART|SA_SIGINFO
SIGBUS: [libjvm.so+0xacbe10], sa_mask[0]=11111111011111111101111111111110, sa_flags=SA_RESTART|SA_SIGINFO
SIGFPE: [libjvm.so+0x924f90], sa_mask[0]=11111111011111111101111111111110, sa_flags=SA_RESTART|SA_SIGINFO
SIGPIPE: [libjvm.so+0x924f90], sa_mask[0]=11111111011111111101111111111110, sa_flags=SA_RESTART|SA_SIGINFO
SIGXFSZ: [libjvm.so+0x924f90], sa_mask[0]=11111111011111111101111111111110, sa_flags=SA_RESTART|SA_SIGINFO
SIGILL: [libjvm.so+0x924f90], sa_mask[0]=11111111011111111101111111111110, sa_flags=SA_RESTART|SA_SIGINFO
SIGUSR1: SIG_DFL, sa_mask[0]=00000000000000000000000000000000, sa_flags=none
SIGUSR2: [libjvm.so+0x9267d0], sa_mask[0]=00100000000000000000000000000000, sa_flags=SA_RESTART|SA_SIGINFO
SIGHUP: [libjvm.so+0x927bd0], sa_mask[0]=11111111011111111101111111111110, sa_flags=SA_RESTART|SA_SIGINFO
SIGINT: SIG_IGN, sa_mask[0]=00000000000000000000000000000000, sa_flags=none
SIGTERM: [libjvm.so+0x927bd0], sa_mask[0]=11111111011111111101111111111110, sa_flags=SA_RESTART|SA_SIGINFO
SIGQUIT: [libjvm.so+0x927bd0], sa_mask[0]=11111111011111111101111111111110, sa_flags=SA_RESTART|SA_SIGINFO


---------------  S Y S T E M  ---------------

OS:DISTRIB_ID=Ubuntu
DISTRIB_RELEASE=16.04
DISTRIB_CODENAME=xenial
DISTRIB_DESCRIPTION="Ubuntu 16.04.3 LTS"

uname:Linux 4.13.0-37-generic #42~16.04.1-Ubuntu SMP Wed Mar 7 16:03:28 UTC 2018 x86_64
libc:glibc 2.23 NPTL 2.23 
rlimit: STACK 8192k, CORE 0k, NPROC 30811, NOFILE 1048576, AS infinity
load average:1,08 0,46 0,57

/proc/meminfo:
MemTotal:        8048608 kB
MemFree:          115608 kB
MemAvailable:      22320 kB
Buffers:            3624 kB
Cached:           549044 kB
SwapCached:         8796 kB
Active:          6726672 kB
Inactive:         893616 kB
Active(anon):    6712488 kB
Inactive(anon):   872148 kB
Active(file):      14184 kB
Inactive(file):    21468 kB
Unevictable:         464 kB
Mlocked:             464 kB
SwapTotal:        499708 kB
SwapFree:              0 kB
Dirty:               724 kB
Writeback:             0 kB
AnonPages:       7060276 kB
Mapped:           224028 kB
Shmem:            516620 kB
Slab:             129844 kB
SReclaimable:      55528 kB
SUnreclaim:        74316 kB
KernelStack:       17456 kB
PageTables:        86572 kB
NFS_Unstable:          0 kB
Bounce:                0 kB
WritebackTmp:          0 kB
CommitLimit:     4524012 kB
Committed_AS:   16827300 kB
VmallocTotal:   34359738367 kB
VmallocUsed:           0 kB
VmallocChunk:          0 kB
HardwareCorrupted:     0 kB
AnonHugePages:     20480 kB
ShmemHugePages:        0 kB
ShmemPmdMapped:        0 kB
CmaTotal:              0 kB
CmaFree:               0 kB
HugePages_Total:       0
HugePages_Free:        0
HugePages_Rsvd:        0
HugePages_Surp:        0
Hugepagesize:       2048 kB
DirectMap4k:      247336 kB
DirectMap2M:     8022016 kB
DirectMap1G:     1048576 kB


CPU:total 8 (initial active 8) (4 cores per cpu, 2 threads per core) family 6 model 142 stepping 10, cmov, cx8, fxsr, mmx, sse, sse2, sse3, ssse3, sse4.1, sse4.2, popcnt, avx, avx2, aes, clmul, erms, 3dnowpref, lzcnt, ht, tsc, tscinvbit, bmi1, bmi2, adx

/proc/cpuinfo:
processor	: 0
vendor_id	: GenuineIntel
cpu family	: 6
model		: 142
model name	: Intel(R) Core(TM) i7-8550U CPU @ 1.80GHz
stepping	: 10
microcode	: 0x66
cpu MHz		: 2000.000
cache size	: 8192 KB
physical id	: 0
siblings	: 8
core id		: 0
cpu cores	: 4
apicid		: 0
initial apicid	: 0
fpu		: yes
fpu_exception	: yes
cpuid level	: 22
wp		: yes
flags		: fpu vme de pse tsc msr pae mce cx8 apic sep mtrr pge mca cmov pat pse36 clflush dts acpi mmx fxsr sse sse2 ss ht tm pbe syscall nx pdpe1gb rdtscp lm constant_tsc art arch_perfmon pebs bts rep_good nopl xtopology nonstop_tsc cpuid aperfmperf tsc_known_freq pni pclmulqdq dtes64 monitor ds_cpl vmx est tm2 ssse3 sdbg fma cx16 xtpr pdcm pcid sse4_1 sse4_2 x2apic movbe popcnt tsc_deadline_timer aes xsave avx f16c rdrand lahf_lm abm 3dnowprefetch cpuid_fault epb invpcid_single pti retpoline intel_pt rsb_ctxsw tpr_shadow vnmi flexpriority ept vpid fsgsbase tsc_adjust bmi1 avx2 smep bmi2 erms invpcid mpx rdseed adx smap clflushopt xsaveopt xsavec xgetbv1 xsaves dtherm ida arat pln pts hwp hwp_notify hwp_act_window hwp_epp
bugs		: cpu_meltdown spectre_v1 spectre_v2
bogomips	: 3984.00
clflush size	: 64
cache_alignment	: 64
address sizes	: 39 bits physical, 48 bits virtual
power management:

processor	: 1
vendor_id	: GenuineIntel
cpu family	: 6
model		: 142
model name	: Intel(R) Core(TM) i7-8550U CPU @ 1.80GHz
stepping	: 10
microcode	: 0x66
cpu MHz		: 2000.000
cache size	: 8192 KB
physical id	: 0
siblings	: 8
core id		: 1
cpu cores	: 4
apicid		: 2
initial apicid	: 2
fpu		: yes
fpu_exception	: yes
cpuid level	: 22
wp		: yes
flags		: fpu vme de pse tsc msr pae mce cx8 apic sep mtrr pge mca cmov pat pse36 clflush dts acpi mmx fxsr sse sse2 ss ht tm pbe syscall nx pdpe1gb rdtscp lm constant_tsc art arch_perfmon pebs bts rep_good nopl xtopology nonstop_tsc cpuid aperfmperf tsc_known_freq pni pclmulqdq dtes64 monitor ds_cpl vmx est tm2 ssse3 sdbg fma cx16 xtpr pdcm pcid sse4_1 sse4_2 x2apic movbe popcnt tsc_deadline_timer aes xsave avx f16c rdrand lahf_lm abm 3dnowprefetch cpuid_fault epb invpcid_single pti retpoline intel_pt rsb_ctxsw tpr_shadow vnmi flexpriority ept vpid fsgsbase tsc_adjust bmi1 avx2 smep bmi2 erms invpcid mpx rdseed adx smap clflushopt xsaveopt xsavec xgetbv1 xsaves dtherm ida arat pln pts hwp hwp_notify hwp_act_window hwp_epp
bugs		: cpu_meltdown spectre_v1 spectre_v2
bogomips	: 3984.00
clflush size	: 64
cache_alignment	: 64
address sizes	: 39 bits physical, 48 bits virtual
power management:

processor	: 2
vendor_id	: GenuineIntel
cpu family	: 6
model		: 142
model name	: Intel(R) Core(TM) i7-8550U CPU @ 1.80GHz
stepping	: 10
microcode	: 0x66
cpu MHz		: 2000.000
cache size	: 8192 KB
physical id	: 0
siblings	: 8
core id		: 2
cpu cores	: 4
apicid		: 4
initial apicid	: 4
fpu		: yes
fpu_exception	: yes
cpuid level	: 22
wp		: yes
flags		: fpu vme de pse tsc msr pae mce cx8 apic sep mtrr pge mca cmov pat pse36 clflush dts acpi mmx fxsr sse sse2 ss ht tm pbe syscall nx pdpe1gb rdtscp lm constant_tsc art arch_perfmon pebs bts rep_good nopl xtopology nonstop_tsc cpuid aperfmperf tsc_known_freq pni pclmulqdq dtes64 monitor ds_cpl vmx est tm2 ssse3 sdbg fma cx16 xtpr pdcm pcid sse4_1 sse4_2 x2apic movbe popcnt tsc_deadline_timer aes xsave avx f16c rdrand lahf_lm abm 3dnowprefetch cpuid_fault epb invpcid_single pti retpoline intel_pt rsb_ctxsw tpr_shadow vnmi flexpriority ept vpid fsgsbase tsc_adjust bmi1 avx2 smep bmi2 erms invpcid mpx rdseed adx smap clflushopt xsaveopt xsavec xgetbv1 xsaves dtherm ida arat pln pts hwp hwp_notify hwp_act_window hwp_epp
bugs		: cpu_meltdown spectre_v1 spectre_v2
bogomips	: 3984.00
clflush size	: 64
cache_alignment	: 64
address sizes	: 39 bits physical, 48 bits virtual
power management:

processor	: 3
vendor_id	: GenuineIntel
cpu family	: 6
model		: 142
model name	: Intel(R) Core(TM) i7-8550U CPU @ 1.80GHz
stepping	: 10
microcode	: 0x66
cpu MHz		: 2000.000
cache size	: 8192 KB
physical id	: 0
siblings	: 8
core id		: 3
cpu cores	: 4
apicid		: 6
initial apicid	: 6
fpu		: yes
fpu_exception	: yes
cpuid level	: 22
wp		: yes
flags		: fpu vme de pse tsc msr pae mce cx8 apic sep mtrr pge mca cmov pat pse36 clflush dts acpi mmx fxsr sse sse2 ss ht tm pbe syscall nx pdpe1gb rdtscp lm constant_tsc art arch_perfmon pebs bts rep_good nopl xtopology nonstop_tsc cpuid aperfmperf tsc_known_freq pni pclmulqdq dtes64 monitor ds_cpl vmx est tm2 ssse3 sdbg fma cx16 xtpr pdcm pcid sse4_1 sse4_2 x2apic movbe popcnt tsc_deadline_timer aes xsave avx f16c rdrand lahf_lm abm 3dnowprefetch cpuid_fault epb invpcid_single pti retpoline intel_pt rsb_ctxsw tpr_shadow vnmi flexpriority ept vpid fsgsbase tsc_adjust bmi1 avx2 smep bmi2 erms invpcid mpx rdseed adx smap clflushopt xsaveopt xsavec xgetbv1 xsaves dtherm ida arat pln pts hwp hwp_notify hwp_act_window hwp_epp
bugs		: cpu_meltdown spectre_v1 spectre_v2
bogomips	: 3984.00
clflush size	: 64
cache_alignment	: 64
address sizes	: 39 bits physical, 48 bits virtual
power management:

processor	: 4
vendor_id	: GenuineIntel
cpu family	: 6
model		: 142
model name	: Intel(R) Core(TM) i7-8550U CPU @ 1.80GHz
stepping	: 10
microcode	: 0x66
cpu MHz		: 2000.000
cache size	: 8192 KB
physical id	: 0
siblings	: 8
core id		: 0
cpu cores	: 4
apicid		: 1
initial apicid	: 1
fpu		: yes
fpu_exception	: yes
cpuid level	: 22
wp		: yes
flags		: fpu vme de pse tsc msr pae mce cx8 apic sep mtrr pge mca cmov pat pse36 clflush dts acpi mmx fxsr sse sse2 ss ht tm pbe syscall nx pdpe1gb rdtscp lm constant_tsc art arch_perfmon pebs bts rep_good nopl xtopology nonstop_tsc cpuid aperfmperf tsc_known_freq pni pclmulqdq dtes64 monitor ds_cpl vmx est tm2 ssse3 sdbg fma cx16 xtpr pdcm pcid sse4_1 sse4_2 x2apic movbe popcnt tsc_deadline_timer aes xsave avx f16c rdrand lahf_lm abm 3dnowprefetch cpuid_fault epb invpcid_single pti retpoline intel_pt rsb_ctxsw tpr_shadow vnmi flexpriority ept vpid fsgsbase tsc_adjust bmi1 avx2 smep bmi2 erms invpcid mpx rdseed adx smap clflushopt xsaveopt xsavec xgetbv1 xsaves dtherm ida arat pln pts hwp hwp_notify hwp_act_window hwp_epp
bugs		: cpu_meltdown spectre_v1 spectre_v2
bogomips	: 3984.00
clflush size	: 64
cache_alignment	: 64
address sizes	: 39 bits physical, 48 bits virtual
power management:

processor	: 5
vendor_id	: GenuineIntel
cpu family	: 6
model		: 142
model name	: Intel(R) Core(TM) i7-8550U CPU @ 1.80GHz
stepping	: 10
microcode	: 0x66
cpu MHz		: 2000.000
cache size	: 8192 KB
physical id	: 0
siblings	: 8
core id		: 1
cpu cores	: 4
apicid		: 3
initial apicid	: 3
fpu		: yes
fpu_exception	: yes
cpuid level	: 22
wp		: yes
flags		: fpu vme de pse tsc msr pae mce cx8 apic sep mtrr pge mca cmov pat pse36 clflush dts acpi mmx fxsr sse sse2 ss ht tm pbe syscall nx pdpe1gb rdtscp lm constant_tsc art arch_perfmon pebs bts rep_good nopl xtopology nonstop_tsc cpuid aperfmperf tsc_known_freq pni pclmulqdq dtes64 monitor ds_cpl vmx est tm2 ssse3 sdbg fma cx16 xtpr pdcm pcid sse4_1 sse4_2 x2apic movbe popcnt tsc_deadline_timer aes xsave avx f16c rdrand lahf_lm abm 3dnowprefetch cpuid_fault epb invpcid_single pti retpoline intel_pt rsb_ctxsw tpr_shadow vnmi flexpriority ept vpid fsgsbase tsc_adjust bmi1 avx2 smep bmi2 erms invpcid mpx rdseed adx smap clflushopt xsaveopt xsavec xgetbv1 xsaves dtherm ida arat pln pts hwp hwp_notify hwp_act_window hwp_epp
bugs		: cpu_meltdown spectre_v1 spectre_v2
bogomips	: 3984.00
clflush size	: 64
cache_alignment	: 64
address sizes	: 39 bits physical, 48 bits virtual
power management:

processor	: 6
vendor_id	: GenuineIntel
cpu family	: 6
model		: 142
model name	: Intel(R) Core(TM) i7-8550U CPU @ 1.80GHz
stepping	: 10
microcode	: 0x66
cpu MHz		: 2000.000
cache size	: 8192 KB
physical id	: 0
siblings	: 8
core id		: 2
cpu cores	: 4
apicid		: 5
initial apicid	: 5
fpu		: yes
fpu_exception	: yes
cpuid level	: 22
wp		: yes
flags		: fpu vme de pse tsc msr pae mce cx8 apic sep mtrr pge mca cmov pat pse36 clflush dts acpi mmx fxsr sse sse2 ss ht tm pbe syscall nx pdpe1gb rdtscp lm constant_tsc art arch_perfmon pebs bts rep_good nopl xtopology nonstop_tsc cpuid aperfmperf tsc_known_freq pni pclmulqdq dtes64 monitor ds_cpl vmx est tm2 ssse3 sdbg fma cx16 xtpr pdcm pcid sse4_1 sse4_2 x2apic movbe popcnt tsc_deadline_timer aes xsave avx f16c rdrand lahf_lm abm 3dnowprefetch cpuid_fault epb invpcid_single pti retpoline intel_pt rsb_ctxsw tpr_shadow vnmi flexpriority ept vpid fsgsbase tsc_adjust bmi1 avx2 smep bmi2 erms invpcid mpx rdseed adx smap clflushopt xsaveopt xsavec xgetbv1 xsaves dtherm ida arat pln pts hwp hwp_notify hwp_act_window hwp_epp
bugs		: cpu_meltdown spectre_v1 spectre_v2
bogomips	: 3984.00
clflush size	: 64
cache_alignment	: 64
address sizes	: 39 bits physical, 48 bits virtual
power management:

processor	: 7
vendor_id	: GenuineIntel
cpu family	: 6
model		: 142
model name	: Intel(R) Core(TM) i7-8550U CPU @ 1.80GHz
stepping	: 10
microcode	: 0x66
cpu MHz		: 2000.000
cache size	: 8192 KB
physical id	: 0
siblings	: 8
core id		: 3
cpu cores	: 4
apicid		: 7
initial apicid	: 7
fpu		: yes
fpu_exception	: yes
cpuid level	: 22
wp		: yes
flags		: fpu vme de pse tsc msr pae mce cx8 apic sep mtrr pge mca cmov pat pse36 clflush dts acpi mmx fxsr sse sse2 ss ht tm pbe syscall nx pdpe1gb rdtscp lm constant_tsc art arch_perfmon pebs bts rep_good nopl xtopology nonstop_tsc cpuid aperfmperf tsc_known_freq pni pclmulqdq dtes64 monitor ds_cpl vmx est tm2 ssse3 sdbg fma cx16 xtpr pdcm pcid sse4_1 sse4_2 x2apic movbe popcnt tsc_deadline_timer aes xsave avx f16c rdrand lahf_lm abm 3dnowprefetch cpuid_fault epb invpcid_single pti retpoline intel_pt rsb_ctxsw tpr_shadow vnmi flexpriority ept vpid fsgsbase tsc_adjust bmi1 avx2 smep bmi2 erms invpcid mpx rdseed adx smap clflushopt xsaveopt xsavec xgetbv1 xsaves dtherm ida arat pln pts hwp hwp_notify hwp_act_window hwp_epp
bugs		: cpu_meltdown spectre_v1 spectre_v2
bogomips	: 3984.00
clflush size	: 64
cache_alignment	: 64
address sizes	: 39 bits physical, 48 bits virtual
power management:



Memory: 4k page, physical 8048608k(116112k free), swap 499708k(0k free)

vm_info: Java HotSpot(TM) 64-Bit Server VM (25.151-b12) for linux-amd64 JRE (1.8.0_151-b12), built on Sep  5 2017 19:20:58 by "java_re" with gcc 4.3.0 20080428 (Red Hat 4.3.0-8)

time: Sat Mar 24 23:05:01 2018
elapsed time: 3 seconds (0d 0h 0m 3s)

