#
# There is insufficient memory for the Java Runtime Environment to continue.
# Native memory allocation (mmap) failed to map 147849216 bytes for committing reserved memory.
# Possible reasons:
#   The system is out of physical RAM or swap space
#   In 32 bit mode, the process size limit was hit
# Possible solutions:
#   Reduce memory load on the system
#   Increase physical memory or swap space
#   Check if swap backing store is full
#   Use 64 bit Java on a 64 bit OS
#   Decrease Java heap size (-Xmx/-Xms)
#   Decrease number of Java threads
#   Decrease Java thread stack sizes (-Xss)
#   Set larger code cache with -XX:ReservedCodeCacheSize=
# This output file may be truncated or incomplete.
#
#  Out of Memory Error (os_linux.cpp:2640), pid=6586, tid=0x00007fde1b6f6700
#
# JRE version: Java(TM) SE Runtime Environment (8.0_151-b12) (build 1.8.0_151-b12)
# Java VM: Java HotSpot(TM) 64-Bit Server VM (25.151-b12 mixed mode linux-amd64 compressed oops)
# Failed to write core dump. Core dumps have been disabled. To enable core dumping, try "ulimit -c unlimited" before starting Java again
#

---------------  T H R E A D  ---------------

Current thread (0x00007fde38080000):  VMThread [stack: 0x00007fde1b5f6000,0x00007fde1b6f7000] [id=6597]

Stack: [0x00007fde1b5f6000,0x00007fde1b6f7000],  sp=0x00007fde1b6f5200,  free space=1020k
Native frames: (J=compiled Java code, j=interpreted, Vv=VM code, C=native code)
V  [libjvm.so+0xacb58a]  VMError::report_and_die()+0x2ba
V  [libjvm.so+0x4ff4ab]  report_vm_out_of_memory(char const*, int, unsigned long, VMErrorType, char const*)+0x8b
V  [libjvm.so+0x928113]  os::Linux::commit_memory_impl(char*, unsigned long, bool)+0x103
V  [libjvm.so+0x928669]  os::pd_commit_memory(char*, unsigned long, unsigned long, bool)+0x29
V  [libjvm.so+0x92288a]  os::commit_memory(char*, unsigned long, unsigned long, bool)+0x2a
V  [libjvm.so+0x9973e3]  PSVirtualSpace::expand_by(unsigned long)+0x53
V  [libjvm.so+0x9987e8]  PSYoungGen::resize_generation(unsigned long, unsigned long)+0xf8
V  [libjvm.so+0x997942]  PSYoungGen::resize(unsigned long, unsigned long)+0x22
V  [libjvm.so+0x994c1b]  PSScavenge::invoke_no_policy()+0xf3b
V  [libjvm.so+0x98fec5]  PSParallelCompact::invoke(bool)+0x85
V  [libjvm.so+0x485ee4]  CollectedHeap::collect_as_vm_thread(GCCause::Cause)+0x114
V  [libjvm.so+0xacca01]  VM_CollectForMetadataAllocation::doit()+0x161
V  [libjvm.so+0xad4a85]  VM_Operation::evaluate()+0x55
V  [libjvm.so+0xad2e5a]  VMThread::evaluate_operation(VM_Operation*)+0xba
V  [libjvm.so+0xad31de]  VMThread::loop()+0x1ce
V  [libjvm.so+0xad3650]  VMThread::run()+0x70
V  [libjvm.so+0x92a728]  java_start(Thread*)+0x108

VM_Operation (0x00007fde1ab97a50): CollectForMetadataAllocation, mode: safepoint, requested by thread 0x00007fde380c8800


---------------  P R O C E S S  ---------------

Java Threads: ( => current thread )
  0x00007fde3868f000 JavaThread "process reaper" daemon [_thread_blocked, id=6608, stack(0x00007fde20055000,0x00007fde2008e000)]
  0x00007fde380d3800 JavaThread "Service Thread" daemon [_thread_blocked, id=6605, stack(0x00007fde1a998000,0x00007fde1aa99000)]
  0x00007fde380c8800 JavaThread "C1 CompilerThread3" daemon [_thread_blocked, id=6604, stack(0x00007fde1aa99000,0x00007fde1ab9a000)]
  0x00007fde380c6800 JavaThread "C2 CompilerThread2" daemon [_thread_in_native, id=6603, stack(0x00007fde1ab9a000,0x00007fde1ac9b000)]
  0x00007fde380c4800 JavaThread "C2 CompilerThread1" daemon [_thread_blocked, id=6602, stack(0x00007fde1ac9b000,0x00007fde1ad9c000)]
  0x00007fde380c1800 JavaThread "C2 CompilerThread0" daemon [_thread_in_native, id=6601, stack(0x00007fde1ad9c000,0x00007fde1ae9d000)]
  0x00007fde380bd800 JavaThread "Signal Dispatcher" daemon [_thread_blocked, id=6600, stack(0x00007fde1ae9d000,0x00007fde1af9e000)]
  0x00007fde3808c000 JavaThread "Finalizer" daemon [_thread_blocked, id=6599, stack(0x00007fde1b3f4000,0x00007fde1b4f5000)]
  0x00007fde38087800 JavaThread "Reference Handler" daemon [_thread_blocked, id=6598, stack(0x00007fde1b4f5000,0x00007fde1b5f6000)]
  0x00007fde3800a000 JavaThread "main" [_thread_blocked, id=6588, stack(0x00007fde41109000,0x00007fde4120a000)]

Other Threads:
=>0x00007fde38080000 VMThread [stack: 0x00007fde1b5f6000,0x00007fde1b6f7000] [id=6597]
  0x00007fde380d6800 WatcherThread [stack: 0x00007fde1a897000,0x00007fde1a998000] [id=6606]

VM state:at safepoint (normal execution)

VM Mutex/Monitor currently owned by a thread:  ([mutex/lock_event])
[0x00007fde380061a0] Threads_lock - owner thread: 0x00007fde38080000
[0x00007fde380066a0] Heap_lock - owner thread: 0x00007fde380c8800
[0x00007fde38006c20] MethodData_lock - owner thread: 0x00007fde380c8800

Heap:
 PSYoungGen      total 136192K, used 9704K [0x00000000d7100000, 0x00000000e0000000, 0x0000000100000000)
  eden space 126464K, 0% used [0x00000000d7100000,0x00000000d7100000,0x00000000dec80000)
  from space 9728K, 99% used [0x00000000dec80000,0x00000000df5fa378,0x00000000df600000)
  to   space 9216K, 0% used [0x00000000df600000,0x00000000df600000,0x00000000dff00000)
 ParOldGen       total 84992K, used 24495K [0x0000000085200000, 0x000000008a500000, 0x00000000d7100000)
  object space 84992K, 28% used [0x0000000085200000,0x00000000869ebde8,0x000000008a500000)
 Metaspace       used 20620K, capacity 21180K, committed 21296K, reserved 1069056K
  class space    used 2437K, capacity 2638K, committed 2688K, reserved 1048576K

Card table byte_map: [0x00007fde3dac9000,0x00007fde3dea1000] byte_map_base: 0x00007fde3d6a0000

Marking Bits: (ParMarkBitMap*) 0x00007fde405d2f80
 Begin Bits: [0x00007fde20290000, 0x00007fde22148000)
 End Bits:   [0x00007fde22148000, 0x00007fde24000000)

Polling page: 0x00007fde41224000

CodeCache: size=245760Kb used=11169Kb max_used=11169Kb free=234590Kb
 bounds [0x00007fde29000000, 0x00007fde29af0000, 0x00007fde38000000]
 total_blobs=3864 nmethods=3489 adapters=288
 compilation: enabled

Compilation events (10 events):
Event: 2,847 Thread 0x00007fde380c8800 nmethod 3526 0x00007fde29aed4d0 code [0x00007fde29aed640, 0x00007fde29aed950]
Event: 2,848 Thread 0x00007fde380c8800 3528       2       com.sun.tools.javac.jvm.ClassReader::getInt (59 bytes)
Event: 2,848 Thread 0x00007fde380c8800 nmethod 3528 0x00007fde29aede90 code [0x00007fde29aee000, 0x00007fde29aee1f0]
Event: 2,849 Thread 0x00007fde380c8800 3532       2       java.io.RandomAccessFile$1::<init> (10 bytes)
Event: 2,850 Thread 0x00007fde380c8800 nmethod 3532 0x00007fde29aeed50 code [0x00007fde29aeeea0, 0x00007fde29aef010]
Event: 2,850 Thread 0x00007fde380c8800 3533       2       java.io.RandomAccessFile$1::close (8 bytes)
Event: 2,850 Thread 0x00007fde380c8800 nmethod 3533 0x00007fde29aef090 code [0x00007fde29aef200, 0x00007fde29aef368]
Event: 2,850 Thread 0x00007fde380c8800 3534       2       java.io.RandomAccessFile::access$000 (5 bytes)
Event: 2,850 Thread 0x00007fde380c8800 nmethod 3534 0x00007fde29aef450 code [0x00007fde29aef5c0, 0x00007fde29aef708]
Event: 2,852 Thread 0x00007fde380c8800 3536       2       com.sun.tools.javac.comp.MemberEnter::visitImport (170 bytes)

GC Heap History (10 events):
Event: 1,111 GC heap after
Heap after GC invocations=2 (full 0):
 PSYoungGen      total 36864K, used 5116K [0x00000000d7100000, 0x00000000db900000, 0x0000000100000000)
  eden space 31744K, 0% used [0x00000000d7100000,0x00000000d7100000,0x00000000d9000000)
  from space 5120K, 99% used [0x00000000d9500000,0x00000000d99ff028,0x00000000d9a00000)
  to   space 5120K, 0% used [0x00000000d9000000,0x00000000d9000000,0x00000000d9500000)
 ParOldGen       total 84992K, used 2259K [0x0000000085200000, 0x000000008a500000, 0x00000000d7100000)
  object space 84992K, 2% used [0x0000000085200000,0x0000000085434ce8,0x000000008a500000)
 Metaspace       used 12789K, capacity 13056K, committed 13312K, reserved 1060864K
  class space    used 1577K, capacity 1683K, committed 1792K, reserved 1048576K
}
Event: 1,289 GC heap before
{Heap before GC invocations=3 (full 0):
 PSYoungGen      total 36864K, used 36860K [0x00000000d7100000, 0x00000000db900000, 0x0000000100000000)
  eden space 31744K, 100% used [0x00000000d7100000,0x00000000d9000000,0x00000000d9000000)
  from space 5120K, 99% used [0x00000000d9500000,0x00000000d99ff028,0x00000000d9a00000)
  to   space 5120K, 0% used [0x00000000d9000000,0x00000000d9000000,0x00000000d9500000)
 ParOldGen       total 84992K, used 2259K [0x0000000085200000, 0x000000008a500000, 0x00000000d7100000)
  object space 84992K, 2% used [0x0000000085200000,0x0000000085434ce8,0x000000008a500000)
 Metaspace       used 13285K, capacity 13636K, committed 13824K, reserved 1060864K
  class space    used 1616K, capacity 1726K, committed 1792K, reserved 1048576K
Event: 1,296 GC heap after
Heap after GC invocations=3 (full 0):
 PSYoungGen      total 36864K, used 5095K [0x00000000d7100000, 0x00000000db900000, 0x0000000100000000)
  eden space 31744K, 0% used [0x00000000d7100000,0x00000000d7100000,0x00000000d9000000)
  from space 5120K, 99% used [0x00000000d9000000,0x00000000d94f9e60,0x00000000d9500000)
  to   space 5120K, 0% used [0x00000000db400000,0x00000000db400000,0x00000000db900000)
 ParOldGen       total 84992K, used 3317K [0x0000000085200000, 0x000000008a500000, 0x00000000d7100000)
  object space 84992K, 3% used [0x0000000085200000,0x000000008553d548,0x000000008a500000)
 Metaspace       used 13285K, capacity 13636K, committed 13824K, reserved 1060864K
  class space    used 1616K, capacity 1726K, committed 1792K, reserved 1048576K
}
Event: 1,421 GC heap before
{Heap before GC invocations=4 (full 0):
 PSYoungGen      total 36864K, used 36839K [0x00000000d7100000, 0x00000000db900000, 0x0000000100000000)
  eden space 31744K, 100% used [0x00000000d7100000,0x00000000d9000000,0x00000000d9000000)
  from space 5120K, 99% used [0x00000000d9000000,0x00000000d94f9e60,0x00000000d9500000)
  to   space 5120K, 0% used [0x00000000db400000,0x00000000db400000,0x00000000db900000)
 ParOldGen       total 84992K, used 3317K [0x0000000085200000, 0x000000008a500000, 0x00000000d7100000)
  object space 84992K, 3% used [0x0000000085200000,0x000000008553d548,0x000000008a500000)
 Metaspace       used 13450K, capacity 13732K, committed 13824K, reserved 1060864K
  class space    used 1634K, capacity 1758K, committed 1792K, reserved 1048576K
Event: 1,432 GC heap after
Heap after GC invocations=4 (full 0):
 PSYoungGen      total 68608K, used 5088K [0x00000000d7100000, 0x00000000db900000, 0x0000000100000000)
  eden space 63488K, 0% used [0x00000000d7100000,0x00000000d7100000,0x00000000daf00000)
  from space 5120K, 99% used [0x00000000db400000,0x00000000db8f8020,0x00000000db900000)
  to   space 5120K, 0% used [0x00000000daf00000,0x00000000daf00000,0x00000000db400000)
 ParOldGen       total 84992K, used 5015K [0x0000000085200000, 0x000000008a500000, 0x00000000d7100000)
  object space 84992K, 5% used [0x0000000085200000,0x00000000856e5d28,0x000000008a500000)
 Metaspace       used 13450K, capacity 13732K, committed 13824K, reserved 1060864K
  class space    used 1634K, capacity 1758K, committed 1792K, reserved 1048576K
}
Event: 1,647 GC heap before
{Heap before GC invocations=5 (full 0):
 PSYoungGen      total 68608K, used 68576K [0x00000000d7100000, 0x00000000db900000, 0x0000000100000000)
  eden space 63488K, 100% used [0x00000000d7100000,0x00000000daf00000,0x00000000daf00000)
  from space 5120K, 99% used [0x00000000db400000,0x00000000db8f8020,0x00000000db900000)
  to   space 5120K, 0% used [0x00000000daf00000,0x00000000daf00000,0x00000000db400000)
 ParOldGen       total 84992K, used 5015K [0x0000000085200000, 0x000000008a500000, 0x00000000d7100000)
  object space 84992K, 5% used [0x0000000085200000,0x00000000856e5d28,0x000000008a500000)
 Metaspace       used 13654K, capacity 14018K, committed 14080K, reserved 1060864K
  class space    used 1639K, capacity 1763K, committed 1792K, reserved 1048576K
Event: 1,682 GC heap after
Heap after GC invocations=5 (full 0):
 PSYoungGen      total 68608K, used 5088K [0x00000000d7100000, 0x00000000dff00000, 0x0000000100000000)
  eden space 63488K, 0% used [0x00000000d7100000,0x00000000d7100000,0x00000000daf00000)
  from space 5120K, 99% used [0x00000000daf00000,0x00000000db3f8020,0x00000000db400000)
  to   space 9216K, 0% used [0x00000000df600000,0x00000000df600000,0x00000000dff00000)
 ParOldGen       total 84992K, used 8239K [0x0000000085200000, 0x000000008a500000, 0x00000000d7100000)
  object space 84992K, 9% used [0x0000000085200000,0x0000000085a0bd28,0x000000008a500000)
 Metaspace       used 13654K, capacity 14018K, committed 14080K, reserved 1060864K
  class space    used 1639K, capacity 1763K, committed 1792K, reserved 1048576K
}
Event: 2,078 GC heap before
{Heap before GC invocations=6 (full 0):
 PSYoungGen      total 68608K, used 68576K [0x00000000d7100000, 0x00000000dff00000, 0x0000000100000000)
  eden space 63488K, 100% used [0x00000000d7100000,0x00000000daf00000,0x00000000daf00000)
  from space 5120K, 99% used [0x00000000daf00000,0x00000000db3f8020,0x00000000db400000)
  to   space 9216K, 0% used [0x00000000df600000,0x00000000df600000,0x00000000dff00000)
 ParOldGen       total 84992K, used 8239K [0x0000000085200000, 0x000000008a500000, 0x00000000d7100000)
  object space 84992K, 9% used [0x0000000085200000,0x0000000085a0bd28,0x000000008a500000)
 Metaspace       used 15057K, capacity 15460K, committed 15616K, reserved 1062912K
  class space    used 1791K, capacity 1942K, committed 2048K, reserved 1048576K
Event: 2,097 GC heap after
Heap after GC invocations=6 (full 0):
 PSYoungGen      total 135680K, used 9039K [0x00000000d7100000, 0x00000000e0000000, 0x0000000100000000)
  eden space 126464K, 0% used [0x00000000d7100000,0x00000000d7100000,0x00000000dec80000)
  from space 9216K, 98% used [0x00000000df600000,0x00000000dfed3c98,0x00000000dff00000)
  to   space 9728K, 0% used [0x00000000dec80000,0x00000000dec80000,0x00000000df600000)
 ParOldGen       total 84992K, used 8247K [0x0000000085200000, 0x000000008a500000, 0x00000000d7100000)
  object space 84992K, 9% used [0x0000000085200000,0x0000000085a0dd28,0x000000008a500000)
 Metaspace       used 15057K, capacity 15460K, committed 15616K, reserved 1062912K
  class space    used 1791K, capacity 1942K, committed 2048K, reserved 1048576K
}
Event: 2,853 GC heap before
{Heap before GC invocations=7 (full 0):
 PSYoungGen      total 135680K, used 124967K [0x00000000d7100000, 0x00000000e0000000, 0x0000000100000000)
  eden space 126464K, 91% used [0x00000000d7100000,0x00000000de2362e0,0x00000000dec80000)
  from space 9216K, 98% used [0x00000000df600000,0x00000000dfed3c98,0x00000000dff00000)
  to   space 9728K, 0% used [0x00000000dec80000,0x00000000dec80000,0x00000000df600000)
 ParOldGen       total 84992K, used 8247K [0x0000000085200000, 0x000000008a500000, 0x00000000d7100000)
  object space 84992K, 9% used [0x0000000085200000,0x0000000085a0dd28,0x000000008a500000)
 Metaspace       used 20620K, capacity 21180K, committed 21296K, reserved 1069056K
  class space    used 2437K, capacity 2638K, committed 2688K, reserved 1048576K

Deoptimization events (10 events):
Event: 2,726 Thread 0x00007fde3800a000 Uncommon trap: reason=bimorphic action=maybe_recompile pc=0x00007fde298da844 method=java.lang.ClassLoader.loadClass(Ljava/lang/String;Z)Ljava/lang/Class; @ 38
Event: 2,726 Thread 0x00007fde3800a000 Uncommon trap: reason=bimorphic action=maybe_recompile pc=0x00007fde298da844 method=java.lang.ClassLoader.loadClass(Ljava/lang/String;Z)Ljava/lang/Class; @ 38
Event: 2,726 Thread 0x00007fde3800a000 Uncommon trap: reason=bimorphic action=maybe_recompile pc=0x00007fde298da844 method=java.lang.ClassLoader.loadClass(Ljava/lang/String;Z)Ljava/lang/Class; @ 38
Event: 2,727 Thread 0x00007fde3800a000 Uncommon trap: reason=class_check action=maybe_recompile pc=0x00007fde291c6c30 method=sun.misc.URLClassPath.getLoader(I)Lsun/misc/URLClassPath$Loader; @ 239
Event: 2,727 Thread 0x00007fde3800a000 Uncommon trap: reason=class_check action=maybe_recompile pc=0x00007fde2931acec method=sun.misc.URLClassPath.getResource(Ljava/lang/String;Z)Lsun/misc/Resource; @ 62
Event: 2,727 Thread 0x00007fde3800a000 Uncommon trap: reason=class_check action=maybe_recompile pc=0x00007fde291c6c30 method=sun.misc.URLClassPath.getLoader(I)Lsun/misc/URLClassPath$Loader; @ 239
Event: 2,727 Thread 0x00007fde3800a000 Uncommon trap: reason=class_check action=maybe_recompile pc=0x00007fde2931acec method=sun.misc.URLClassPath.getResource(Ljava/lang/String;Z)Lsun/misc/Resource; @ 62
Event: 2,728 Thread 0x00007fde3800a000 Uncommon trap: reason=class_check action=maybe_recompile pc=0x00007fde291d2c10 method=sun.misc.URLClassPath.getLoader(I)Lsun/misc/URLClassPath$Loader; @ 239
Event: 2,728 Thread 0x00007fde3800a000 Uncommon trap: reason=class_check action=maybe_recompile pc=0x00007fde2931acec method=sun.misc.URLClassPath.getResource(Ljava/lang/String;Z)Lsun/misc/Resource; @ 62
Event: 2,738 Thread 0x00007fde3800a000 Uncommon trap: reason=unstable_if action=reinterpret pc=0x00007fde29931f98 method=java.util.concurrent.ConcurrentHashMap.putVal(Ljava/lang/Object;Ljava/lang/Object;Z)Ljava/lang/Object; @ 181

Internal exceptions (10 events):
Event: 1,705 Thread 0x00007fde3800a000 Implicit null exception at 0x00007fde29383198 to 0x00007fde29383226
Event: 1,806 Thread 0x00007fde3800a000 Exception <a 'java/lang/NoClassDefFoundError': org/slf4j/Logger> (0x00000000d8a3a678) thrown at [/HUDSON/workspace/8-2-build-linux-amd64/jdk8u151/9699/hotspot/src/share/vm/oops/constantPool.cpp, line 235]
Event: 1,847 Thread 0x00007fde3800a000 Implicit null exception at 0x00007fde297a690d to 0x00007fde297a8c39
Event: 1,945 Thread 0x00007fde3800a000 Exception <a 'java/lang/NoClassDefFoundError': org/slf4j/Logger> (0x00000000d9b3ad78) thrown at [/HUDSON/workspace/8-2-build-linux-amd64/jdk8u151/9699/hotspot/src/share/vm/oops/constantPool.cpp, line 235]
Event: 2,151 Thread 0x00007fde3800a000 Exception <a 'java/lang/NoClassDefFoundError': org/slf4j/Logger> (0x00000000d778dd30) thrown at [/HUDSON/workspace/8-2-build-linux-amd64/jdk8u151/9699/hotspot/src/share/vm/oops/constantPool.cpp, line 235]
Event: 2,188 Thread 0x00007fde3800a000 Exception <a 'java/lang/ClassNotFoundException': com/sun/tools/javac/api/JavacTool> (0x00000000d7b6f180) thrown at [/HUDSON/workspace/8-2-build-linux-amd64/jdk8u151/9699/hotspot/src/share/vm/classfile/systemDictionary.cpp, line 210]
Event: 2,503 Thread 0x00007fde3800a000 Exception <a 'java/io/FileNotFoundException'> (0x00000000daecbc68) thrown at [/HUDSON/workspace/8-2-build-linux-amd64/jdk8u151/9699/hotspot/src/share/vm/prims/jni.cpp, line 709]
Event: 2,506 Thread 0x00007fde3800a000 Exception <a 'java/io/FileNotFoundException'> (0x00000000daf02150) thrown at [/HUDSON/workspace/8-2-build-linux-amd64/jdk8u151/9699/hotspot/src/share/vm/prims/jni.cpp, line 709]
Event: 2,733 Thread 0x00007fde3800a000 Exception <a 'java/io/FileNotFoundException'> (0x00000000dcc55d18) thrown at [/HUDSON/workspace/8-2-build-linux-amd64/jdk8u151/9699/hotspot/src/share/vm/prims/jni.cpp, line 709]
Event: 2,818 Thread 0x00007fde3800a000 Exception <a 'java/io/FileNotFoundException'> (0x00000000dd9fa060) thrown at [/HUDSON/workspace/8-2-build-linux-amd64/jdk8u151/9699/hotspot/src/share/vm/prims/jni.cpp, line 709]

Events (10 events):
Event: 2,749 loading class com/sun/tools/javac/file/CacheFSInfo$Entry done
Event: 2,816 loading class org/springframework/boot/configurationprocessor/metadata/ConfigurationMetadata
Event: 2,816 loading class org/springframework/boot/configurationprocessor/metadata/ConfigurationMetadata done
Event: 2,840 Thread 0x00007fde3800a000 DEOPT PACKING pc=0x00007fde29a72eff sp=0x00007fde41205990
Event: 2,840 Thread 0x00007fde3800a000 DEOPT UNPACKING pc=0x00007fde29047633 sp=0x00007fde41205710 mode 0
Event: 2,840 Thread 0x00007fde3800a000 DEOPT PACKING pc=0x00007fde29a4b088 sp=0x00007fde41205af0
Event: 2,840 Thread 0x00007fde3800a000 DEOPT UNPACKING pc=0x00007fde29047633 sp=0x00007fde412057e0 mode 0
Event: 2,847 Thread 0x00007fde3800a000 DEOPT PACKING pc=0x00007fde29a66d71 sp=0x00007fde412054d0
Event: 2,847 Thread 0x00007fde3800a000 DEOPT UNPACKING pc=0x00007fde29047633 sp=0x00007fde412051f0 mode 0
Event: 2,853 Executing VM operation: CollectForMetadataAllocation


Dynamic libraries:
00400000-00401000 r-xp 00000000 08:07 265628                             /usr/lib/jvm/java-8-oracle/bin/java
00600000-00601000 rw-p 00000000 08:07 265628                             /usr/lib/jvm/java-8-oracle/bin/java
023d5000-023f6000 rw-p 00000000 00:00 0                                  [heap]
85200000-8a500000 rw-p 00000000 00:00 0 
8a500000-d7100000 ---p 00000000 00:00 0 
d7100000-e0000000 rw-p 00000000 00:00 0 
e8d00000-100000000 ---p 00000000 00:00 0 
100000000-1002a0000 rw-p 00000000 00:00 0 
1002a0000-140000000 ---p 00000000 00:00 0 
7fddcc000000-7fddcc021000 rw-p 00000000 00:00 0 
7fddcc021000-7fddd0000000 ---p 00000000 00:00 0 
7fddd0000000-7fddd0021000 rw-p 00000000 00:00 0 
7fddd0021000-7fddd4000000 ---p 00000000 00:00 0 
7fddd4000000-7fddd52cc000 rw-p 00000000 00:00 0 
7fddd52cc000-7fddd8000000 ---p 00000000 00:00 0 
7fddd8000000-7fddd8021000 rw-p 00000000 00:00 0 
7fddd8021000-7fdddc000000 ---p 00000000 00:00 0 
7fdddc000000-7fdddd6f1000 rw-p 00000000 00:00 0 
7fdddd6f1000-7fdde0000000 ---p 00000000 00:00 0 
7fdde0000000-7fdde17e2000 rw-p 00000000 00:00 0 
7fdde17e2000-7fdde4000000 ---p 00000000 00:00 0 
7fdde4000000-7fdde4021000 rw-p 00000000 00:00 0 
7fdde4021000-7fdde8000000 ---p 00000000 00:00 0 
7fdde8000000-7fdde9af1000 rw-p 00000000 00:00 0 
7fdde9af1000-7fddec000000 ---p 00000000 00:00 0 
7fddec000000-7fddec021000 rw-p 00000000 00:00 0 
7fddec021000-7fddf0000000 ---p 00000000 00:00 0 
7fddf0000000-7fddf0021000 rw-p 00000000 00:00 0 
7fddf0021000-7fddf4000000 ---p 00000000 00:00 0 
7fddf4000000-7fddf4021000 rw-p 00000000 00:00 0 
7fddf4021000-7fddf8000000 ---p 00000000 00:00 0 
7fddf8000000-7fddf8296000 rw-p 00000000 00:00 0 
7fddf8296000-7fddfc000000 ---p 00000000 00:00 0 
7fddfc000000-7fddfc021000 rw-p 00000000 00:00 0 
7fddfc021000-7fde00000000 ---p 00000000 00:00 0 
7fde00000000-7fde00024000 rw-p 00000000 00:00 0 
7fde00024000-7fde04000000 ---p 00000000 00:00 0 
7fde04000000-7fde04021000 rw-p 00000000 00:00 0 
7fde04021000-7fde08000000 ---p 00000000 00:00 0 
7fde0c000000-7fde0c021000 rw-p 00000000 00:00 0 
7fde0c021000-7fde10000000 ---p 00000000 00:00 0 
7fde10fff000-7fde14000000 rw-p 00000000 00:00 0 
7fde14000000-7fde14021000 rw-p 00000000 00:00 0 
7fde14021000-7fde18000000 ---p 00000000 00:00 0 
7fde19555000-7fde19581000 rw-p 00000000 00:00 0 
7fde19581000-7fde19755000 ---p 00000000 00:00 0 
7fde19755000-7fde19759000 r--s 0004b000 08:07 3540354                    /home/irina/.m2/repository/com/fasterxml/jackson/core/jackson-core/2.9.4/jackson-core-2.9.4.jar
7fde19759000-7fde1975c000 r--s 0000e000 08:07 3540349                    /home/irina/.m2/repository/com/fasterxml/jackson/core/jackson-annotations/2.9.0/jackson-annotations-2.9.0.jar
7fde1975c000-7fde1976f000 r--s 00136000 08:07 3540350                    /home/irina/.m2/repository/com/fasterxml/jackson/core/jackson-databind/2.9.4/jackson-databind-2.9.4.jar
7fde1976f000-7fde19772000 r--s 00019000 08:07 3285583                    /home/irina/.m2/repository/io/jsonwebtoken/jjwt/0.9.0/jjwt-0.9.0.jar
7fde19772000-7fde19780000 r--s 0006b000 08:07 3285764                    /home/irina/.m2/repository/org/springframework/security/spring-security-web/5.0.3.RELEASE/spring-security-web-5.0.3.RELEASE.jar
7fde19780000-7fde1978d000 r--s 0005b000 08:07 3285765                    /home/irina/.m2/repository/org/springframework/security/spring-security-core/5.0.3.RELEASE/spring-security-core-5.0.3.RELEASE.jar
7fde1978d000-7fde19798000 r--s 0009e000 08:07 3285766                    /home/irina/.m2/repository/org/springframework/security/spring-security-config/5.0.3.RELEASE/spring-security-config-5.0.3.RELEASE.jar
7fde19798000-7fde197a1000 r--s 0004f000 08:07 3540325                    /home/irina/.m2/repository/org/springframework/spring-aop/5.0.4.RELEASE/spring-aop-5.0.4.RELEASE.jar
7fde197a1000-7fde197a2000 r--s 00000000 08:07 3156652                    /home/irina/.m2/repository/org/springframework/boot/spring-boot-starter-security/2.0.0.RELEASE/spring-boot-starter-security-2.0.0.RELEASE.jar
7fde197a2000-7fde197a4000 r--s 00014000 08:07 3671045                    /home/irina/.m2/repository/org/springframework/boot/spring-boot-configuration-processor/2.0.0.RELEASE/spring-boot-configuration-processor-2.0.0.RELEASE.jar
7fde197a4000-7fde197a6000 r--s 0000e000 08:07 3284319                    /home/irina/.m2/repository/com/fasterxml/classmate/1.3.4/classmate-1.3.4.jar
7fde197a6000-7fde197a8000 r--s 0000f000 08:07 3540370                    /home/irina/.m2/repository/org/jboss/logging/jboss-logging/3.3.2.Final/jboss-logging-3.3.2.Final.jar
7fde197a8000-7fde197ad000 r--s 00012000 08:07 3540369                    /home/irina/.m2/repository/javax/validation/validation-api/2.0.1.Final/validation-api-2.0.1.Final.jar
7fde197ad000-7fde197bf000 r--s 000a9000 08:07 3284590                    /home/irina/.m2/repository/org/hibernate/hibernate-validator/5.4.1.Final/hibernate-validator-5.4.1.Final.jar
7fde197bf000-7fde197c4000 r--s 0003a000 08:07 3540364                    /home/irina/.m2/repository/org/apache/tomcat/embed/tomcat-embed-websocket/8.5.28/tomcat-embed-websocket-8.5.28.jar
7fde197c4000-7fde197c8000 r--s 00037000 08:07 3540363                    /home/irina/.m2/repository/org/apache/tomcat/embed/tomcat-embed-el/8.5.28/tomcat-embed-el-8.5.28.jar
7fde197c8000-7fde197f2000 r--s 002ce000 08:07 3540362                    /home/irina/.m2/repository/org/apache/tomcat/embed/tomcat-embed-core/8.5.28/tomcat-embed-core-8.5.28.jar
7fde197f2000-7fde197f4000 r--s 00005000 08:07 3540345                    /home/irina/.m2/repository/javax/annotation/javax.annotation-api/1.3.2/javax.annotation-api-1.3.2.jar
7fde197f4000-7fde197f5000 r--s 00000000 08:07 3413950                    /home/irina/.m2/repository/org/springframework/boot/spring-boot-starter-tomcat/2.0.0.RELEASE/spring-boot-starter-tomcat-2.0.0.RELEASE.jar
7fde197f5000-7fde19804000 r--s 000b0000 08:07 3413952                    /home/irina/.m2/repository/org/springframework/spring-webmvc/5.0.4.RELEASE/spring-webmvc-5.0.4.RELEASE.jar
7fde19804000-7fde1981e000 r--s 00116000 08:07 3540326                    /home/irina/.m2/repository/org/springframework/spring-web/5.0.4.RELEASE/spring-web-5.0.4.RELEASE.jar
7fde1981e000-7fde1983a000 r--s 000f5000 08:07 3540365                    /home/irina/.m2/repository/org/hibernate/validator/hibernate-validator/6.0.7.Final/hibernate-validator-6.0.7.Final.jar
7fde1983a000-7fde1983c000 r--s 00001000 08:07 3540357                    /home/irina/.m2/repository/com/fasterxml/jackson/module/jackson-module-parameter-names/2.9.4/jackson-module-parameter-names-2.9.4.jar
7fde1983c000-7fde1983e000 r--s 00016000 08:07 3540356                    /home/irina/.m2/repository/com/fasterxml/jackson/datatype/jackson-datatype-jsr310/2.9.4/jackson-datatype-jsr310-2.9.4.jar
7fde1983e000-7fde19840000 r--s 00007000 08:07 3540355                    /home/irina/.m2/repository/com/fasterxml/jackson/datatype/jackson-datatype-jdk8/2.9.4/jackson-datatype-jdk8-2.9.4.jar
7fde19840000-7fde19841000 r--s 00000000 08:07 3540323                    /home/irina/.m2/repository/org/springframework/boot/spring-boot-starter-json/2.0.0.RELEASE/spring-boot-starter-json-2.0.0.RELEASE.jar
7fde19841000-7fde19842000 r--s 00000000 08:07 3413946                    /home/irina/.m2/repository/org/springframework/boot/spring-boot-starter-web/2.0.0.RELEASE/spring-boot-starter-web-2.0.0.RELEASE.jar
7fde19842000-7fde19845000 r--s 00008000 08:07 3670536                    /home/irina/.m2/repository/org/springframework/spring-aspects/5.0.4.RELEASE/spring-aspects-5.0.4.RELEASE.jar
7fde19845000-7fde19849000 r--s 0002a000 08:07 3670533                    /home/irina/.m2/repository/org/springframework/spring-orm/5.0.4.RELEASE/spring-orm-5.0.4.RELEASE.jar
7fde19849000-7fde19850000 r--s 00049000 08:07 3155410                    /home/irina/.m2/repository/org/springframework/data/spring-data-jpa/2.0.5.RELEASE/spring-data-jpa-2.0.5.RELEASE.jar
7fde19850000-7fde19852000 r--s 00006000 08:07 3284574                    /home/irina/.m2/repository/javax/transaction/javax.transaction-api/1.2/javax.transaction-api-1.2.jar
7fde19852000-7fde19855000 r--s 00010000 08:07 3284572                    /home/irina/.m2/repository/org/hibernate/common/hibernate-commons-annotations/5.0.1.Final/hibernate-commons-annotations-5.0.1.Final.jar
7fde19855000-7fde1985a000 r--s 00048000 08:07 3155418                    /home/irina/.m2/repository/dom4j/dom4j/1.6.1/dom4j-1.6.1.jar
7fde1985a000-7fde1985d000 r--s 0002b000 08:07 3284570                    /home/irina/.m2/repository/org/jboss/jandex/2.0.3.Final/jandex-2.0.3.Final.jar
7fde1985d000-7fde19862000 r--s 00068000 08:07 3155416                    /home/irina/.m2/repository/antlr/antlr/2.7.7/antlr-2.7.7.jar
7fde19862000-7fde1986c000 r--s 000ab000 08:07 3670546                    /home/irina/.m2/repository/org/javassist/javassist/3.22.0-GA/javassist-3.22.0-GA.jar
7fde1986c000-7fde19871000 r--s 00017000 08:07 3284568                    /home/irina/.m2/repository/org/hibernate/javax/persistence/hibernate-jpa-2.1-api/1.0.0.Final/hibernate-jpa-2.1-api-1.0.0.Final.jar
7fde19871000-7fde198ef000 r--s 005ec000 08:07 3284567                    /home/irina/.m2/repository/org/hibernate/hibernate-core/5.2.14.Final/hibernate-core-5.2.14.Final.jar
7fde198ef000-7fde198f8000 r--s 00057000 08:07 3670532                    /home/irina/.m2/repository/org/springframework/spring-jdbc/5.0.4.RELEASE/spring-jdbc-5.0.4.RELEASE.jar
7fde198f8000-7fde198fb000 r--s 00020000 08:07 3414113                    /home/irina/.m2/repository/com/zaxxer/HikariCP/2.7.8/HikariCP-2.7.8.jar
7fde198fb000-7fde198fc000 r--s 00000000 08:07 3670528                    /home/irina/.m2/repository/org/springframework/boot/spring-boot-starter-jdbc/2.0.0.RELEASE/spring-boot-starter-jdbc-2.0.0.RELEASE.jar
7fde198fc000-7fde19915000 r--s 001bf000 08:07 3670547                    /home/irina/.m2/repository/org/aspectj/aspectjweaver/1.8.13/aspectjweaver-1.8.13.jar
7fde19915000-7fde19916000 r--s 00000000 08:07 3670526                    /home/irina/.m2/repository/org/springframework/boot/spring-boot-starter-aop/2.0.0.RELEASE/spring-boot-starter-aop-2.0.0.RELEASE.jar
7fde19916000-7fde19917000 r--s 00000000 08:07 3670527                    /home/irina/.m2/repository/org/springframework/boot/spring-boot-starter-data-jpa/2.0.0.RELEASE/spring-boot-starter-data-jpa-2.0.0.RELEASE.jar
7fde19917000-7fde19919000 r--s 00009000 08:07 3284321                    /home/irina/.m2/repository/org/slf4j/slf4j-api/1.7.25/slf4j-api-1.7.25.jar
7fde19919000-7fde19930000 r--s 000ed000 08:07 3155411                    /home/irina/.m2/repository/org/springframework/data/spring-data-commons/2.0.5.RELEASE/spring-data-commons-2.0.5.RELEASE.jar
7fde19930000-7fde19935000 r--s 0003c000 08:07 3540330                    /home/irina/.m2/repository/org/springframework/spring-expression/5.0.4.RELEASE/spring-expression-5.0.4.RELEASE.jar
7fde19935000-7fde19941000 r--s 00094000 08:07 3540327                    /home/irina/.m2/repository/org/springframework/spring-beans/5.0.4.RELEASE/spring-beans-5.0.4.RELEASE.jar
7fde19941000-7fde1995b000 r--s 000ee000 08:07 3540328                    /home/irina/.m2/repository/org/springframework/spring-context/5.0.4.RELEASE/spring-context-5.0.4.RELEASE.jar
7fde1995b000-7fde19962000 r--s 00036000 08:07 3670534                    /home/irina/.m2/repository/org/springframework/spring-tx/5.0.4.RELEASE/spring-tx-5.0.4.RELEASE.jar
7fde19962000-7fde1997e000 r--s 00110000 08:07 3286754                    /home/irina/.m2/repository/org/springframework/data/spring-data-mongodb/2.0.5.RELEASE/spring-data-mongodb-2.0.5.RELEASE.jar
7fde1997e000-7fde19994000 r--s 000fb000 08:07 3286757                    /home/irina/.m2/repository/org/mongodb/mongodb-driver-core/3.6.3/mongodb-driver-core-3.6.3.jar
7fde19994000-7fde1999c000 r--s 00059000 08:07 3156734                    /home/irina/.m2/repository/org/mongodb/bson/3.6.3/bson-3.6.3.jar
7fde1999c000-7fde199a3000 r--s 00058000 08:07 3156733                    /home/irina/.m2/repository/org/mongodb/mongodb-driver/3.6.3/mongodb-driver-3.6.3.jar
7fde199a3000-7fde199ba000 r--s 00112000 08:07 3413954                    /home/irina/.m2/repository/org/springframework/spring-core/5.0.4.RELEASE/spring-core-5.0.4.RELEASE.jar
7fde199ba000-7fde199bc000 r--s 00000000 08:07 3277062                    /home/irina/.m2/repository/org/slf4j/jul-to-slf4j/1.7.25/jul-to-slf4j-1.7.25.jar
7fde199bc000-7fde199c2000 r--s 00039000 08:07 3540346                    /home/irina/.m2/repository/org/apache/logging/log4j/log4j-api/2.10.0/log4j-api-2.10.0.jar
7fde199c2000-7fde199c4000 r--s 00003000 08:07 3155234                    /home/irina/.m2/repository/org/apache/logging/log4j/log4j-to-slf4j/2.10.0/log4j-to-slf4j-2.10.0.jar
7fde199c4000-7fde199cf000 r--s 00069000 08:07 3284394                    /home/irina/.m2/repository/ch/qos/logback/logback-core/1.2.3/logback-core-1.2.3.jar
7fde199cf000-7fde199d5000 r--s 00041000 08:07 3155233                    /home/irina/.m2/repository/ch/qos/logback/logback-classic/1.2.3/logback-classic-1.2.3.jar
7fde199d5000-7fde199f5000 r--s 000f8000 08:07 3540320                    /home/irina/.m2/repository/org/springframework/boot/spring-boot-autoconfigure/2.0.0.RELEASE/spring-boot-autoconfigure-2.0.0.RELEASE.jar
7fde199f5000-7fde19bf5000 rw-p 00000000 00:00 0 
7fde19bf5000-7fde19df5000 rw-p 00000000 00:00 0 
7fde19df5000-7fde19e6f000 r--s 010f7000 08:07 266953                     /usr/lib/jvm/java-8-oracle/lib/tools.jar
7fde19e6f000-7fde1a06f000 rw-p 00000000 00:00 0 
7fde1a06f000-7fde1a080000 r-xp 00000000 08:07 275073                     /usr/lib/jvm/java-8-oracle/jre/lib/amd64/libnio.so
7fde1a080000-7fde1a27f000 ---p 00011000 08:07 275073                     /usr/lib/jvm/java-8-oracle/jre/lib/amd64/libnio.so
7fde1a27f000-7fde1a280000 rw-p 00010000 08:07 275073                     /usr/lib/jvm/java-8-oracle/jre/lib/amd64/libnio.so
7fde1a280000-7fde1a297000 r-xp 00000000 08:07 275070                     /usr/lib/jvm/java-8-oracle/jre/lib/amd64/libnet.so
7fde1a297000-7fde1a496000 ---p 00017000 08:07 275070                     /usr/lib/jvm/java-8-oracle/jre/lib/amd64/libnet.so
7fde1a496000-7fde1a497000 rw-p 00016000 08:07 275070                     /usr/lib/jvm/java-8-oracle/jre/lib/amd64/libnet.so
7fde1a497000-7fde1a697000 rw-p 00000000 00:00 0 
7fde1a697000-7fde1a897000 rw-p 00000000 00:00 0 
7fde1a897000-7fde1a898000 ---p 00000000 00:00 0 
7fde1a898000-7fde1a998000 rw-p 00000000 00:00 0 
7fde1a998000-7fde1a99b000 ---p 00000000 00:00 0 
7fde1a99b000-7fde1aa99000 rw-p 00000000 00:00 0 
7fde1aa99000-7fde1aa9c000 ---p 00000000 00:00 0 
7fde1aa9c000-7fde1ab9a000 rw-p 00000000 00:00 0 
7fde1ab9a000-7fde1ab9d000 ---p 00000000 00:00 0 
7fde1ab9d000-7fde1ac9b000 rw-p 00000000 00:00 0 
7fde1ac9b000-7fde1ac9e000 ---p 00000000 00:00 0 
7fde1ac9e000-7fde1ad9c000 rw-p 00000000 00:00 0 
7fde1ad9c000-7fde1ad9f000 ---p 00000000 00:00 0 
7fde1ad9f000-7fde1ae9d000 rw-p 00000000 00:00 0 
7fde1ae9d000-7fde1aea0000 ---p 00000000 00:00 0 
7fde1aea0000-7fde1af9e000 rw-p 00000000 00:00 0 
7fde1af9e000-7fde1b3f4000 r--p 00000000 08:07 263637                     /usr/lib/locale/locale-archive
7fde1b3f4000-7fde1b3f7000 ---p 00000000 00:00 0 
7fde1b3f7000-7fde1b4f5000 rw-p 00000000 00:00 0 
7fde1b4f5000-7fde1b4f8000 ---p 00000000 00:00 0 
7fde1b4f8000-7fde1b5f6000 rw-p 00000000 00:00 0 
7fde1b5f6000-7fde1b5f7000 ---p 00000000 00:00 0 
7fde1b5f7000-7fde1c000000 rw-p 00000000 00:00 0 
7fde1c000000-7fde1c021000 rw-p 00000000 00:00 0 
7fde1c021000-7fde20000000 ---p 00000000 00:00 0 
7fde20000000-7fde20001000 r--s 00003000 08:07 3540342                    /home/irina/.m2/repository/org/springframework/spring-jcl/5.0.4.RELEASE/spring-jcl-5.0.4.RELEASE.jar
7fde20001000-7fde20002000 r--s 00000000 08:07 3540319                    /home/irina/.m2/repository/org/springframework/boot/spring-boot-starter-logging/2.0.0.RELEASE/spring-boot-starter-logging-2.0.0.RELEASE.jar
7fde20002000-7fde20017000 r--s 000cd000 08:07 3413944                    /home/irina/.m2/repository/org/springframework/boot/spring-boot/2.0.0.RELEASE/spring-boot-2.0.0.RELEASE.jar
7fde20017000-7fde20018000 r--s 00000000 08:07 3413945                    /home/irina/.m2/repository/org/springframework/boot/spring-boot-starter/2.0.0.RELEASE/spring-boot-starter-2.0.0.RELEASE.jar
7fde20018000-7fde20019000 r--s 00000000 08:07 3156729                    /home/irina/.m2/repository/org/springframework/boot/spring-boot-starter-data-mongodb/2.0.0.RELEASE/spring-boot-starter-data-mongodb-2.0.0.RELEASE.jar
7fde20019000-7fde2001a000 r--s 00004000 08:07 3414016                    /home/irina/.m2/repository/org/codehaus/plexus/plexus-compiler-javac/2.8.2/plexus-compiler-javac-2.8.2.jar
7fde2001a000-7fde2001c000 r--s 00000000 08:07 3414013                    /home/irina/.m2/repository/org/codehaus/plexus/plexus-compiler-manager/2.8.2/plexus-compiler-manager-2.8.2.jar
7fde2001c000-7fde2001e000 r--s 00005000 08:07 3541395                    /home/irina/.m2/repository/org/codehaus/plexus/plexus-compiler-api/2.8.2/plexus-compiler-api-2.8.2.jar
7fde2001e000-7fde20024000 r--s 00047000 08:07 3414012                    /home/irina/.m2/repository/com/thoughtworks/qdox/qdox/2.0-M7/qdox-2.0-M7.jar
7fde20024000-7fde20025000 r--s 0000d000 08:07 3541394                    /home/irina/.m2/repository/org/ow2/asm/asm/6.0_BETA/asm-6.0_BETA.jar
7fde20025000-7fde20027000 r--s 00006000 08:07 3284474                    /home/irina/.m2/repository/org/codehaus/plexus/plexus-java/0.9.2/plexus-java-0.9.2.jar
7fde20027000-7fde20029000 r--s 00002000 08:07 3539326                    /home/irina/.m2/repository/org/apache/maven/shared/maven-shared-incremental/1.1/maven-shared-incremental-1.1.jar
7fde20029000-7fde2002d000 r--s 0002f000 08:07 3541392                    /home/irina/.m2/repository/commons-io/commons-io/2.5/commons-io-2.5.jar
7fde2002d000-7fde20030000 r--s 00025000 08:07 3414010                    /home/irina/.m2/repository/org/apache/maven/shared/maven-shared-utils/3.1.0/maven-shared-utils-3.1.0.jar
7fde20030000-7fde20032000 r--s 0000d000 08:07 3284473                    /home/irina/.m2/repository/org/codehaus/plexus/plexus-interpolation/1.14/plexus-interpolation-1.14.jar
7fde20032000-7fde20034000 r--s 0000d000 08:07 3155241                    /home/irina/.m2/repository/org/apache/maven/plugins/maven-compiler-plugin/3.7.0/maven-compiler-plugin-3.7.0.jar
7fde20034000-7fde20037000 r--s 00010000 08:07 3284465                    /home/irina/.m2/repository/org/codehaus/plexus/plexus-interpolation/1.22/plexus-interpolation-1.22.jar
7fde20037000-7fde20039000 r--s 00001000 08:07 3278262                    /home/irina/.m2/repository/org/sonatype/plexus/plexus-build-api/0.0.7/plexus-build-api-0.0.7.jar
7fde20039000-7fde2003b000 r--s 0000b000 08:07 3284462                    /home/irina/.m2/repository/org/apache/maven/shared/maven-filtering/3.1.1/maven-filtering-3.1.1.jar
7fde2003b000-7fde2003f000 r--s 00039000 08:07 3541357                    /home/irina/.m2/repository/org/codehaus/plexus/plexus-utils/3.0.24/plexus-utils-3.0.24.jar
7fde2003f000-7fde20041000 r--s 00002000 08:07 3278244                    /home/irina/.m2/repository/org/sonatype/plexus/plexus-cipher/1.4/plexus-cipher-1.4.jar
7fde20041000-7fde20042000 r--s 00006000 08:07 3278240                    /home/irina/.m2/repository/org/sonatype/plexus/plexus-sec-dispatcher/1.3/plexus-sec-dispatcher-1.3.jar
7fde20042000-7fde20044000 r--s 00000000 08:07 3284461                    /home/irina/.m2/repository/org/codehaus/plexus/plexus-component-annotations/1.6/plexus-component-annotations-1.6.jar
7fde20044000-7fde20048000 r--s 00017000 08:07 3284460                    /home/irina/.m2/repository/org/sonatype/aether/aether-util/1.7/aether-util-1.7.jar
7fde20048000-7fde2004a000 r--s 00006000 08:07 3278211                    /home/irina/.m2/repository/com/google/code/findbugs/jsr305/2.0.1/jsr305-2.0.1.jar
7fde2004a000-7fde20055000 r--s 00069000 08:07 3278268                    /home/irina/.m2/repository/org/sonatype/sisu/sisu-guice/2.1.7/sisu-guice-2.1.7-noaop.jar
7fde20055000-7fde20058000 ---p 00000000 00:00 0 
7fde20058000-7fde24000000 rw-p 00000000 00:00 0 
7fde24000000-7fde24021000 rw-p 00000000 00:00 0 
7fde24021000-7fde28000000 ---p 00000000 00:00 0 
7fde28000000-7fde28001000 r--s 00007000 08:07 3284397                    /home/irina/.m2/repository/org/apache/maven/plugins/maven-resources-plugin/3.0.1/maven-resources-plugin-3.0.1.jar
7fde28001000-7fde28005000 r--s 0002a000 08:07 3277093                    /home/irina/.m2/repository/commons-io/commons-io/2.4/commons-io-2.4.jar
7fde28005000-7fde28008000 r--s 00023000 08:07 3413976                    /home/irina/.m2/repository/org/apache/maven/shared/maven-shared-utils/3.0.0/maven-shared-utils-3.0.0.jar
7fde28008000-7fde2800d000 r--s 00021000 08:07 3278266                    /home/irina/.m2/repository/org/sonatype/sisu/sisu-inject-bean/1.4.2/sisu-inject-bean-1.4.2.jar
7fde2800d000-7fde2800f000 r--s 00000000 08:07 3278239                    /home/irina/.m2/repository/org/codehaus/plexus/plexus-component-annotations/1.5.5/plexus-component-annotations-1.5.5.jar
7fde2800f000-7fde28013000 r--s 00033000 08:07 3541391                    /home/irina/.m2/repository/org/codehaus/plexus/plexus-utils/2.0.4/plexus-utils-2.0.4.jar
7fde28013000-7fde28015000 r--s 00006000 08:07 3155247                    /home/irina/.m2/repository/org/apache/maven/plugins/maven-clean-plugin/3.0.0/maven-clean-plugin-3.0.0.jar
7fde28015000-7fde28016000 r--p 00000000 00:00 0 
7fde28016000-7fde2801b000 r--s 0009a000 08:07 274913                     /usr/lib/jvm/java-8-oracle/jre/lib/jsse.jar
7fde2801b000-7fde2801d000 r--s 0000d000 08:07 803091                     /usr/local/netbeans-8.2/java/maven-nblib/netbeans-eventspy.jar
7fde2801d000-7fde2801e000 r--s 00002000 08:07 803111                     /usr/local/netbeans-8.2/java/maven/lib/wagon-file-2.10.jar
7fde2801e000-7fde28022000 r--s 00033000 08:07 803094                     /usr/local/netbeans-8.2/java/maven/lib/plexus-utils-2.0.6.jar
7fde28022000-7fde28025000 r--s 0001d000 08:07 803095                     /usr/local/netbeans-8.2/java/maven/lib/aether-impl-1.13.1.jar
7fde28025000-7fde28026000 r--s 00006000 08:07 803022                     /usr/local/netbeans-8.2/java/maven/lib/plexus-sec-dispatcher-1.3.jar
7fde28026000-7fde28045000 r--s 00154000 08:07 803109                     /usr/local/netbeans-8.2/java/maven/lib/sisu-guava-0.9.9.jar
7fde28045000-7fde28046000 r--s 00002000 08:07 803069                     /usr/local/netbeans-8.2/java/maven/lib/wagon-http-shared-2.10.jar
7fde28046000-7fde28048000 r--s 0000b000 08:07 803054                     /usr/local/netbeans-8.2/java/maven/lib/wagon-provider-api-2.10.jar
7fde28048000-7fde2804a000 r--s 00002000 08:07 803101                     /usr/local/netbeans-8.2/java/maven/lib/plexus-cipher-1.7.jar
7fde2804a000-7fde2804d000 r--s 00008000 08:07 802968                     /usr/local/netbeans-8.2/java/maven/lib/maven-settings-builder-3.0.5.jar
7fde2804d000-7fde28059000 r--s 0007d000 08:07 803108                     /usr/local/netbeans-8.2/java/maven/lib/maven-core-3.0.5.jar
7fde28059000-7fde2805b000 r--s 0000b000 08:07 803081                     /usr/local/netbeans-8.2/java/maven/lib/maven-artifact-3.0.5.jar
7fde2805b000-7fde2805d000 r--s 00000000 08:07 802752                     /usr/local/netbeans-8.2/java/maven/lib/plexus-component-annotations-1.5.5.jar
7fde2805d000-7fde2805f000 r--s 00006000 08:07 802939                     /usr/local/netbeans-8.2/java/maven/lib/aether-connector-wagon-1.13.1.jar
7fde2805f000-7fde2808e000 r--s 001c8000 08:07 803066                     /usr/local/netbeans-8.2/java/maven/lib/wagon-http-2.10-shaded.jar
7fde2808e000-7fde29000000 rw-p 00000000 00:00 0 
7fde29000000-7fde29af0000 rwxp 00000000 00:00 0 
7fde29af0000-7fde38000000 ---p 00000000 00:00 0 
7fde38000000-7fde39088000 rw-p 00000000 00:00 0 
7fde39088000-7fde3c000000 ---p 00000000 00:00 0 
7fde3c000000-7fde3c007000 r--s 0002b000 08:07 803042                     /usr/local/netbeans-8.2/java/maven/lib/sisu-inject-plexus-2.3.0.jar
7fde3c007000-7fde3c009000 r--s 00026000 08:07 803100                     /usr/local/netbeans-8.2/java/maven/lib/maven-model-3.0.5.jar
7fde3c009000-7fde3c00b000 r--s 0000c000 08:07 802986                     /usr/local/netbeans-8.2/java/maven/lib/maven-aether-provider-3.0.5.jar
7fde3c00b000-7fde3c00f000 r--s 00013000 08:07 803102                     /usr/local/netbeans-8.2/java/maven/lib/aether-api-1.13.1.jar
7fde3c00f000-7fde3c016000 r--s 0003f000 08:07 803068                     /usr/local/netbeans-8.2/java/maven/lib/sisu-inject-bean-2.3.0.jar
7fde3c016000-7fde3c20b000 rw-p 00000000 00:00 0 
7fde3c20b000-7fde3c3e4000 r--s 03d5a000 08:07 274856                     /usr/lib/jvm/java-8-oracle/jre/lib/rt.jar
7fde3c3e4000-7fde3d031000 rw-p 00000000 00:00 0 
7fde3d031000-7fde3d032000 ---p 00000000 00:00 0 
7fde3d032000-7fde3d132000 rw-p 00000000 00:00 0 
7fde3d132000-7fde3d133000 ---p 00000000 00:00 0 
7fde3d133000-7fde3d233000 rw-p 00000000 00:00 0 
7fde3d233000-7fde3d234000 ---p 00000000 00:00 0 
7fde3d234000-7fde3d334000 rw-p 00000000 00:00 0 
7fde3d334000-7fde3d335000 ---p 00000000 00:00 0 
7fde3d335000-7fde3d435000 rw-p 00000000 00:00 0 
7fde3d435000-7fde3d436000 ---p 00000000 00:00 0 
7fde3d436000-7fde3d536000 rw-p 00000000 00:00 0 
7fde3d536000-7fde3d537000 ---p 00000000 00:00 0 
7fde3d537000-7fde3d637000 rw-p 00000000 00:00 0 
7fde3d637000-7fde3d638000 ---p 00000000 00:00 0 
7fde3d638000-7fde3d738000 rw-p 00000000 00:00 0 
7fde3d738000-7fde3d739000 ---p 00000000 00:00 0 
7fde3d739000-7fde3d863000 rw-p 00000000 00:00 0 
7fde3d863000-7fde3dac9000 ---p 00000000 00:00 0 
7fde3dac9000-7fde3daf3000 rw-p 00000000 00:00 0 
7fde3daf3000-7fde3dd58000 ---p 00000000 00:00 0 
7fde3dd58000-7fde3dda0000 rw-p 00000000 00:00 0 
7fde3dda0000-7fde3dea0000 ---p 00000000 00:00 0 
7fde3dea0000-7fde3decd000 rw-p 00000000 00:00 0 
7fde3decd000-7fde3e261000 ---p 00000000 00:00 0 
7fde3e261000-7fde3e27c000 r-xp 00000000 08:07 275066                     /usr/lib/jvm/java-8-oracle/jre/lib/amd64/libzip.so
7fde3e27c000-7fde3e47c000 ---p 0001b000 08:07 275066                     /usr/lib/jvm/java-8-oracle/jre/lib/amd64/libzip.so
7fde3e47c000-7fde3e47d000 rw-p 0001b000 08:07 275066                     /usr/lib/jvm/java-8-oracle/jre/lib/amd64/libzip.so
7fde3e47d000-7fde3e488000 r-xp 00000000 08:07 2753191                    /lib/x86_64-linux-gnu/libnss_files-2.23.so
7fde3e488000-7fde3e687000 ---p 0000b000 08:07 2753191                    /lib/x86_64-linux-gnu/libnss_files-2.23.so
7fde3e687000-7fde3e688000 r--p 0000a000 08:07 2753191                    /lib/x86_64-linux-gnu/libnss_files-2.23.so
7fde3e688000-7fde3e689000 rw-p 0000b000 08:07 2753191                    /lib/x86_64-linux-gnu/libnss_files-2.23.so
7fde3e689000-7fde3e68f000 rw-p 00000000 00:00 0 
7fde3e68f000-7fde3e69a000 r-xp 00000000 08:07 2753195                    /lib/x86_64-linux-gnu/libnss_nis-2.23.so
7fde3e69a000-7fde3e899000 ---p 0000b000 08:07 2753195                    /lib/x86_64-linux-gnu/libnss_nis-2.23.so
7fde3e899000-7fde3e89a000 r--p 0000a000 08:07 2753195                    /lib/x86_64-linux-gnu/libnss_nis-2.23.so
7fde3e89a000-7fde3e89b000 rw-p 0000b000 08:07 2753195                    /lib/x86_64-linux-gnu/libnss_nis-2.23.so
7fde3e89b000-7fde3e8b1000 r-xp 00000000 08:07 2753127                    /lib/x86_64-linux-gnu/libnsl-2.23.so
7fde3e8b1000-7fde3eab0000 ---p 00016000 08:07 2753127                    /lib/x86_64-linux-gnu/libnsl-2.23.so
7fde3eab0000-7fde3eab1000 r--p 00015000 08:07 2753127                    /lib/x86_64-linux-gnu/libnsl-2.23.so
7fde3eab1000-7fde3eab2000 rw-p 00016000 08:07 2753127                    /lib/x86_64-linux-gnu/libnsl-2.23.so
7fde3eab2000-7fde3eab4000 rw-p 00000000 00:00 0 
7fde3eab4000-7fde3eabc000 r-xp 00000000 08:07 2753186                    /lib/x86_64-linux-gnu/libnss_compat-2.23.so
7fde3eabc000-7fde3ecbb000 ---p 00008000 08:07 2753186                    /lib/x86_64-linux-gnu/libnss_compat-2.23.so
7fde3ecbb000-7fde3ecbc000 r--p 00007000 08:07 2753186                    /lib/x86_64-linux-gnu/libnss_compat-2.23.so
7fde3ecbc000-7fde3ecbd000 rw-p 00008000 08:07 2753186                    /lib/x86_64-linux-gnu/libnss_compat-2.23.so
7fde3ecbd000-7fde3ece8000 r-xp 00000000 08:07 275060                     /usr/lib/jvm/java-8-oracle/jre/lib/amd64/libjava.so
7fde3ece8000-7fde3eee7000 ---p 0002b000 08:07 275060                     /usr/lib/jvm/java-8-oracle/jre/lib/amd64/libjava.so
7fde3eee7000-7fde3eee9000 rw-p 0002a000 08:07 275060                     /usr/lib/jvm/java-8-oracle/jre/lib/amd64/libjava.so
7fde3eee9000-7fde3eef6000 r-xp 00000000 08:07 275065                     /usr/lib/jvm/java-8-oracle/jre/lib/amd64/libverify.so
7fde3eef6000-7fde3f0f6000 ---p 0000d000 08:07 275065                     /usr/lib/jvm/java-8-oracle/jre/lib/amd64/libverify.so
7fde3f0f6000-7fde3f0f8000 rw-p 0000d000 08:07 275065                     /usr/lib/jvm/java-8-oracle/jre/lib/amd64/libverify.so
7fde3f0f8000-7fde3f0ff000 r-xp 00000000 08:07 2753196                    /lib/x86_64-linux-gnu/librt-2.23.so
7fde3f0ff000-7fde3f2fe000 ---p 00007000 08:07 2753196                    /lib/x86_64-linux-gnu/librt-2.23.so
7fde3f2fe000-7fde3f2ff000 r--p 00006000 08:07 2753196                    /lib/x86_64-linux-gnu/librt-2.23.so
7fde3f2ff000-7fde3f300000 rw-p 00007000 08:07 2753196                    /lib/x86_64-linux-gnu/librt-2.23.so
7fde3f300000-7fde3f408000 r-xp 00000000 08:07 2753120                    /lib/x86_64-linux-gnu/libm-2.23.so
7fde3f408000-7fde3f607000 ---p 00108000 08:07 2753120                    /lib/x86_64-linux-gnu/libm-2.23.so
7fde3f607000-7fde3f608000 r--p 00107000 08:07 2753120                    /lib/x86_64-linux-gnu/libm-2.23.so
7fde3f608000-7fde3f609000 rw-p 00108000 08:07 2753120                    /lib/x86_64-linux-gnu/libm-2.23.so
7fde3f609000-7fde402dc000 r-xp 00000000 08:07 275043                     /usr/lib/jvm/java-8-oracle/jre/lib/amd64/server/libjvm.so
7fde402dc000-7fde404db000 ---p 00cd3000 08:07 275043                     /usr/lib/jvm/java-8-oracle/jre/lib/amd64/server/libjvm.so
7fde404db000-7fde405b5000 rw-p 00cd2000 08:07 275043                     /usr/lib/jvm/java-8-oracle/jre/lib/amd64/server/libjvm.so
7fde405b5000-7fde40600000 rw-p 00000000 00:00 0 
7fde40600000-7fde407c0000 r-xp 00000000 08:07 2753165                    /lib/x86_64-linux-gnu/libc-2.23.so
7fde407c0000-7fde409c0000 ---p 001c0000 08:07 2753165                    /lib/x86_64-linux-gnu/libc-2.23.so
7fde409c0000-7fde409c4000 r--p 001c0000 08:07 2753165                    /lib/x86_64-linux-gnu/libc-2.23.so
7fde409c4000-7fde409c6000 rw-p 001c4000 08:07 2753165                    /lib/x86_64-linux-gnu/libc-2.23.so
7fde409c6000-7fde409ca000 rw-p 00000000 00:00 0 
7fde409ca000-7fde409cd000 r-xp 00000000 08:07 2753180                    /lib/x86_64-linux-gnu/libdl-2.23.so
7fde409cd000-7fde40bcc000 ---p 00003000 08:07 2753180                    /lib/x86_64-linux-gnu/libdl-2.23.so
7fde40bcc000-7fde40bcd000 r--p 00002000 08:07 2753180                    /lib/x86_64-linux-gnu/libdl-2.23.so
7fde40bcd000-7fde40bce000 rw-p 00003000 08:07 2753180                    /lib/x86_64-linux-gnu/libdl-2.23.so
7fde40bce000-7fde40be4000 r-xp 00000000 08:07 274671                     /usr/lib/jvm/java-8-oracle/lib/amd64/jli/libjli.so
7fde40be4000-7fde40de3000 ---p 00016000 08:07 274671                     /usr/lib/jvm/java-8-oracle/lib/amd64/jli/libjli.so
7fde40de3000-7fde40de4000 rw-p 00015000 08:07 274671                     /usr/lib/jvm/java-8-oracle/lib/amd64/jli/libjli.so
7fde40de4000-7fde40dfc000 r-xp 00000000 08:07 2753129                    /lib/x86_64-linux-gnu/libpthread-2.23.so
7fde40dfc000-7fde40ffb000 ---p 00018000 08:07 2753129                    /lib/x86_64-linux-gnu/libpthread-2.23.so
7fde40ffb000-7fde40ffc000 r--p 00017000 08:07 2753129                    /lib/x86_64-linux-gnu/libpthread-2.23.so
7fde40ffc000-7fde40ffd000 rw-p 00018000 08:07 2753129                    /lib/x86_64-linux-gnu/libpthread-2.23.so
7fde40ffd000-7fde41001000 rw-p 00000000 00:00 0 
7fde41001000-7fde41027000 r-xp 00000000 08:07 2753128                    /lib/x86_64-linux-gnu/ld-2.23.so
7fde41027000-7fde41028000 r--s 00003000 08:07 803103                     /usr/local/netbeans-8.2/java/maven/lib/aether-spi-1.13.1.jar
7fde41028000-7fde4102a000 r--s 0000d000 08:07 803023                     /usr/local/netbeans-8.2/java/maven/lib/plexus-interpolation-1.14.jar
7fde4102a000-7fde4102e000 r--s 0001c000 08:07 803096                     /usr/local/netbeans-8.2/java/maven/lib/aether-util-1.13.1.jar
7fde4102e000-7fde41034000 r--s 0003f000 08:07 803097                     /usr/local/netbeans-8.2/java/maven/lib/maven-compat-3.0.5.jar
7fde41034000-7fde41036000 r--s 0000b000 08:07 803067                     /usr/local/netbeans-8.2/java/maven/lib/maven-plugin-api-3.0.5.jar
7fde41036000-7fde4103e000 r--s 00050000 08:07 803053                     /usr/local/netbeans-8.2/java/maven/lib/sisu-guice-3.1.0-no_aop.jar
7fde4103e000-7fde41109000 rw-p 00000000 00:00 0 
7fde41109000-7fde4110c000 ---p 00000000 00:00 0 
7fde4110c000-7fde4120e000 rw-p 00000000 00:00 0 
7fde4120e000-7fde41210000 r--s 00009000 08:07 803112                     /usr/local/netbeans-8.2/java/maven/lib/commons-cli-1.2.jar
7fde41210000-7fde41212000 r--s 00006000 08:07 802873                     /usr/local/netbeans-8.2/java/maven/lib/maven-repository-metadata-3.0.5.jar
7fde41212000-7fde41213000 r--s 0000a000 08:07 803082                     /usr/local/netbeans-8.2/java/maven/lib/maven-embedder-3.0.5.jar
7fde41213000-7fde41215000 r--s 0000a000 08:07 803083                     /usr/local/netbeans-8.2/java/maven/lib/maven-settings-3.0.5.jar
7fde41215000-7fde41219000 r--s 00021000 08:07 803021                     /usr/local/netbeans-8.2/java/maven/lib/maven-model-builder-3.0.5.jar
7fde41219000-7fde4121b000 r--s 0000a000 08:07 803056                     /usr/local/netbeans-8.2/java/maven/boot/plexus-classworlds-2.4.jar
7fde4121b000-7fde41223000 rw-s 00000000 08:07 4069382                    /tmp/hsperfdata_irina/6586
7fde41223000-7fde41224000 rw-p 00000000 00:00 0 
7fde41224000-7fde41225000 ---p 00000000 00:00 0 
7fde41225000-7fde41226000 rw-p 00000000 00:00 0 
7fde41226000-7fde41227000 r--p 00025000 08:07 2753128                    /lib/x86_64-linux-gnu/ld-2.23.so
7fde41227000-7fde41228000 rw-p 00026000 08:07 2753128                    /lib/x86_64-linux-gnu/ld-2.23.so
7fde41228000-7fde41229000 rw-p 00000000 00:00 0 
7ffca915c000-7ffca917d000 rw-p 00000000 00:00 0                          [stack]
7ffca91b7000-7ffca91ba000 r--p 00000000 00:00 0                          [vvar]
7ffca91ba000-7ffca91bc000 r-xp 00000000 00:00 0                          [vdso]
ffffffffff600000-ffffffffff601000 r-xp 00000000 00:00 0                  [vsyscall]

VM Arguments:
jvm_args: -Dclassworlds.conf=/usr/local/netbeans-8.2/java/maven/bin/m2.conf -Dmaven.home=/usr/local/netbeans-8.2/java/maven 
java_command: org.codehaus.plexus.classworlds.launcher.Launcher -Dmaven.ext.class.path=/usr/local/netbeans-8.2/java/maven-nblib/netbeans-eventspy.jar clean install
java_class_path (initial): /usr/local/netbeans-8.2/java/maven/boot/plexus-classworlds-2.4.jar
Launcher Type: SUN_STANDARD

Environment Variables:
JAVA_HOME=/usr/lib/jvm/java-8-oracle
PATH=/home/irina/bin:/home/irina/.local/bin:/usr/lib/jvm/java-8-oracle/jre/bin/bin:/usr/local/sbin:/usr/local/bin:/usr/sbin:/usr/bin:/sbin:/bin:/usr/games:/usr/local/games:/snap/bin:/usr/lib/jvm/java-8-oracle/bin:/usr/lib/jvm/java-8-oracle/db/bin:/usr/lib/jvm/java-8-oracle/jre/bin
LD_LIBRARY_PATH=/usr/lib/jvm/java-8-oracle/jre/lib/amd64:/usr/lib/jvm/java-8-oracle/jre/lib/i386:
SHELL=/bin/bash
DISPLAY=:0

Signal Handlers:
SIGSEGV: [libjvm.so+0xacbe10], sa_mask[0]=11111111011111111101111111111110, sa_flags=SA_RESTART|SA_SIGINFO
SIGBUS: [libjvm.so+0xacbe10], sa_mask[0]=11111111011111111101111111111110, sa_flags=SA_RESTART|SA_SIGINFO
SIGFPE: [libjvm.so+0x924f90], sa_mask[0]=11111111011111111101111111111110, sa_flags=SA_RESTART|SA_SIGINFO
SIGPIPE: [libjvm.so+0x924f90], sa_mask[0]=11111111011111111101111111111110, sa_flags=SA_RESTART|SA_SIGINFO
SIGXFSZ: [libjvm.so+0x924f90], sa_mask[0]=11111111011111111101111111111110, sa_flags=SA_RESTART|SA_SIGINFO
SIGILL: [libjvm.so+0x924f90], sa_mask[0]=11111111011111111101111111111110, sa_flags=SA_RESTART|SA_SIGINFO
SIGUSR1: SIG_DFL, sa_mask[0]=00000000000000000000000000000000, sa_flags=none
SIGUSR2: [libjvm.so+0x9267d0], sa_mask[0]=00100000000000000000000000000000, sa_flags=SA_RESTART|SA_SIGINFO
SIGHUP: [libjvm.so+0x927bd0], sa_mask[0]=11111111011111111101111111111110, sa_flags=SA_RESTART|SA_SIGINFO
SIGINT: SIG_IGN, sa_mask[0]=00000000000000000000000000000000, sa_flags=none
SIGTERM: [libjvm.so+0x927bd0], sa_mask[0]=11111111011111111101111111111110, sa_flags=SA_RESTART|SA_SIGINFO
SIGQUIT: [libjvm.so+0x927bd0], sa_mask[0]=11111111011111111101111111111110, sa_flags=SA_RESTART|SA_SIGINFO


---------------  S Y S T E M  ---------------

OS:DISTRIB_ID=Ubuntu
DISTRIB_RELEASE=16.04
DISTRIB_CODENAME=xenial
DISTRIB_DESCRIPTION="Ubuntu 16.04.3 LTS"

uname:Linux 4.13.0-38-generic #43~16.04.1-Ubuntu SMP Wed Mar 14 17:48:43 UTC 2018 x86_64
libc:glibc 2.23 NPTL 2.23 
rlimit: STACK 8192k, CORE 0k, NPROC 30811, NOFILE 1048576, AS infinity
load average:2,58 1,77 1,22

/proc/meminfo:
MemTotal:        8048604 kB
MemFree:          134792 kB
MemAvailable:      59816 kB
Buffers:            2652 kB
Cached:           446688 kB
SwapCached:         2808 kB
Active:          6727896 kB
Inactive:         877128 kB
Active(anon):    6699120 kB
Inactive(anon):   831768 kB
Active(file):      28776 kB
Inactive(file):    45360 kB
Unevictable:         372 kB
Mlocked:             372 kB
SwapTotal:        499708 kB
SwapFree:              0 kB
Dirty:               520 kB
Writeback:             0 kB
AnonPages:       7153636 kB
Mapped:           255248 kB
Shmem:            375056 kB
Slab:             122432 kB
SReclaimable:      53668 kB
SUnreclaim:        68764 kB
KernelStack:       17584 kB
PageTables:        83516 kB
NFS_Unstable:          0 kB
Bounce:                0 kB
WritebackTmp:          0 kB
CommitLimit:     4524008 kB
Committed_AS:   16294992 kB
VmallocTotal:   34359738367 kB
VmallocUsed:           0 kB
VmallocChunk:          0 kB
HardwareCorrupted:     0 kB
AnonHugePages:      2048 kB
ShmemHugePages:        0 kB
ShmemPmdMapped:        0 kB
CmaTotal:              0 kB
CmaFree:               0 kB
HugePages_Total:       0
HugePages_Free:        0
HugePages_Rsvd:        0
HugePages_Surp:        0
Hugepagesize:       2048 kB
DirectMap4k:      237096 kB
DirectMap2M:     8032256 kB
DirectMap1G:     1048576 kB


CPU:total 8 (initial active 8) (4 cores per cpu, 2 threads per core) family 6 model 142 stepping 10, cmov, cx8, fxsr, mmx, sse, sse2, sse3, ssse3, sse4.1, sse4.2, popcnt, avx, avx2, aes, clmul, erms, 3dnowpref, lzcnt, ht, tsc, tscinvbit, bmi1, bmi2, adx

/proc/cpuinfo:
processor	: 0
vendor_id	: GenuineIntel
cpu family	: 6
model		: 142
model name	: Intel(R) Core(TM) i7-8550U CPU @ 1.80GHz
stepping	: 10
microcode	: 0x66
cpu MHz		: 2732.883
cache size	: 8192 KB
physical id	: 0
siblings	: 8
core id		: 0
cpu cores	: 4
apicid		: 0
initial apicid	: 0
fpu		: yes
fpu_exception	: yes
cpuid level	: 22
wp		: yes
flags		: fpu vme de pse tsc msr pae mce cx8 apic sep mtrr pge mca cmov pat pse36 clflush dts acpi mmx fxsr sse sse2 ss ht tm pbe syscall nx pdpe1gb rdtscp lm constant_tsc art arch_perfmon pebs bts rep_good nopl xtopology nonstop_tsc cpuid aperfmperf tsc_known_freq pni pclmulqdq dtes64 monitor ds_cpl vmx est tm2 ssse3 sdbg fma cx16 xtpr pdcm pcid sse4_1 sse4_2 x2apic movbe popcnt tsc_deadline_timer aes xsave avx f16c rdrand lahf_lm abm 3dnowprefetch cpuid_fault epb invpcid_single pti retpoline intel_pt rsb_ctxsw tpr_shadow vnmi flexpriority ept vpid fsgsbase tsc_adjust bmi1 avx2 smep bmi2 erms invpcid mpx rdseed adx smap clflushopt xsaveopt xsavec xgetbv1 xsaves dtherm ida arat pln pts hwp hwp_notify hwp_act_window hwp_epp
bugs		: cpu_meltdown spectre_v1 spectre_v2
bogomips	: 3984.00
clflush size	: 64
cache_alignment	: 64
address sizes	: 39 bits physical, 48 bits virtual
power management:

processor	: 1
vendor_id	: GenuineIntel
cpu family	: 6
model		: 142
model name	: Intel(R) Core(TM) i7-8550U CPU @ 1.80GHz
stepping	: 10
microcode	: 0x66
cpu MHz		: 2721.950
cache size	: 8192 KB
physical id	: 0
siblings	: 8
core id		: 1
cpu cores	: 4
apicid		: 2
initial apicid	: 2
fpu		: yes
fpu_exception	: yes
cpuid level	: 22
wp		: yes
flags		: fpu vme de pse tsc msr pae mce cx8 apic sep mtrr pge mca cmov pat pse36 clflush dts acpi mmx fxsr sse sse2 ss ht tm pbe syscall nx pdpe1gb rdtscp lm constant_tsc art arch_perfmon pebs bts rep_good nopl xtopology nonstop_tsc cpuid aperfmperf tsc_known_freq pni pclmulqdq dtes64 monitor ds_cpl vmx est tm2 ssse3 sdbg fma cx16 xtpr pdcm pcid sse4_1 sse4_2 x2apic movbe popcnt tsc_deadline_timer aes xsave avx f16c rdrand lahf_lm abm 3dnowprefetch cpuid_fault epb invpcid_single pti retpoline intel_pt rsb_ctxsw tpr_shadow vnmi flexpriority ept vpid fsgsbase tsc_adjust bmi1 avx2 smep bmi2 erms invpcid mpx rdseed adx smap clflushopt xsaveopt xsavec xgetbv1 xsaves dtherm ida arat pln pts hwp hwp_notify hwp_act_window hwp_epp
bugs		: cpu_meltdown spectre_v1 spectre_v2
bogomips	: 3984.00
clflush size	: 64
cache_alignment	: 64
address sizes	: 39 bits physical, 48 bits virtual
power management:

processor	: 2
vendor_id	: GenuineIntel
cpu family	: 6
model		: 142
model name	: Intel(R) Core(TM) i7-8550U CPU @ 1.80GHz
stepping	: 10
microcode	: 0x66
cpu MHz		: 2733.198
cache size	: 8192 KB
physical id	: 0
siblings	: 8
core id		: 2
cpu cores	: 4
apicid		: 4
initial apicid	: 4
fpu		: yes
fpu_exception	: yes
cpuid level	: 22
wp		: yes
flags		: fpu vme de pse tsc msr pae mce cx8 apic sep mtrr pge mca cmov pat pse36 clflush dts acpi mmx fxsr sse sse2 ss ht tm pbe syscall nx pdpe1gb rdtscp lm constant_tsc art arch_perfmon pebs bts rep_good nopl xtopology nonstop_tsc cpuid aperfmperf tsc_known_freq pni pclmulqdq dtes64 monitor ds_cpl vmx est tm2 ssse3 sdbg fma cx16 xtpr pdcm pcid sse4_1 sse4_2 x2apic movbe popcnt tsc_deadline_timer aes xsave avx f16c rdrand lahf_lm abm 3dnowprefetch cpuid_fault epb invpcid_single pti retpoline intel_pt rsb_ctxsw tpr_shadow vnmi flexpriority ept vpid fsgsbase tsc_adjust bmi1 avx2 smep bmi2 erms invpcid mpx rdseed adx smap clflushopt xsaveopt xsavec xgetbv1 xsaves dtherm ida arat pln pts hwp hwp_notify hwp_act_window hwp_epp
bugs		: cpu_meltdown spectre_v1 spectre_v2
bogomips	: 3984.00
clflush size	: 64
cache_alignment	: 64
address sizes	: 39 bits physical, 48 bits virtual
power management:

processor	: 3
vendor_id	: GenuineIntel
cpu family	: 6
model		: 142
model name	: Intel(R) Core(TM) i7-8550U CPU @ 1.80GHz
stepping	: 10
microcode	: 0x66
cpu MHz		: 2755.328
cache size	: 8192 KB
physical id	: 0
siblings	: 8
core id		: 3
cpu cores	: 4
apicid		: 6
initial apicid	: 6
fpu		: yes
fpu_exception	: yes
cpuid level	: 22
wp		: yes
flags		: fpu vme de pse tsc msr pae mce cx8 apic sep mtrr pge mca cmov pat pse36 clflush dts acpi mmx fxsr sse sse2 ss ht tm pbe syscall nx pdpe1gb rdtscp lm constant_tsc art arch_perfmon pebs bts rep_good nopl xtopology nonstop_tsc cpuid aperfmperf tsc_known_freq pni pclmulqdq dtes64 monitor ds_cpl vmx est tm2 ssse3 sdbg fma cx16 xtpr pdcm pcid sse4_1 sse4_2 x2apic movbe popcnt tsc_deadline_timer aes xsave avx f16c rdrand lahf_lm abm 3dnowprefetch cpuid_fault epb invpcid_single pti retpoline intel_pt rsb_ctxsw tpr_shadow vnmi flexpriority ept vpid fsgsbase tsc_adjust bmi1 avx2 smep bmi2 erms invpcid mpx rdseed adx smap clflushopt xsaveopt xsavec xgetbv1 xsaves dtherm ida arat pln pts hwp hwp_notify hwp_act_window hwp_epp
bugs		: cpu_meltdown spectre_v1 spectre_v2
bogomips	: 3984.00
clflush size	: 64
cache_alignment	: 64
address sizes	: 39 bits physical, 48 bits virtual
power management:

processor	: 4
vendor_id	: GenuineIntel
cpu family	: 6
model		: 142
model name	: Intel(R) Core(TM) i7-8550U CPU @ 1.80GHz
stepping	: 10
microcode	: 0x66
cpu MHz		: 2782.513
cache size	: 8192 KB
physical id	: 0
siblings	: 8
core id		: 0
cpu cores	: 4
apicid		: 1
initial apicid	: 1
fpu		: yes
fpu_exception	: yes
cpuid level	: 22
wp		: yes
flags		: fpu vme de pse tsc msr pae mce cx8 apic sep mtrr pge mca cmov pat pse36 clflush dts acpi mmx fxsr sse sse2 ss ht tm pbe syscall nx pdpe1gb rdtscp lm constant_tsc art arch_perfmon pebs bts rep_good nopl xtopology nonstop_tsc cpuid aperfmperf tsc_known_freq pni pclmulqdq dtes64 monitor ds_cpl vmx est tm2 ssse3 sdbg fma cx16 xtpr pdcm pcid sse4_1 sse4_2 x2apic movbe popcnt tsc_deadline_timer aes xsave avx f16c rdrand lahf_lm abm 3dnowprefetch cpuid_fault epb invpcid_single pti retpoline intel_pt rsb_ctxsw tpr_shadow vnmi flexpriority ept vpid fsgsbase tsc_adjust bmi1 avx2 smep bmi2 erms invpcid mpx rdseed adx smap clflushopt xsaveopt xsavec xgetbv1 xsaves dtherm ida arat pln pts hwp hwp_notify hwp_act_window hwp_epp
bugs		: cpu_meltdown spectre_v1 spectre_v2
bogomips	: 3984.00
clflush size	: 64
cache_alignment	: 64
address sizes	: 39 bits physical, 48 bits virtual
power management:

processor	: 5
vendor_id	: GenuineIntel
cpu family	: 6
model		: 142
model name	: Intel(R) Core(TM) i7-8550U CPU @ 1.80GHz
stepping	: 10
microcode	: 0x66
cpu MHz		: 2750.093
cache size	: 8192 KB
physical id	: 0
siblings	: 8
core id		: 1
cpu cores	: 4
apicid		: 3
initial apicid	: 3
fpu		: yes
fpu_exception	: yes
cpuid level	: 22
wp		: yes
flags		: fpu vme de pse tsc msr pae mce cx8 apic sep mtrr pge mca cmov pat pse36 clflush dts acpi mmx fxsr sse sse2 ss ht tm pbe syscall nx pdpe1gb rdtscp lm constant_tsc art arch_perfmon pebs bts rep_good nopl xtopology nonstop_tsc cpuid aperfmperf tsc_known_freq pni pclmulqdq dtes64 monitor ds_cpl vmx est tm2 ssse3 sdbg fma cx16 xtpr pdcm pcid sse4_1 sse4_2 x2apic movbe popcnt tsc_deadline_timer aes xsave avx f16c rdrand lahf_lm abm 3dnowprefetch cpuid_fault epb invpcid_single pti retpoline intel_pt rsb_ctxsw tpr_shadow vnmi flexpriority ept vpid fsgsbase tsc_adjust bmi1 avx2 smep bmi2 erms invpcid mpx rdseed adx smap clflushopt xsaveopt xsavec xgetbv1 xsaves dtherm ida arat pln pts hwp hwp_notify hwp_act_window hwp_epp
bugs		: cpu_meltdown spectre_v1 spectre_v2
bogomips	: 3984.00
clflush size	: 64
cache_alignment	: 64
address sizes	: 39 bits physical, 48 bits virtual
power management:

processor	: 6
vendor_id	: GenuineIntel
cpu family	: 6
model		: 142
model name	: Intel(R) Core(TM) i7-8550U CPU @ 1.80GHz
stepping	: 10
microcode	: 0x66
cpu MHz		: 2791.293
cache size	: 8192 KB
physical id	: 0
siblings	: 8
core id		: 2
cpu cores	: 4
apicid		: 5
initial apicid	: 5
fpu		: yes
fpu_exception	: yes
cpuid level	: 22
wp		: yes
flags		: fpu vme de pse tsc msr pae mce cx8 apic sep mtrr pge mca cmov pat pse36 clflush dts acpi mmx fxsr sse sse2 ss ht tm pbe syscall nx pdpe1gb rdtscp lm constant_tsc art arch_perfmon pebs bts rep_good nopl xtopology nonstop_tsc cpuid aperfmperf tsc_known_freq pni pclmulqdq dtes64 monitor ds_cpl vmx est tm2 ssse3 sdbg fma cx16 xtpr pdcm pcid sse4_1 sse4_2 x2apic movbe popcnt tsc_deadline_timer aes xsave avx f16c rdrand lahf_lm abm 3dnowprefetch cpuid_fault epb invpcid_single pti retpoline intel_pt rsb_ctxsw tpr_shadow vnmi flexpriority ept vpid fsgsbase tsc_adjust bmi1 avx2 smep bmi2 erms invpcid mpx rdseed adx smap clflushopt xsaveopt xsavec xgetbv1 xsaves dtherm ida arat pln pts hwp hwp_notify hwp_act_window hwp_epp
bugs		: cpu_meltdown spectre_v1 spectre_v2
bogomips	: 3984.00
clflush size	: 64
cache_alignment	: 64
address sizes	: 39 bits physical, 48 bits virtual
power management:

processor	: 7
vendor_id	: GenuineIntel
cpu family	: 6
model		: 142
model name	: Intel(R) Core(TM) i7-8550U CPU @ 1.80GHz
stepping	: 10
microcode	: 0x66
cpu MHz		: 2756.537
cache size	: 8192 KB
physical id	: 0
siblings	: 8
core id		: 3
cpu cores	: 4
apicid		: 7
initial apicid	: 7
fpu		: yes
fpu_exception	: yes
cpuid level	: 22
wp		: yes
flags		: fpu vme de pse tsc msr pae mce cx8 apic sep mtrr pge mca cmov pat pse36 clflush dts acpi mmx fxsr sse sse2 ss ht tm pbe syscall nx pdpe1gb rdtscp lm constant_tsc art arch_perfmon pebs bts rep_good nopl xtopology nonstop_tsc cpuid aperfmperf tsc_known_freq pni pclmulqdq dtes64 monitor ds_cpl vmx est tm2 ssse3 sdbg fma cx16 xtpr pdcm pcid sse4_1 sse4_2 x2apic movbe popcnt tsc_deadline_timer aes xsave avx f16c rdrand lahf_lm abm 3dnowprefetch cpuid_fault epb invpcid_single pti retpoline intel_pt rsb_ctxsw tpr_shadow vnmi flexpriority ept vpid fsgsbase tsc_adjust bmi1 avx2 smep bmi2 erms invpcid mpx rdseed adx smap clflushopt xsaveopt xsavec xgetbv1 xsaves dtherm ida arat pln pts hwp hwp_notify hwp_act_window hwp_epp
bugs		: cpu_meltdown spectre_v1 spectre_v2
bogomips	: 3984.00
clflush size	: 64
cache_alignment	: 64
address sizes	: 39 bits physical, 48 bits virtual
power management:



Memory: 4k page, physical 8048604k(154896k free), swap 499708k(0k free)

vm_info: Java HotSpot(TM) 64-Bit Server VM (25.151-b12) for linux-amd64 JRE (1.8.0_151-b12), built on Sep  5 2017 19:20:58 by "java_re" with gcc 4.3.0 20080428 (Red Hat 4.3.0-8)

time: Sat Apr 28 15:36:33 2018
elapsed time: 2 seconds (0d 0h 0m 2s)

