#
# There is insufficient memory for the Java Runtime Environment to continue.
# Native memory allocation (mmap) failed to map 144703488 bytes for committing reserved memory.
# Possible reasons:
#   The system is out of physical RAM or swap space
#   In 32 bit mode, the process size limit was hit
# Possible solutions:
#   Reduce memory load on the system
#   Increase physical memory or swap space
#   Check if swap backing store is full
#   Use 64 bit Java on a 64 bit OS
#   Decrease Java heap size (-Xmx/-Xms)
#   Decrease number of Java threads
#   Decrease Java thread stack sizes (-Xss)
#   Set larger code cache with -XX:ReservedCodeCacheSize=
# This output file may be truncated or incomplete.
#
#  Out of Memory Error (os_linux.cpp:2640), pid=28496, tid=0x00007f4194fce700
#
# JRE version: Java(TM) SE Runtime Environment (8.0_151-b12) (build 1.8.0_151-b12)
# Java VM: Java HotSpot(TM) 64-Bit Server VM (25.151-b12 mixed mode linux-amd64 compressed oops)
# Failed to write core dump. Core dumps have been disabled. To enable core dumping, try "ulimit -c unlimited" before starting Java again
#

---------------  T H R E A D  ---------------

Current thread (0x00007f41a8080000):  VMThread [stack: 0x00007f4194ece000,0x00007f4194fcf000] [id=28507]

Stack: [0x00007f4194ece000,0x00007f4194fcf000],  sp=0x00007f4194fcd300,  free space=1020k
Native frames: (J=compiled Java code, j=interpreted, Vv=VM code, C=native code)
V  [libjvm.so+0xacb58a]  VMError::report_and_die()+0x2ba
V  [libjvm.so+0x4ff4ab]  report_vm_out_of_memory(char const*, int, unsigned long, VMErrorType, char const*)+0x8b
V  [libjvm.so+0x928113]  os::Linux::commit_memory_impl(char*, unsigned long, bool)+0x103
V  [libjvm.so+0x928669]  os::pd_commit_memory(char*, unsigned long, unsigned long, bool)+0x29
V  [libjvm.so+0x92288a]  os::commit_memory(char*, unsigned long, unsigned long, bool)+0x2a
V  [libjvm.so+0x9973e3]  PSVirtualSpace::expand_by(unsigned long)+0x53
V  [libjvm.so+0x9987e8]  PSYoungGen::resize_generation(unsigned long, unsigned long)+0xf8
V  [libjvm.so+0x997942]  PSYoungGen::resize(unsigned long, unsigned long)+0x22
V  [libjvm.so+0x994c1b]  PSScavenge::invoke_no_policy()+0xf3b
V  [libjvm.so+0x98fec5]  PSParallelCompact::invoke(bool)+0x85
V  [libjvm.so+0x485ee4]  CollectedHeap::collect_as_vm_thread(GCCause::Cause)+0x114
V  [libjvm.so+0xacca01]  VM_CollectForMetadataAllocation::doit()+0x161
V  [libjvm.so+0xad4a85]  VM_Operation::evaluate()+0x55
V  [libjvm.so+0xad2e5a]  VMThread::evaluate_operation(VM_Operation*)+0xba
V  [libjvm.so+0xad31de]  VMThread::loop()+0x1ce
V  [libjvm.so+0xad3650]  VMThread::run()+0x70
V  [libjvm.so+0x92a728]  java_start(Thread*)+0x108

VM_Operation (0x00007f41aec4a960): CollectForMetadataAllocation, mode: safepoint, requested by thread 0x00007f41a800a000


---------------  P R O C E S S  ---------------

Java Threads: ( => current thread )
  0x00007f41a8631000 JavaThread "process reaper" daemon [_thread_blocked, id=28518, stack(0x00007f41940b7000,0x00007f41940f0000)]
  0x00007f41a80d3800 JavaThread "Service Thread" daemon [_thread_blocked, id=28515, stack(0x00007f4194270000,0x00007f4194371000)]
  0x00007f41a80c8800 JavaThread "C1 CompilerThread3" daemon [_thread_blocked, id=28514, stack(0x00007f4194371000,0x00007f4194472000)]
  0x00007f41a80c6800 JavaThread "C2 CompilerThread2" daemon [_thread_in_native, id=28513, stack(0x00007f4194472000,0x00007f4194573000)]
  0x00007f41a80c4800 JavaThread "C2 CompilerThread1" daemon [_thread_blocked, id=28512, stack(0x00007f4194573000,0x00007f4194674000)]
  0x00007f41a80c1800 JavaThread "C2 CompilerThread0" daemon [_thread_blocked, id=28511, stack(0x00007f4194674000,0x00007f4194775000)]
  0x00007f41a80bd800 JavaThread "Signal Dispatcher" daemon [_thread_blocked, id=28510, stack(0x00007f4194775000,0x00007f4194876000)]
  0x00007f41a808c000 JavaThread "Finalizer" daemon [_thread_blocked, id=28509, stack(0x00007f4194ccc000,0x00007f4194dcd000)]
  0x00007f41a8087800 JavaThread "Reference Handler" daemon [_thread_blocked, id=28508, stack(0x00007f4194dcd000,0x00007f4194ece000)]
  0x00007f41a800a000 JavaThread "main" [_thread_blocked, id=28498, stack(0x00007f41aeb50000,0x00007f41aec51000)]

Other Threads:
=>0x00007f41a8080000 VMThread [stack: 0x00007f4194ece000,0x00007f4194fcf000] [id=28507]
  0x00007f41a80d6800 WatcherThread [stack: 0x00007f419416f000,0x00007f4194270000] [id=28516]

VM state:at safepoint (normal execution)

VM Mutex/Monitor currently owned by a thread:  ([mutex/lock_event])
[0x00007f41a8006200] Threads_lock - owner thread: 0x00007f41a8080000
[0x00007f41a8006700] Heap_lock - owner thread: 0x00007f41a800a000

Heap:
 PSYoungGen      total 135680K, used 9704K [0x00000000d7100000, 0x00000000e0000000, 0x0000000100000000)
  eden space 125952K, 0% used [0x00000000d7100000,0x00000000d7100000,0x00000000dec00000)
  from space 9728K, 99% used [0x00000000dec00000,0x00000000df57a348,0x00000000df580000)
  to   space 8704K, 0% used [0x00000000df580000,0x00000000df580000,0x00000000dfe00000)
 ParOldGen       total 84992K, used 22770K [0x0000000085200000, 0x000000008a500000, 0x00000000d7100000)
  object space 84992K, 26% used [0x0000000085200000,0x000000008683ca90,0x000000008a500000)
 Metaspace       used 20566K, capacity 21112K, committed 21296K, reserved 1069056K
  class space    used 2440K, capacity 2596K, committed 2688K, reserved 1048576K

Card table byte_map: [0x00007f419843a000,0x00007f4198812000] byte_map_base: 0x00007f4198011000

Marking Bits: (ParMarkBitMap*) 0x00007f41ae018f80
 Begin Bits: [0x00007f4170290000, 0x00007f4172148000)
 End Bits:   [0x00007f4172148000, 0x00007f4174000000)

Polling page: 0x00007f41aec6a000

CodeCache: size=245760Kb used=12328Kb max_used=12328Kb free=233431Kb
 bounds [0x00007f4198bd2000, 0x00007f41997f2000, 0x00007f41a7bd2000]
 total_blobs=3895 nmethods=3528 adapters=280
 compilation: enabled

Compilation events (10 events):
Event: 3,122 Thread 0x00007f41a80c8800 3539       3       com.sun.tools.javac.code.Scope$4::iterator (9 bytes)
Event: 3,122 Thread 0x00007f41a80c8800 nmethod 3539 0x00007f41997e2250 code [0x00007f41997e23c0, 0x00007f41997e25a8]
Event: 3,122 Thread 0x00007f41a80c8800 3540       3       com.sun.tools.javac.code.Scope$4$1::<init> (38 bytes)
Event: 3,122 Thread 0x00007f41a80c8800 nmethod 3540 0x00007f41997e2650 code [0x00007f41997e27c0, 0x00007f41997e2a88]
Event: 3,122 Thread 0x00007f41a80c8800 3544       3       com.sun.tools.javac.tree.TreeInfo::isReceiverParam (28 bytes)
Event: 3,123 Thread 0x00007f41a80c8800 nmethod 3544 0x00007f41997e2b90 code [0x00007f41997e2d20, 0x00007f41997e3208]
Event: 3,123 Thread 0x00007f41a80c8800 3553       1       com.sun.tools.javac.code.Type$JCPrimitiveType::isPrimitive (2 bytes)
Event: 3,123 Thread 0x00007f41a80c8800 nmethod 3553 0x00007f41997e3350 code [0x00007f41997e34a0, 0x00007f41997e35b0]
Event: 3,123 Thread 0x00007f41a80c8800 3551       3       com.sun.tools.javac.code.Types::memberType (33 bytes)
Event: 3,123 Thread 0x00007f41a80c8800 nmethod 3551 0x00007f41997e3610 code [0x00007f41997e37a0, 0x00007f41997e3cd8]

GC Heap History (10 events):
Event: 1,288 GC heap after
Heap after GC invocations=2 (full 0):
 PSYoungGen      total 36864K, used 5118K [0x00000000d7100000, 0x00000000d9a00000, 0x0000000100000000)
  eden space 31744K, 0% used [0x00000000d7100000,0x00000000d7100000,0x00000000d9000000)
  from space 5120K, 99% used [0x00000000d9500000,0x00000000d99ffad0,0x00000000d9a00000)
  to   space 5120K, 0% used [0x00000000d9000000,0x00000000d9000000,0x00000000d9500000)
 ParOldGen       total 84992K, used 2205K [0x0000000085200000, 0x000000008a500000, 0x00000000d7100000)
  object space 84992K, 2% used [0x0000000085200000,0x0000000085427698,0x000000008a500000)
 Metaspace       used 12807K, capacity 13056K, committed 13312K, reserved 1060864K
  class space    used 1577K, capacity 1683K, committed 1792K, reserved 1048576K
}
Event: 1,479 GC heap before
{Heap before GC invocations=3 (full 0):
 PSYoungGen      total 36864K, used 36862K [0x00000000d7100000, 0x00000000d9a00000, 0x0000000100000000)
  eden space 31744K, 100% used [0x00000000d7100000,0x00000000d9000000,0x00000000d9000000)
  from space 5120K, 99% used [0x00000000d9500000,0x00000000d99ffad0,0x00000000d9a00000)
  to   space 5120K, 0% used [0x00000000d9000000,0x00000000d9000000,0x00000000d9500000)
 ParOldGen       total 84992K, used 2205K [0x0000000085200000, 0x000000008a500000, 0x00000000d7100000)
  object space 84992K, 2% used [0x0000000085200000,0x0000000085427698,0x000000008a500000)
 Metaspace       used 13393K, capacity 13700K, committed 13824K, reserved 1060864K
  class space    used 1629K, capacity 1726K, committed 1792K, reserved 1048576K
Event: 1,486 GC heap after
Heap after GC invocations=3 (full 0):
 PSYoungGen      total 36864K, used 5120K [0x00000000d7100000, 0x00000000db900000, 0x0000000100000000)
  eden space 31744K, 0% used [0x00000000d7100000,0x00000000d7100000,0x00000000d9000000)
  from space 5120K, 100% used [0x00000000d9000000,0x00000000d9500000,0x00000000d9500000)
  to   space 5120K, 0% used [0x00000000db400000,0x00000000db400000,0x00000000db900000)
 ParOldGen       total 84992K, used 3145K [0x0000000085200000, 0x000000008a500000, 0x00000000d7100000)
  object space 84992K, 3% used [0x0000000085200000,0x0000000085512450,0x000000008a500000)
 Metaspace       used 13393K, capacity 13700K, committed 13824K, reserved 1060864K
  class space    used 1629K, capacity 1726K, committed 1792K, reserved 1048576K
}
Event: 1,570 GC heap before
{Heap before GC invocations=4 (full 0):
 PSYoungGen      total 36864K, used 36864K [0x00000000d7100000, 0x00000000db900000, 0x0000000100000000)
  eden space 31744K, 100% used [0x00000000d7100000,0x00000000d9000000,0x00000000d9000000)
  from space 5120K, 100% used [0x00000000d9000000,0x00000000d9500000,0x00000000d9500000)
  to   space 5120K, 0% used [0x00000000db400000,0x00000000db400000,0x00000000db900000)
 ParOldGen       total 84992K, used 3145K [0x0000000085200000, 0x000000008a500000, 0x00000000d7100000)
  object space 84992K, 3% used [0x0000000085200000,0x0000000085512450,0x000000008a500000)
 Metaspace       used 13474K, capacity 13860K, committed 14080K, reserved 1060864K
  class space    used 1634K, capacity 1758K, committed 1792K, reserved 1048576K
Event: 1,586 GC heap after
Heap after GC invocations=4 (full 0):
 PSYoungGen      total 68608K, used 5104K [0x00000000d7100000, 0x00000000db900000, 0x0000000100000000)
  eden space 63488K, 0% used [0x00000000d7100000,0x00000000d7100000,0x00000000daf00000)
  from space 5120K, 99% used [0x00000000db400000,0x00000000db8fc010,0x00000000db900000)
  to   space 5120K, 0% used [0x00000000daf00000,0x00000000daf00000,0x00000000db400000)
 ParOldGen       total 84992K, used 5105K [0x0000000085200000, 0x000000008a500000, 0x00000000d7100000)
  object space 84992K, 6% used [0x0000000085200000,0x00000000856fc450,0x000000008a500000)
 Metaspace       used 13474K, capacity 13860K, committed 14080K, reserved 1060864K
  class space    used 1634K, capacity 1758K, committed 1792K, reserved 1048576K
}
Event: 1,835 GC heap before
{Heap before GC invocations=5 (full 0):
 PSYoungGen      total 68608K, used 68592K [0x00000000d7100000, 0x00000000db900000, 0x0000000100000000)
  eden space 63488K, 100% used [0x00000000d7100000,0x00000000daf00000,0x00000000daf00000)
  from space 5120K, 99% used [0x00000000db400000,0x00000000db8fc010,0x00000000db900000)
  to   space 5120K, 0% used [0x00000000daf00000,0x00000000daf00000,0x00000000db400000)
 ParOldGen       total 84992K, used 5105K [0x0000000085200000, 0x000000008a500000, 0x00000000d7100000)
  object space 84992K, 6% used [0x0000000085200000,0x00000000856fc450,0x000000008a500000)
 Metaspace       used 13611K, capacity 13954K, committed 14080K, reserved 1060864K
  class space    used 1639K, capacity 1763K, committed 1792K, reserved 1048576K
Event: 1,846 GC heap after
Heap after GC invocations=5 (full 0):
 PSYoungGen      total 68608K, used 5104K [0x00000000d7100000, 0x00000000dfe00000, 0x0000000100000000)
  eden space 63488K, 0% used [0x00000000d7100000,0x00000000d7100000,0x00000000daf00000)
  from space 5120K, 99% used [0x00000000daf00000,0x00000000db3fc010,0x00000000db400000)
  to   space 8704K, 0% used [0x00000000df580000,0x00000000df580000,0x00000000dfe00000)
 ParOldGen       total 84992K, used 7873K [0x0000000085200000, 0x000000008a500000, 0x00000000d7100000)
  object space 84992K, 9% used [0x0000000085200000,0x00000000859b0450,0x000000008a500000)
 Metaspace       used 13611K, capacity 13954K, committed 14080K, reserved 1060864K
  class space    used 1639K, capacity 1763K, committed 1792K, reserved 1048576K
}
Event: 2,434 GC heap before
{Heap before GC invocations=6 (full 0):
 PSYoungGen      total 68608K, used 68592K [0x00000000d7100000, 0x00000000dfe00000, 0x0000000100000000)
  eden space 63488K, 100% used [0x00000000d7100000,0x00000000daf00000,0x00000000daf00000)
  from space 5120K, 99% used [0x00000000daf00000,0x00000000db3fc010,0x00000000db400000)
  to   space 8704K, 0% used [0x00000000df580000,0x00000000df580000,0x00000000dfe00000)
 ParOldGen       total 84992K, used 7873K [0x0000000085200000, 0x000000008a500000, 0x00000000d7100000)
  object space 84992K, 9% used [0x0000000085200000,0x00000000859b0450,0x000000008a500000)
 Metaspace       used 15956K, capacity 16428K, committed 16640K, reserved 1064960K
  class space    used 1899K, capacity 2012K, committed 2048K, reserved 1048576K
Event: 2,443 GC heap after
Heap after GC invocations=6 (full 0):
 PSYoungGen      total 134656K, used 8679K [0x00000000d7100000, 0x00000000e0000000, 0x0000000100000000)
  eden space 125952K, 0% used [0x00000000d7100000,0x00000000d7100000,0x00000000dec00000)
  from space 8704K, 99% used [0x00000000df580000,0x00000000dfdf9da0,0x00000000dfe00000)
  to   space 9728K, 0% used [0x00000000dec00000,0x00000000dec00000,0x00000000df580000)
 ParOldGen       total 84992K, used 8420K [0x0000000085200000, 0x000000008a500000, 0x00000000d7100000)
  object space 84992K, 9% used [0x0000000085200000,0x0000000085a39320,0x000000008a500000)
 Metaspace       used 15956K, capacity 16428K, committed 16640K, reserved 1064960K
  class space    used 1899K, capacity 2012K, committed 2048K, reserved 1048576K
}
Event: 3,125 GC heap before
{Heap before GC invocations=7 (full 0):
 PSYoungGen      total 134656K, used 107636K [0x00000000d7100000, 0x00000000e0000000, 0x0000000100000000)
  eden space 125952K, 78% used [0x00000000d7100000,0x00000000dd1a33c8,0x00000000dec00000)
  from space 8704K, 99% used [0x00000000df580000,0x00000000dfdf9da0,0x00000000dfe00000)
  to   space 9728K, 0% used [0x00000000dec00000,0x00000000dec00000,0x00000000df580000)
 ParOldGen       total 84992K, used 8420K [0x0000000085200000, 0x000000008a500000, 0x00000000d7100000)
  object space 84992K, 9% used [0x0000000085200000,0x0000000085a39320,0x000000008a500000)
 Metaspace       used 20566K, capacity 21112K, committed 21296K, reserved 1069056K
  class space    used 2440K, capacity 2596K, committed 2688K, reserved 1048576K

Deoptimization events (10 events):
Event: 2,963 Thread 0x00007f41a800a000 Uncommon trap: reason=class_check action=maybe_recompile pc=0x00007f4198dab3a8 method=sun.misc.URLClassPath.getLoader(I)Lsun/misc/URLClassPath$Loader; @ 239
Event: 2,963 Thread 0x00007f41a800a000 Uncommon trap: reason=class_check action=maybe_recompile pc=0x00007f4198efa2ac method=sun.misc.URLClassPath.getResource(Ljava/lang/String;Z)Lsun/misc/Resource; @ 62
Event: 2,964 Thread 0x00007f41a800a000 Uncommon trap: reason=class_check action=maybe_recompile pc=0x00007f4198dab3a8 method=sun.misc.URLClassPath.getLoader(I)Lsun/misc/URLClassPath$Loader; @ 239
Event: 2,964 Thread 0x00007f41a800a000 Uncommon trap: reason=class_check action=maybe_recompile pc=0x00007f4198efa2ac method=sun.misc.URLClassPath.getResource(Ljava/lang/String;Z)Lsun/misc/Resource; @ 62
Event: 2,965 Thread 0x00007f41a800a000 Uncommon trap: reason=class_check action=maybe_recompile pc=0x00007f4198da4a10 method=sun.misc.URLClassPath.getLoader(I)Lsun/misc/URLClassPath$Loader; @ 239
Event: 2,965 Thread 0x00007f41a800a000 Uncommon trap: reason=class_check action=maybe_recompile pc=0x00007f4198efa2ac method=sun.misc.URLClassPath.getResource(Ljava/lang/String;Z)Lsun/misc/Resource; @ 62
Event: 2,976 Thread 0x00007f41a800a000 Uncommon trap: reason=unstable_if action=reinterpret pc=0x00007f4199592318 method=java.util.concurrent.ConcurrentHashMap.putVal(Ljava/lang/Object;Ljava/lang/Object;Z)Ljava/lang/Object; @ 181
Event: 2,979 Thread 0x00007f41a800a000 Uncommon trap: reason=unstable_if action=reinterpret pc=0x00007f419966f72c method=java.lang.String.lastIndexOf([CII[CIII)I @ 66
Event: 3,040 Thread 0x00007f41a800a000 Uncommon trap: reason=unstable_if action=reinterpret pc=0x00007f419971bc68 method=java.lang.String.lastIndexOf([CII[CIII)I @ 135
Event: 3,109 Thread 0x00007f41a800a000 Uncommon trap: reason=unstable_if action=reinterpret pc=0x00007f4199734490 method=com.sun.tools.javac.code.Scope.lookup(Lcom/sun/tools/javac/util/Name;Lcom/sun/tools/javac/util/Filter;)Lcom/sun/tools/javac/code/Scope$Entry; @ 54

Internal exceptions (10 events):
Event: 1,440 Thread 0x00007f41a800a000 Implicit null exception at 0x00007f4198ef3a6f to 0x00007f4198ef3ad9
Event: 1,862 Thread 0x00007f41a800a000 Implicit null exception at 0x00007f4198f62558 to 0x00007f4198f625e6
Event: 1,897 Thread 0x00007f41a800a000 Implicit null exception at 0x00007f419936198d to 0x00007f4199363cb9
Event: 2,092 Thread 0x00007f41a800a000 Exception <a 'java/lang/NoClassDefFoundError': org/slf4j/Logger> (0x00000000d8d8d6d8) thrown at [/HUDSON/workspace/8-2-build-linux-amd64/jdk8u151/9699/hotspot/src/share/vm/oops/constantPool.cpp, line 235]
Event: 2,336 Thread 0x00007f41a800a000 Exception <a 'java/lang/NoClassDefFoundError': org/slf4j/Logger> (0x00000000da95a1d8) thrown at [/HUDSON/workspace/8-2-build-linux-amd64/jdk8u151/9699/hotspot/src/share/vm/oops/constantPool.cpp, line 235]
Event: 2,385 Thread 0x00007f41a800a000 Exception <a 'java/lang/ClassNotFoundException': com/sun/tools/javac/api/JavacTool> (0x00000000dacd3428) thrown at [/HUDSON/workspace/8-2-build-linux-amd64/jdk8u151/9699/hotspot/src/share/vm/classfile/systemDictionary.cpp, line 210]
Event: 2,762 Thread 0x00007f41a800a000 Exception <a 'java/io/FileNotFoundException'> (0x00000000da07fe70) thrown at [/HUDSON/workspace/8-2-build-linux-amd64/jdk8u151/9699/hotspot/src/share/vm/prims/jni.cpp, line 709]
Event: 2,766 Thread 0x00007f41a800a000 Exception <a 'java/io/FileNotFoundException'> (0x00000000da0b6358) thrown at [/HUDSON/workspace/8-2-build-linux-amd64/jdk8u151/9699/hotspot/src/share/vm/prims/jni.cpp, line 709]
Event: 2,969 Thread 0x00007f41a800a000 Exception <a 'java/io/FileNotFoundException'> (0x00000000dba4a118) thrown at [/HUDSON/workspace/8-2-build-linux-amd64/jdk8u151/9699/hotspot/src/share/vm/prims/jni.cpp, line 709]
Event: 3,040 Thread 0x00007f41a800a000 Exception <a 'java/io/FileNotFoundException'> (0x00000000dc58a2e8) thrown at [/HUDSON/workspace/8-2-build-linux-amd64/jdk8u151/9699/hotspot/src/share/vm/prims/jni.cpp, line 709]

Events (10 events):
Event: 3,123 loading class com/sun/tools/javac/jvm/Items$StackItem done
Event: 3,123 loading class com/sun/tools/javac/jvm/Code$LocalVar$Range
Event: 3,123 loading class com/sun/tools/javac/jvm/Code$LocalVar$Range done
Event: 3,123 loading class com/sun/tools/javac/model/FilteredMemberList
Event: 3,123 loading class com/sun/tools/javac/model/FilteredMemberList done
Event: 3,124 loading class com/sun/tools/javac/model/FilteredMemberList$1
Event: 3,124 loading class com/sun/tools/javac/model/FilteredMemberList$1 done
Event: 3,124 loading class com/sun/tools/javac/code/Types$UniqueType
Event: 3,124 loading class com/sun/tools/javac/code/Types$UniqueType done
Event: 3,125 Executing VM operation: CollectForMetadataAllocation


Dynamic libraries:
00400000-00401000 r-xp 00000000 08:07 265628                             /usr/lib/jvm/java-8-oracle/bin/java
00600000-00601000 rw-p 00000000 08:07 265628                             /usr/lib/jvm/java-8-oracle/bin/java
019b6000-019d7000 rw-p 00000000 00:00 0                                  [heap]
85200000-8a500000 rw-p 00000000 00:00 0 
8a500000-d7100000 ---p 00000000 00:00 0 
d7100000-e0000000 rw-p 00000000 00:00 0 
e8a00000-100000000 ---p 00000000 00:00 0 
100000000-1002a0000 rw-p 00000000 00:00 0 
1002a0000-140000000 ---p 00000000 00:00 0 
7f413fe00000-7f413fe2c000 rw-p 00000000 00:00 0 
7f413fe2c000-7f4140000000 ---p 00000000 00:00 0 
7f4140000000-7f4140021000 rw-p 00000000 00:00 0 
7f4140021000-7f4144000000 ---p 00000000 00:00 0 
7f4144000000-7f4144021000 rw-p 00000000 00:00 0 
7f4144021000-7f4148000000 ---p 00000000 00:00 0 
7f41481e0000-7f41481e4000 r--s 0004b000 08:07 3540354                    /home/irina/.m2/repository/com/fasterxml/jackson/core/jackson-core/2.9.4/jackson-core-2.9.4.jar
7f41481e4000-7f41481e7000 r--s 0000e000 08:07 3540349                    /home/irina/.m2/repository/com/fasterxml/jackson/core/jackson-annotations/2.9.0/jackson-annotations-2.9.0.jar
7f41481e7000-7f41481fa000 r--s 00136000 08:07 3540350                    /home/irina/.m2/repository/com/fasterxml/jackson/core/jackson-databind/2.9.4/jackson-databind-2.9.4.jar
7f41481fa000-7f41481fd000 r--s 00019000 08:07 3285583                    /home/irina/.m2/repository/io/jsonwebtoken/jjwt/0.9.0/jjwt-0.9.0.jar
7f41481fd000-7f414820b000 r--s 0006b000 08:07 3285764                    /home/irina/.m2/repository/org/springframework/security/spring-security-web/5.0.3.RELEASE/spring-security-web-5.0.3.RELEASE.jar
7f414820b000-7f4148218000 r--s 0005b000 08:07 3285765                    /home/irina/.m2/repository/org/springframework/security/spring-security-core/5.0.3.RELEASE/spring-security-core-5.0.3.RELEASE.jar
7f4148218000-7f4148223000 r--s 0009e000 08:07 3285766                    /home/irina/.m2/repository/org/springframework/security/spring-security-config/5.0.3.RELEASE/spring-security-config-5.0.3.RELEASE.jar
7f4148223000-7f414822c000 r--s 0004f000 08:07 3540325                    /home/irina/.m2/repository/org/springframework/spring-aop/5.0.4.RELEASE/spring-aop-5.0.4.RELEASE.jar
7f414822c000-7f414822d000 r--s 00000000 08:07 3156652                    /home/irina/.m2/repository/org/springframework/boot/spring-boot-starter-security/2.0.0.RELEASE/spring-boot-starter-security-2.0.0.RELEASE.jar
7f414822d000-7f414822f000 r--s 00014000 08:07 3671045                    /home/irina/.m2/repository/org/springframework/boot/spring-boot-configuration-processor/2.0.0.RELEASE/spring-boot-configuration-processor-2.0.0.RELEASE.jar
7f414822f000-7f4148231000 r--s 0000e000 08:07 3284319                    /home/irina/.m2/repository/com/fasterxml/classmate/1.3.4/classmate-1.3.4.jar
7f4148231000-7f4148233000 r--s 0000f000 08:07 3540370                    /home/irina/.m2/repository/org/jboss/logging/jboss-logging/3.3.2.Final/jboss-logging-3.3.2.Final.jar
7f4148233000-7f4148238000 r--s 00012000 08:07 3540369                    /home/irina/.m2/repository/javax/validation/validation-api/2.0.1.Final/validation-api-2.0.1.Final.jar
7f4148238000-7f414824a000 r--s 000a9000 08:07 3284590                    /home/irina/.m2/repository/org/hibernate/hibernate-validator/5.4.1.Final/hibernate-validator-5.4.1.Final.jar
7f414824a000-7f414824f000 r--s 0003a000 08:07 3540364                    /home/irina/.m2/repository/org/apache/tomcat/embed/tomcat-embed-websocket/8.5.28/tomcat-embed-websocket-8.5.28.jar
7f414824f000-7f4148253000 r--s 00037000 08:07 3540363                    /home/irina/.m2/repository/org/apache/tomcat/embed/tomcat-embed-el/8.5.28/tomcat-embed-el-8.5.28.jar
7f4148253000-7f414827d000 r--s 002ce000 08:07 3540362                    /home/irina/.m2/repository/org/apache/tomcat/embed/tomcat-embed-core/8.5.28/tomcat-embed-core-8.5.28.jar
7f414827d000-7f414827f000 r--s 00005000 08:07 3540345                    /home/irina/.m2/repository/javax/annotation/javax.annotation-api/1.3.2/javax.annotation-api-1.3.2.jar
7f414827f000-7f4148280000 r--s 00000000 08:07 3413950                    /home/irina/.m2/repository/org/springframework/boot/spring-boot-starter-tomcat/2.0.0.RELEASE/spring-boot-starter-tomcat-2.0.0.RELEASE.jar
7f4148280000-7f4148285000 r--s 0003c000 08:07 3540330                    /home/irina/.m2/repository/org/springframework/spring-expression/5.0.4.RELEASE/spring-expression-5.0.4.RELEASE.jar
7f4148285000-7f4148294000 r--s 000b0000 08:07 3413952                    /home/irina/.m2/repository/org/springframework/spring-webmvc/5.0.4.RELEASE/spring-webmvc-5.0.4.RELEASE.jar
7f4148294000-7f41482ae000 r--s 00116000 08:07 3540326                    /home/irina/.m2/repository/org/springframework/spring-web/5.0.4.RELEASE/spring-web-5.0.4.RELEASE.jar
7f41482ae000-7f41482ca000 r--s 000f5000 08:07 3540365                    /home/irina/.m2/repository/org/hibernate/validator/hibernate-validator/6.0.7.Final/hibernate-validator-6.0.7.Final.jar
7f41482ca000-7f41482cc000 r--s 00001000 08:07 3540357                    /home/irina/.m2/repository/com/fasterxml/jackson/module/jackson-module-parameter-names/2.9.4/jackson-module-parameter-names-2.9.4.jar
7f41482cc000-7f41482ce000 r--s 00016000 08:07 3540356                    /home/irina/.m2/repository/com/fasterxml/jackson/datatype/jackson-datatype-jsr310/2.9.4/jackson-datatype-jsr310-2.9.4.jar
7f41482ce000-7f41482d0000 r--s 00007000 08:07 3540355                    /home/irina/.m2/repository/com/fasterxml/jackson/datatype/jackson-datatype-jdk8/2.9.4/jackson-datatype-jdk8-2.9.4.jar
7f41482d0000-7f41482d1000 r--s 00000000 08:07 3540323                    /home/irina/.m2/repository/org/springframework/boot/spring-boot-starter-json/2.0.0.RELEASE/spring-boot-starter-json-2.0.0.RELEASE.jar
7f41482d1000-7f41482d2000 r--s 00000000 08:07 3413946                    /home/irina/.m2/repository/org/springframework/boot/spring-boot-starter-web/2.0.0.RELEASE/spring-boot-starter-web-2.0.0.RELEASE.jar
7f41482d2000-7f41482d5000 r--s 00008000 08:07 3670536                    /home/irina/.m2/repository/org/springframework/spring-aspects/5.0.4.RELEASE/spring-aspects-5.0.4.RELEASE.jar
7f41482d5000-7f41482d7000 r--s 00009000 08:07 3284321                    /home/irina/.m2/repository/org/slf4j/slf4j-api/1.7.25/slf4j-api-1.7.25.jar
7f41482d7000-7f41482e3000 r--s 00094000 08:07 3540327                    /home/irina/.m2/repository/org/springframework/spring-beans/5.0.4.RELEASE/spring-beans-5.0.4.RELEASE.jar
7f41482e3000-7f41482ea000 r--s 00036000 08:07 3670534                    /home/irina/.m2/repository/org/springframework/spring-tx/5.0.4.RELEASE/spring-tx-5.0.4.RELEASE.jar
7f41482ea000-7f4148304000 r--s 000ee000 08:07 3540328                    /home/irina/.m2/repository/org/springframework/spring-context/5.0.4.RELEASE/spring-context-5.0.4.RELEASE.jar
7f4148304000-7f4148308000 r--s 0002a000 08:07 3670533                    /home/irina/.m2/repository/org/springframework/spring-orm/5.0.4.RELEASE/spring-orm-5.0.4.RELEASE.jar
7f4148308000-7f414831f000 r--s 000ed000 08:07 3155411                    /home/irina/.m2/repository/org/springframework/data/spring-data-commons/2.0.5.RELEASE/spring-data-commons-2.0.5.RELEASE.jar
7f414831f000-7f4148326000 r--s 00049000 08:07 3155410                    /home/irina/.m2/repository/org/springframework/data/spring-data-jpa/2.0.5.RELEASE/spring-data-jpa-2.0.5.RELEASE.jar
7f4148326000-7f4148329000 r--s 00010000 08:07 3284572                    /home/irina/.m2/repository/org/hibernate/common/hibernate-commons-annotations/5.0.1.Final/hibernate-commons-annotations-5.0.1.Final.jar
7f4148329000-7f414832e000 r--s 00048000 08:07 3155418                    /home/irina/.m2/repository/dom4j/dom4j/1.6.1/dom4j-1.6.1.jar
7f414832e000-7f4148331000 r--s 0002b000 08:07 3284570                    /home/irina/.m2/repository/org/jboss/jandex/2.0.3.Final/jandex-2.0.3.Final.jar
7f4148331000-7f4148336000 r--s 00068000 08:07 3155416                    /home/irina/.m2/repository/antlr/antlr/2.7.7/antlr-2.7.7.jar
7f4148336000-7f4148340000 r--s 000ab000 08:07 3670546                    /home/irina/.m2/repository/org/javassist/javassist/3.22.0-GA/javassist-3.22.0-GA.jar
7f4148340000-7f41483be000 r--s 005ec000 08:07 3284567                    /home/irina/.m2/repository/org/hibernate/hibernate-core/5.2.14.Final/hibernate-core-5.2.14.Final.jar
7f41483be000-7f41483d7000 r--s 001bf000 08:07 3670547                    /home/irina/.m2/repository/org/aspectj/aspectjweaver/1.8.13/aspectjweaver-1.8.13.jar
7f41483d7000-7f41485d7000 rw-p 00000000 00:00 0 
7f41485d7000-7f41487d7000 rw-p 00000000 00:00 0 
7f41487d7000-7f41489d7000 rw-p 00000000 00:00 0 
7f41489d7000-7f41489e8000 r-xp 00000000 08:07 275073                     /usr/lib/jvm/java-8-oracle/jre/lib/amd64/libnio.so
7f41489e8000-7f4148be7000 ---p 00011000 08:07 275073                     /usr/lib/jvm/java-8-oracle/jre/lib/amd64/libnio.so
7f4148be7000-7f4148be8000 rw-p 00010000 08:07 275073                     /usr/lib/jvm/java-8-oracle/jre/lib/amd64/libnio.so
7f4148be8000-7f414bbe9000 rw-p 00000000 00:00 0 
7f414bbe9000-7f414bc00000 r-xp 00000000 08:07 275070                     /usr/lib/jvm/java-8-oracle/jre/lib/amd64/libnet.so
7f414bc00000-7f414bdff000 ---p 00017000 08:07 275070                     /usr/lib/jvm/java-8-oracle/jre/lib/amd64/libnet.so
7f414bdff000-7f414be00000 rw-p 00016000 08:07 275070                     /usr/lib/jvm/java-8-oracle/jre/lib/amd64/libnet.so
7f414be00000-7f414c000000 rw-p 00000000 00:00 0 
7f414c000000-7f414d11c000 rw-p 00000000 00:00 0 
7f414d11c000-7f4150000000 ---p 00000000 00:00 0 
7f4150000000-7f4150021000 rw-p 00000000 00:00 0 
7f4150021000-7f4154000000 ---p 00000000 00:00 0 
7f4154000000-7f4155750000 rw-p 00000000 00:00 0 
7f4155750000-7f4158000000 ---p 00000000 00:00 0 
7f4158000000-7f41599bf000 rw-p 00000000 00:00 0 
7f41599bf000-7f415c000000 ---p 00000000 00:00 0 
7f415c000000-7f415c021000 rw-p 00000000 00:00 0 
7f415c021000-7f4160000000 ---p 00000000 00:00 0 
7f4160000000-7f4161365000 rw-p 00000000 00:00 0 
7f4161365000-7f4164000000 ---p 00000000 00:00 0 
7f4164000000-7f4164021000 rw-p 00000000 00:00 0 
7f4164021000-7f4168000000 ---p 00000000 00:00 0 
7f4168000000-7f4168021000 rw-p 00000000 00:00 0 
7f4168021000-7f416c000000 ---p 00000000 00:00 0 
7f416c000000-7f416c28e000 rw-p 00000000 00:00 0 
7f416c28e000-7f4170000000 ---p 00000000 00:00 0 
7f4170000000-7f4170002000 r--s 00006000 08:07 3284574                    /home/irina/.m2/repository/javax/transaction/javax.transaction-api/1.2/javax.transaction-api-1.2.jar
7f4170002000-7f4170007000 r--s 00017000 08:07 3284568                    /home/irina/.m2/repository/org/hibernate/javax/persistence/hibernate-jpa-2.1-api/1.0.0.Final/hibernate-jpa-2.1-api-1.0.0.Final.jar
7f4170007000-7f4170010000 r--s 00057000 08:07 3670532                    /home/irina/.m2/repository/org/springframework/spring-jdbc/5.0.4.RELEASE/spring-jdbc-5.0.4.RELEASE.jar
7f4170010000-7f4170013000 r--s 00020000 08:07 3414113                    /home/irina/.m2/repository/com/zaxxer/HikariCP/2.7.8/HikariCP-2.7.8.jar
7f4170013000-7f4170014000 r--s 00000000 08:07 3670528                    /home/irina/.m2/repository/org/springframework/boot/spring-boot-starter-jdbc/2.0.0.RELEASE/spring-boot-starter-jdbc-2.0.0.RELEASE.jar
7f4170014000-7f4170015000 r--s 00000000 08:07 3670526                    /home/irina/.m2/repository/org/springframework/boot/spring-boot-starter-aop/2.0.0.RELEASE/spring-boot-starter-aop-2.0.0.RELEASE.jar
7f4170015000-7f4170016000 r--s 00003000 08:07 3540342                    /home/irina/.m2/repository/org/springframework/spring-jcl/5.0.4.RELEASE/spring-jcl-5.0.4.RELEASE.jar
7f4170016000-7f4170090000 r--s 010f7000 08:07 266953                     /usr/lib/jvm/java-8-oracle/lib/tools.jar
7f4170090000-7f4170290000 rw-p 00000000 00:00 0 
7f4170290000-7f4174000000 rw-p 00000000 00:00 0 
7f4174000000-7f4174021000 rw-p 00000000 00:00 0 
7f4174021000-7f4178000000 ---p 00000000 00:00 0 
7f4178000000-7f4178021000 rw-p 00000000 00:00 0 
7f4178021000-7f417c000000 ---p 00000000 00:00 0 
7f417c000000-7f417c021000 rw-p 00000000 00:00 0 
7f417c021000-7f4180000000 ---p 00000000 00:00 0 
7f4180000000-7f4180021000 rw-p 00000000 00:00 0 
7f4180021000-7f4184000000 ---p 00000000 00:00 0 
7f4184000000-7f4184021000 rw-p 00000000 00:00 0 
7f4184021000-7f4188000000 ---p 00000000 00:00 0 
7f4188000000-7f4188021000 rw-p 00000000 00:00 0 
7f4188021000-7f418c000000 ---p 00000000 00:00 0 
7f418c000000-7f418c021000 rw-p 00000000 00:00 0 
7f418c021000-7f4190000000 ---p 00000000 00:00 0 
7f4190000000-7f4190021000 rw-p 00000000 00:00 0 
7f4190021000-7f4194000000 ---p 00000000 00:00 0 
7f4194000000-7f4194017000 r--s 00112000 08:07 3413954                    /home/irina/.m2/repository/org/springframework/spring-core/5.0.4.RELEASE/spring-core-5.0.4.RELEASE.jar
7f4194017000-7f4194019000 r--s 00000000 08:07 3277062                    /home/irina/.m2/repository/org/slf4j/jul-to-slf4j/1.7.25/jul-to-slf4j-1.7.25.jar
7f4194019000-7f419401f000 r--s 00039000 08:07 3540346                    /home/irina/.m2/repository/org/apache/logging/log4j/log4j-api/2.10.0/log4j-api-2.10.0.jar
7f419401f000-7f4194021000 r--s 00003000 08:07 3155234                    /home/irina/.m2/repository/org/apache/logging/log4j/log4j-to-slf4j/2.10.0/log4j-to-slf4j-2.10.0.jar
7f4194021000-7f419402c000 r--s 00069000 08:07 3284394                    /home/irina/.m2/repository/ch/qos/logback/logback-core/1.2.3/logback-core-1.2.3.jar
7f419402c000-7f4194032000 r--s 00041000 08:07 3155233                    /home/irina/.m2/repository/ch/qos/logback/logback-classic/1.2.3/logback-classic-1.2.3.jar
7f4194032000-7f4194033000 r--s 00000000 08:07 3540319                    /home/irina/.m2/repository/org/springframework/boot/spring-boot-starter-logging/2.0.0.RELEASE/spring-boot-starter-logging-2.0.0.RELEASE.jar
7f4194033000-7f4194053000 r--s 000f8000 08:07 3540320                    /home/irina/.m2/repository/org/springframework/boot/spring-boot-autoconfigure/2.0.0.RELEASE/spring-boot-autoconfigure-2.0.0.RELEASE.jar
7f4194053000-7f4194068000 r--s 000cd000 08:07 3413944                    /home/irina/.m2/repository/org/springframework/boot/spring-boot/2.0.0.RELEASE/spring-boot-2.0.0.RELEASE.jar
7f4194068000-7f4194069000 r--s 00000000 08:07 3413945                    /home/irina/.m2/repository/org/springframework/boot/spring-boot-starter/2.0.0.RELEASE/spring-boot-starter-2.0.0.RELEASE.jar
7f4194069000-7f419406a000 r--s 00000000 08:07 3670527                    /home/irina/.m2/repository/org/springframework/boot/spring-boot-starter-data-jpa/2.0.0.RELEASE/spring-boot-starter-data-jpa-2.0.0.RELEASE.jar
7f419406a000-7f419406b000 r--s 00004000 08:07 3414016                    /home/irina/.m2/repository/org/codehaus/plexus/plexus-compiler-javac/2.8.2/plexus-compiler-javac-2.8.2.jar
7f419406b000-7f419406d000 r--s 00000000 08:07 3414013                    /home/irina/.m2/repository/org/codehaus/plexus/plexus-compiler-manager/2.8.2/plexus-compiler-manager-2.8.2.jar
7f419406d000-7f419406f000 r--s 00005000 08:07 3541395                    /home/irina/.m2/repository/org/codehaus/plexus/plexus-compiler-api/2.8.2/plexus-compiler-api-2.8.2.jar
7f419406f000-7f4194075000 r--s 00047000 08:07 3414012                    /home/irina/.m2/repository/com/thoughtworks/qdox/qdox/2.0-M7/qdox-2.0-M7.jar
7f4194075000-7f4194076000 r--s 0000d000 08:07 3541394                    /home/irina/.m2/repository/org/ow2/asm/asm/6.0_BETA/asm-6.0_BETA.jar
7f4194076000-7f4194078000 r--s 00006000 08:07 3284474                    /home/irina/.m2/repository/org/codehaus/plexus/plexus-java/0.9.2/plexus-java-0.9.2.jar
7f4194078000-7f419407a000 r--s 00002000 08:07 3539326                    /home/irina/.m2/repository/org/apache/maven/shared/maven-shared-incremental/1.1/maven-shared-incremental-1.1.jar
7f419407a000-7f419407e000 r--s 0002f000 08:07 3541392                    /home/irina/.m2/repository/commons-io/commons-io/2.5/commons-io-2.5.jar
7f419407e000-7f4194081000 r--s 00025000 08:07 3414010                    /home/irina/.m2/repository/org/apache/maven/shared/maven-shared-utils/3.1.0/maven-shared-utils-3.1.0.jar
7f4194081000-7f4194083000 r--s 0000d000 08:07 3284473                    /home/irina/.m2/repository/org/codehaus/plexus/plexus-interpolation/1.14/plexus-interpolation-1.14.jar
7f4194083000-7f4194087000 r--s 00033000 08:07 3541391                    /home/irina/.m2/repository/org/codehaus/plexus/plexus-utils/2.0.4/plexus-utils-2.0.4.jar
7f4194087000-7f4194089000 r--s 0000d000 08:07 3155241                    /home/irina/.m2/repository/org/apache/maven/plugins/maven-compiler-plugin/3.7.0/maven-compiler-plugin-3.7.0.jar
7f4194089000-7f419408c000 r--s 00010000 08:07 3284465                    /home/irina/.m2/repository/org/codehaus/plexus/plexus-interpolation/1.22/plexus-interpolation-1.22.jar
7f419408c000-7f419408e000 r--s 00001000 08:07 3278262                    /home/irina/.m2/repository/org/sonatype/plexus/plexus-build-api/0.0.7/plexus-build-api-0.0.7.jar
7f419408e000-7f4194090000 r--s 00006000 08:07 3278211                    /home/irina/.m2/repository/com/google/code/findbugs/jsr305/2.0.1/jsr305-2.0.1.jar
7f4194090000-7f4194094000 r--s 0002a000 08:07 3277093                    /home/irina/.m2/repository/commons-io/commons-io/2.4/commons-io-2.4.jar
7f4194094000-7f4194097000 r--s 00023000 08:07 3413976                    /home/irina/.m2/repository/org/apache/maven/shared/maven-shared-utils/3.0.0/maven-shared-utils-3.0.0.jar
7f4194097000-7f4194099000 r--s 0000b000 08:07 3284462                    /home/irina/.m2/repository/org/apache/maven/shared/maven-filtering/3.1.1/maven-filtering-3.1.1.jar
7f4194099000-7f419409d000 r--s 00039000 08:07 3541357                    /home/irina/.m2/repository/org/codehaus/plexus/plexus-utils/3.0.24/plexus-utils-3.0.24.jar
7f419409d000-7f419409f000 r--s 00002000 08:07 3278244                    /home/irina/.m2/repository/org/sonatype/plexus/plexus-cipher/1.4/plexus-cipher-1.4.jar
7f419409f000-7f41940a0000 r--s 00006000 08:07 3278240                    /home/irina/.m2/repository/org/sonatype/plexus/plexus-sec-dispatcher/1.3/plexus-sec-dispatcher-1.3.jar
7f41940a0000-7f41940a2000 r--s 00000000 08:07 3284461                    /home/irina/.m2/repository/org/codehaus/plexus/plexus-component-annotations/1.6/plexus-component-annotations-1.6.jar
7f41940a2000-7f41940a6000 r--s 00017000 08:07 3284460                    /home/irina/.m2/repository/org/sonatype/aether/aether-util/1.7/aether-util-1.7.jar
7f41940a6000-7f41940b1000 r--s 00069000 08:07 3278268                    /home/irina/.m2/repository/org/sonatype/sisu/sisu-guice/2.1.7/sisu-guice-2.1.7-noaop.jar
7f41940b1000-7f41940b6000 r--s 00021000 08:07 3278266                    /home/irina/.m2/repository/org/sonatype/sisu/sisu-inject-bean/1.4.2/sisu-inject-bean-1.4.2.jar
7f41940b6000-7f41940b7000 r--s 00007000 08:07 3284397                    /home/irina/.m2/repository/org/apache/maven/plugins/maven-resources-plugin/3.0.1/maven-resources-plugin-3.0.1.jar
7f41940b7000-7f41940ba000 ---p 00000000 00:00 0 
7f41940ba000-7f41940f0000 rw-p 00000000 00:00 0 
7f41940f0000-7f41940f1000 r--p 00000000 00:00 0 
7f41940f1000-7f41940f6000 r--s 0009a000 08:07 274913                     /usr/lib/jvm/java-8-oracle/jre/lib/jsse.jar
7f41940f6000-7f41940f8000 r--s 0000d000 08:07 803091                     /usr/local/netbeans-8.2/java/maven-nblib/netbeans-eventspy.jar
7f41940f8000-7f41940f9000 r--s 00002000 08:07 803111                     /usr/local/netbeans-8.2/java/maven/lib/wagon-file-2.10.jar
7f41940f9000-7f41940fd000 r--s 00033000 08:07 803094                     /usr/local/netbeans-8.2/java/maven/lib/plexus-utils-2.0.6.jar
7f41940fd000-7f4194100000 r--s 0001d000 08:07 803095                     /usr/local/netbeans-8.2/java/maven/lib/aether-impl-1.13.1.jar
7f4194100000-7f4194101000 r--s 00006000 08:07 803022                     /usr/local/netbeans-8.2/java/maven/lib/plexus-sec-dispatcher-1.3.jar
7f4194101000-7f4194120000 r--s 00154000 08:07 803109                     /usr/local/netbeans-8.2/java/maven/lib/sisu-guava-0.9.9.jar
7f4194120000-7f4194122000 r--s 0000b000 08:07 803054                     /usr/local/netbeans-8.2/java/maven/lib/wagon-provider-api-2.10.jar
7f4194122000-7f4194124000 r--s 00002000 08:07 803101                     /usr/local/netbeans-8.2/java/maven/lib/plexus-cipher-1.7.jar
7f4194124000-7f4194127000 r--s 00008000 08:07 802968                     /usr/local/netbeans-8.2/java/maven/lib/maven-settings-builder-3.0.5.jar
7f4194127000-7f4194133000 r--s 0007d000 08:07 803108                     /usr/local/netbeans-8.2/java/maven/lib/maven-core-3.0.5.jar
7f4194133000-7f4194135000 r--s 0000b000 08:07 803081                     /usr/local/netbeans-8.2/java/maven/lib/maven-artifact-3.0.5.jar
7f4194135000-7f4194137000 r--s 00000000 08:07 802752                     /usr/local/netbeans-8.2/java/maven/lib/plexus-component-annotations-1.5.5.jar
7f4194137000-7f4194139000 r--s 00006000 08:07 802939                     /usr/local/netbeans-8.2/java/maven/lib/aether-connector-wagon-1.13.1.jar
7f4194139000-7f4194140000 r--s 0002b000 08:07 803042                     /usr/local/netbeans-8.2/java/maven/lib/sisu-inject-plexus-2.3.0.jar
7f4194140000-7f419416f000 r--s 001c8000 08:07 803066                     /usr/local/netbeans-8.2/java/maven/lib/wagon-http-2.10-shaded.jar
7f419416f000-7f4194170000 ---p 00000000 00:00 0 
7f4194170000-7f4194270000 rw-p 00000000 00:00 0 
7f4194270000-7f4194273000 ---p 00000000 00:00 0 
7f4194273000-7f4194371000 rw-p 00000000 00:00 0 
7f4194371000-7f4194374000 ---p 00000000 00:00 0 
7f4194374000-7f4194472000 rw-p 00000000 00:00 0 
7f4194472000-7f4194475000 ---p 00000000 00:00 0 
7f4194475000-7f4194573000 rw-p 00000000 00:00 0 
7f4194573000-7f4194576000 ---p 00000000 00:00 0 
7f4194576000-7f4194674000 rw-p 00000000 00:00 0 
7f4194674000-7f4194677000 ---p 00000000 00:00 0 
7f4194677000-7f4194775000 rw-p 00000000 00:00 0 
7f4194775000-7f4194778000 ---p 00000000 00:00 0 
7f4194778000-7f4194876000 rw-p 00000000 00:00 0 
7f4194876000-7f4194ccc000 r--p 00000000 08:07 263637                     /usr/lib/locale/locale-archive
7f4194ccc000-7f4194ccf000 ---p 00000000 00:00 0 
7f4194ccf000-7f4194dcd000 rw-p 00000000 00:00 0 
7f4194dcd000-7f4194dd0000 ---p 00000000 00:00 0 
7f4194dd0000-7f4194ece000 rw-p 00000000 00:00 0 
7f4194ece000-7f4194ecf000 ---p 00000000 00:00 0 
7f4194ecf000-7f4196bf2000 rw-p 00000000 00:00 0 
7f4196bf2000-7f4196dcb000 r--s 03d5a000 08:07 274856                     /usr/lib/jvm/java-8-oracle/jre/lib/rt.jar
7f4196dcb000-7f41979a2000 rw-p 00000000 00:00 0 
7f41979a2000-7f41979a3000 ---p 00000000 00:00 0 
7f41979a3000-7f4197aa3000 rw-p 00000000 00:00 0 
7f4197aa3000-7f4197aa4000 ---p 00000000 00:00 0 
7f4197aa4000-7f4197ba4000 rw-p 00000000 00:00 0 
7f4197ba4000-7f4197ba5000 ---p 00000000 00:00 0 
7f4197ba5000-7f4197ca5000 rw-p 00000000 00:00 0 
7f4197ca5000-7f4197ca6000 ---p 00000000 00:00 0 
7f4197ca6000-7f4197da6000 rw-p 00000000 00:00 0 
7f4197da6000-7f4197da7000 ---p 00000000 00:00 0 
7f4197da7000-7f4197ea7000 rw-p 00000000 00:00 0 
7f4197ea7000-7f4197ea8000 ---p 00000000 00:00 0 
7f4197ea8000-7f4197fa8000 rw-p 00000000 00:00 0 
7f4197fa8000-7f4197fa9000 ---p 00000000 00:00 0 
7f4197fa9000-7f41980a9000 rw-p 00000000 00:00 0 
7f41980a9000-7f41980aa000 ---p 00000000 00:00 0 
7f41980aa000-7f41981d4000 rw-p 00000000 00:00 0 
7f41981d4000-7f419843a000 ---p 00000000 00:00 0 
7f419843a000-7f4198464000 rw-p 00000000 00:00 0 
7f4198464000-7f41986c9000 ---p 00000000 00:00 0 
7f41986c9000-7f4198711000 rw-p 00000000 00:00 0 
7f4198711000-7f4198811000 ---p 00000000 00:00 0 
7f4198811000-7f4198843000 rw-p 00000000 00:00 0 
7f4198843000-7f4198bd2000 ---p 00000000 00:00 0 
7f4198bd2000-7f41997f2000 rwxp 00000000 00:00 0 
7f41997f2000-7f41a7bd2000 ---p 00000000 00:00 0 
7f41a7bd2000-7f41a7bed000 r-xp 00000000 08:07 275066                     /usr/lib/jvm/java-8-oracle/jre/lib/amd64/libzip.so
7f41a7bed000-7f41a7ded000 ---p 0001b000 08:07 275066                     /usr/lib/jvm/java-8-oracle/jre/lib/amd64/libzip.so
7f41a7ded000-7f41a7dee000 rw-p 0001b000 08:07 275066                     /usr/lib/jvm/java-8-oracle/jre/lib/amd64/libzip.so
7f41a7dee000-7f41a7df9000 r-xp 00000000 08:07 2753191                    /lib/x86_64-linux-gnu/libnss_files-2.23.so
7f41a7df9000-7f41a7ff8000 ---p 0000b000 08:07 2753191                    /lib/x86_64-linux-gnu/libnss_files-2.23.so
7f41a7ff8000-7f41a7ff9000 r--p 0000a000 08:07 2753191                    /lib/x86_64-linux-gnu/libnss_files-2.23.so
7f41a7ff9000-7f41a7ffa000 rw-p 0000b000 08:07 2753191                    /lib/x86_64-linux-gnu/libnss_files-2.23.so
7f41a7ffa000-7f41a8000000 rw-p 00000000 00:00 0 
7f41a8000000-7f41a8dfb000 rw-p 00000000 00:00 0 
7f41a8dfb000-7f41ac000000 ---p 00000000 00:00 0 
7f41ac000000-7f41ac001000 r--s 00002000 08:07 803069                     /usr/local/netbeans-8.2/java/maven/lib/wagon-http-shared-2.10.jar
7f41ac001000-7f41ac003000 r--s 00026000 08:07 803100                     /usr/local/netbeans-8.2/java/maven/lib/maven-model-3.0.5.jar
7f41ac003000-7f41ac005000 r--s 0000c000 08:07 802986                     /usr/local/netbeans-8.2/java/maven/lib/maven-aether-provider-3.0.5.jar
7f41ac005000-7f41ac009000 r--s 00013000 08:07 803102                     /usr/local/netbeans-8.2/java/maven/lib/aether-api-1.13.1.jar
7f41ac009000-7f41ac010000 r--s 0003f000 08:07 803068                     /usr/local/netbeans-8.2/java/maven/lib/sisu-inject-bean-2.3.0.jar
7f41ac010000-7f41ac0d5000 rw-p 00000000 00:00 0 
7f41ac0d5000-7f41ac0e0000 r-xp 00000000 08:07 2753195                    /lib/x86_64-linux-gnu/libnss_nis-2.23.so
7f41ac0e0000-7f41ac2df000 ---p 0000b000 08:07 2753195                    /lib/x86_64-linux-gnu/libnss_nis-2.23.so
7f41ac2df000-7f41ac2e0000 r--p 0000a000 08:07 2753195                    /lib/x86_64-linux-gnu/libnss_nis-2.23.so
7f41ac2e0000-7f41ac2e1000 rw-p 0000b000 08:07 2753195                    /lib/x86_64-linux-gnu/libnss_nis-2.23.so
7f41ac2e1000-7f41ac2f7000 r-xp 00000000 08:07 2753127                    /lib/x86_64-linux-gnu/libnsl-2.23.so
7f41ac2f7000-7f41ac4f6000 ---p 00016000 08:07 2753127                    /lib/x86_64-linux-gnu/libnsl-2.23.so
7f41ac4f6000-7f41ac4f7000 r--p 00015000 08:07 2753127                    /lib/x86_64-linux-gnu/libnsl-2.23.so
7f41ac4f7000-7f41ac4f8000 rw-p 00016000 08:07 2753127                    /lib/x86_64-linux-gnu/libnsl-2.23.so
7f41ac4f8000-7f41ac4fa000 rw-p 00000000 00:00 0 
7f41ac4fa000-7f41ac502000 r-xp 00000000 08:07 2753186                    /lib/x86_64-linux-gnu/libnss_compat-2.23.so
7f41ac502000-7f41ac701000 ---p 00008000 08:07 2753186                    /lib/x86_64-linux-gnu/libnss_compat-2.23.so
7f41ac701000-7f41ac702000 r--p 00007000 08:07 2753186                    /lib/x86_64-linux-gnu/libnss_compat-2.23.so
7f41ac702000-7f41ac703000 rw-p 00008000 08:07 2753186                    /lib/x86_64-linux-gnu/libnss_compat-2.23.so
7f41ac703000-7f41ac72e000 r-xp 00000000 08:07 275060                     /usr/lib/jvm/java-8-oracle/jre/lib/amd64/libjava.so
7f41ac72e000-7f41ac92d000 ---p 0002b000 08:07 275060                     /usr/lib/jvm/java-8-oracle/jre/lib/amd64/libjava.so
7f41ac92d000-7f41ac92f000 rw-p 0002a000 08:07 275060                     /usr/lib/jvm/java-8-oracle/jre/lib/amd64/libjava.so
7f41ac92f000-7f41ac93c000 r-xp 00000000 08:07 275065                     /usr/lib/jvm/java-8-oracle/jre/lib/amd64/libverify.so
7f41ac93c000-7f41acb3c000 ---p 0000d000 08:07 275065                     /usr/lib/jvm/java-8-oracle/jre/lib/amd64/libverify.so
7f41acb3c000-7f41acb3e000 rw-p 0000d000 08:07 275065                     /usr/lib/jvm/java-8-oracle/jre/lib/amd64/libverify.so
7f41acb3e000-7f41acb45000 r-xp 00000000 08:07 2753196                    /lib/x86_64-linux-gnu/librt-2.23.so
7f41acb45000-7f41acd44000 ---p 00007000 08:07 2753196                    /lib/x86_64-linux-gnu/librt-2.23.so
7f41acd44000-7f41acd45000 r--p 00006000 08:07 2753196                    /lib/x86_64-linux-gnu/librt-2.23.so
7f41acd45000-7f41acd46000 rw-p 00007000 08:07 2753196                    /lib/x86_64-linux-gnu/librt-2.23.so
7f41acd46000-7f41ace4e000 r-xp 00000000 08:07 2753120                    /lib/x86_64-linux-gnu/libm-2.23.so
7f41ace4e000-7f41ad04d000 ---p 00108000 08:07 2753120                    /lib/x86_64-linux-gnu/libm-2.23.so
7f41ad04d000-7f41ad04e000 r--p 00107000 08:07 2753120                    /lib/x86_64-linux-gnu/libm-2.23.so
7f41ad04e000-7f41ad04f000 rw-p 00108000 08:07 2753120                    /lib/x86_64-linux-gnu/libm-2.23.so
7f41ad04f000-7f41add22000 r-xp 00000000 08:07 275043                     /usr/lib/jvm/java-8-oracle/jre/lib/amd64/server/libjvm.so
7f41add22000-7f41adf21000 ---p 00cd3000 08:07 275043                     /usr/lib/jvm/java-8-oracle/jre/lib/amd64/server/libjvm.so
7f41adf21000-7f41adffb000 rw-p 00cd2000 08:07 275043                     /usr/lib/jvm/java-8-oracle/jre/lib/amd64/server/libjvm.so
7f41adffb000-7f41ae046000 rw-p 00000000 00:00 0 
7f41ae046000-7f41ae206000 r-xp 00000000 08:07 2753165                    /lib/x86_64-linux-gnu/libc-2.23.so
7f41ae206000-7f41ae406000 ---p 001c0000 08:07 2753165                    /lib/x86_64-linux-gnu/libc-2.23.so
7f41ae406000-7f41ae40a000 r--p 001c0000 08:07 2753165                    /lib/x86_64-linux-gnu/libc-2.23.so
7f41ae40a000-7f41ae40c000 rw-p 001c4000 08:07 2753165                    /lib/x86_64-linux-gnu/libc-2.23.so
7f41ae40c000-7f41ae410000 rw-p 00000000 00:00 0 
7f41ae410000-7f41ae413000 r-xp 00000000 08:07 2753180                    /lib/x86_64-linux-gnu/libdl-2.23.so
7f41ae413000-7f41ae612000 ---p 00003000 08:07 2753180                    /lib/x86_64-linux-gnu/libdl-2.23.so
7f41ae612000-7f41ae613000 r--p 00002000 08:07 2753180                    /lib/x86_64-linux-gnu/libdl-2.23.so
7f41ae613000-7f41ae614000 rw-p 00003000 08:07 2753180                    /lib/x86_64-linux-gnu/libdl-2.23.so
7f41ae614000-7f41ae62a000 r-xp 00000000 08:07 274671                     /usr/lib/jvm/java-8-oracle/lib/amd64/jli/libjli.so
7f41ae62a000-7f41ae829000 ---p 00016000 08:07 274671                     /usr/lib/jvm/java-8-oracle/lib/amd64/jli/libjli.so
7f41ae829000-7f41ae82a000 rw-p 00015000 08:07 274671                     /usr/lib/jvm/java-8-oracle/lib/amd64/jli/libjli.so
7f41ae82a000-7f41ae842000 r-xp 00000000 08:07 2753129                    /lib/x86_64-linux-gnu/libpthread-2.23.so
7f41ae842000-7f41aea41000 ---p 00018000 08:07 2753129                    /lib/x86_64-linux-gnu/libpthread-2.23.so
7f41aea41000-7f41aea42000 r--p 00017000 08:07 2753129                    /lib/x86_64-linux-gnu/libpthread-2.23.so
7f41aea42000-7f41aea43000 rw-p 00018000 08:07 2753129                    /lib/x86_64-linux-gnu/libpthread-2.23.so
7f41aea43000-7f41aea47000 rw-p 00000000 00:00 0 
7f41aea47000-7f41aea6d000 r-xp 00000000 08:07 2753128                    /lib/x86_64-linux-gnu/ld-2.23.so
7f41aea6d000-7f41aea6f000 r--s 0000d000 08:07 803023                     /usr/local/netbeans-8.2/java/maven/lib/plexus-interpolation-1.14.jar
7f41aea6f000-7f41aea73000 r--s 0001c000 08:07 803096                     /usr/local/netbeans-8.2/java/maven/lib/aether-util-1.13.1.jar
7f41aea73000-7f41aea79000 r--s 0003f000 08:07 803097                     /usr/local/netbeans-8.2/java/maven/lib/maven-compat-3.0.5.jar
7f41aea79000-7f41aea7b000 r--s 0000b000 08:07 803067                     /usr/local/netbeans-8.2/java/maven/lib/maven-plugin-api-3.0.5.jar
7f41aea7b000-7f41aea7d000 r--s 00009000 08:07 803112                     /usr/local/netbeans-8.2/java/maven/lib/commons-cli-1.2.jar
7f41aea7d000-7f41aea85000 r--s 00050000 08:07 803053                     /usr/local/netbeans-8.2/java/maven/lib/sisu-guice-3.1.0-no_aop.jar
7f41aea85000-7f41aeb50000 rw-p 00000000 00:00 0 
7f41aeb50000-7f41aeb53000 ---p 00000000 00:00 0 
7f41aeb53000-7f41aec55000 rw-p 00000000 00:00 0 
7f41aec55000-7f41aec56000 r--s 00003000 08:07 803103                     /usr/local/netbeans-8.2/java/maven/lib/aether-spi-1.13.1.jar
7f41aec56000-7f41aec58000 r--s 00006000 08:07 802873                     /usr/local/netbeans-8.2/java/maven/lib/maven-repository-metadata-3.0.5.jar
7f41aec58000-7f41aec59000 r--s 0000a000 08:07 803082                     /usr/local/netbeans-8.2/java/maven/lib/maven-embedder-3.0.5.jar
7f41aec59000-7f41aec5b000 r--s 0000a000 08:07 803083                     /usr/local/netbeans-8.2/java/maven/lib/maven-settings-3.0.5.jar
7f41aec5b000-7f41aec5f000 r--s 00021000 08:07 803021                     /usr/local/netbeans-8.2/java/maven/lib/maven-model-builder-3.0.5.jar
7f41aec5f000-7f41aec61000 r--s 0000a000 08:07 803056                     /usr/local/netbeans-8.2/java/maven/boot/plexus-classworlds-2.4.jar
7f41aec61000-7f41aec69000 rw-s 00000000 08:07 4063530                    /tmp/hsperfdata_irina/28496
7f41aec69000-7f41aec6a000 rw-p 00000000 00:00 0 
7f41aec6a000-7f41aec6b000 ---p 00000000 00:00 0 
7f41aec6b000-7f41aec6c000 rw-p 00000000 00:00 0 
7f41aec6c000-7f41aec6d000 r--p 00025000 08:07 2753128                    /lib/x86_64-linux-gnu/ld-2.23.so
7f41aec6d000-7f41aec6e000 rw-p 00026000 08:07 2753128                    /lib/x86_64-linux-gnu/ld-2.23.so
7f41aec6e000-7f41aec6f000 rw-p 00000000 00:00 0 
7ffcdef14000-7ffcdef35000 rw-p 00000000 00:00 0                          [stack]
7ffcdefb9000-7ffcdefbc000 r--p 00000000 00:00 0                          [vvar]
7ffcdefbc000-7ffcdefbe000 r-xp 00000000 00:00 0                          [vdso]
ffffffffff600000-ffffffffff601000 r-xp 00000000 00:00 0                  [vsyscall]

VM Arguments:
jvm_args: -Dclassworlds.conf=/usr/local/netbeans-8.2/java/maven/bin/m2.conf -Dmaven.home=/usr/local/netbeans-8.2/java/maven 
java_command: org.codehaus.plexus.classworlds.launcher.Launcher -Dnetbeans.deploy.debugmode=true -Dnetbeans.deploy=true -Dmaven.ext.class.path=/usr/local/netbeans-8.2/java/maven-nblib/netbeans-eventspy.jar package
java_class_path (initial): /usr/local/netbeans-8.2/java/maven/boot/plexus-classworlds-2.4.jar
Launcher Type: SUN_STANDARD

Environment Variables:
JAVA_HOME=/usr/lib/jvm/java-8-oracle
PATH=/home/irina/bin:/home/irina/.local/bin:/usr/lib/jvm/java-8-oracle/jre/bin/bin:/usr/local/sbin:/usr/local/bin:/usr/sbin:/usr/bin:/sbin:/bin:/usr/games:/usr/local/games:/snap/bin:/usr/lib/jvm/java-8-oracle/bin:/usr/lib/jvm/java-8-oracle/db/bin:/usr/lib/jvm/java-8-oracle/jre/bin
LD_LIBRARY_PATH=/usr/lib/jvm/java-8-oracle/jre/lib/amd64:/usr/lib/jvm/java-8-oracle/jre/lib/i386:
SHELL=/bin/bash
DISPLAY=:0

Signal Handlers:
SIGSEGV: [libjvm.so+0xacbe10], sa_mask[0]=11111111011111111101111111111110, sa_flags=SA_RESTART|SA_SIGINFO
SIGBUS: [libjvm.so+0xacbe10], sa_mask[0]=11111111011111111101111111111110, sa_flags=SA_RESTART|SA_SIGINFO
SIGFPE: [libjvm.so+0x924f90], sa_mask[0]=11111111011111111101111111111110, sa_flags=SA_RESTART|SA_SIGINFO
SIGPIPE: [libjvm.so+0x924f90], sa_mask[0]=11111111011111111101111111111110, sa_flags=SA_RESTART|SA_SIGINFO
SIGXFSZ: [libjvm.so+0x924f90], sa_mask[0]=11111111011111111101111111111110, sa_flags=SA_RESTART|SA_SIGINFO
SIGILL: [libjvm.so+0x924f90], sa_mask[0]=11111111011111111101111111111110, sa_flags=SA_RESTART|SA_SIGINFO
SIGUSR1: SIG_DFL, sa_mask[0]=00000000000000000000000000000000, sa_flags=none
SIGUSR2: [libjvm.so+0x9267d0], sa_mask[0]=00100000000000000000000000000000, sa_flags=SA_RESTART|SA_SIGINFO
SIGHUP: [libjvm.so+0x927bd0], sa_mask[0]=11111111011111111101111111111110, sa_flags=SA_RESTART|SA_SIGINFO
SIGINT: SIG_IGN, sa_mask[0]=00000000000000000000000000000000, sa_flags=none
SIGTERM: [libjvm.so+0x927bd0], sa_mask[0]=11111111011111111101111111111110, sa_flags=SA_RESTART|SA_SIGINFO
SIGQUIT: [libjvm.so+0x927bd0], sa_mask[0]=11111111011111111101111111111110, sa_flags=SA_RESTART|SA_SIGINFO


---------------  S Y S T E M  ---------------

OS:DISTRIB_ID=Ubuntu
DISTRIB_RELEASE=16.04
DISTRIB_CODENAME=xenial
DISTRIB_DESCRIPTION="Ubuntu 16.04.3 LTS"

uname:Linux 4.13.0-37-generic #42~16.04.1-Ubuntu SMP Wed Mar 7 16:03:28 UTC 2018 x86_64
libc:glibc 2.23 NPTL 2.23 
rlimit: STACK 8192k, CORE 0k, NPROC 30811, NOFILE 1048576, AS infinity
load average:1,55 0,61 0,61

/proc/meminfo:
MemTotal:        8048608 kB
MemFree:          133860 kB
MemAvailable:      41532 kB
Buffers:            3104 kB
Cached:           542944 kB
SwapCached:         8796 kB
Active:          6716528 kB
Inactive:         885336 kB
Active(anon):    6700412 kB
Inactive(anon):   863520 kB
Active(file):      16116 kB
Inactive(file):    21816 kB
Unevictable:         464 kB
Mlocked:             464 kB
SwapTotal:        499708 kB
SwapFree:              0 kB
Dirty:               884 kB
Writeback:             0 kB
AnonPages:       7048040 kB
Mapped:           218760 kB
Shmem:            507992 kB
Slab:             129488 kB
SReclaimable:      55168 kB
SUnreclaim:        74320 kB
KernelStack:       17536 kB
PageTables:        86532 kB
NFS_Unstable:          0 kB
Bounce:                0 kB
WritebackTmp:          0 kB
CommitLimit:     4524012 kB
Committed_AS:   16826840 kB
VmallocTotal:   34359738367 kB
VmallocUsed:           0 kB
VmallocChunk:          0 kB
HardwareCorrupted:     0 kB
AnonHugePages:     20480 kB
ShmemHugePages:        0 kB
ShmemPmdMapped:        0 kB
CmaTotal:              0 kB
CmaFree:               0 kB
HugePages_Total:       0
HugePages_Free:        0
HugePages_Rsvd:        0
HugePages_Surp:        0
Hugepagesize:       2048 kB
DirectMap4k:      247336 kB
DirectMap2M:     8022016 kB
DirectMap1G:     1048576 kB


CPU:total 8 (initial active 8) (4 cores per cpu, 2 threads per core) family 6 model 142 stepping 10, cmov, cx8, fxsr, mmx, sse, sse2, sse3, ssse3, sse4.1, sse4.2, popcnt, avx, avx2, aes, clmul, erms, 3dnowpref, lzcnt, ht, tsc, tscinvbit, bmi1, bmi2, adx

/proc/cpuinfo:
processor	: 0
vendor_id	: GenuineIntel
cpu family	: 6
model		: 142
model name	: Intel(R) Core(TM) i7-8550U CPU @ 1.80GHz
stepping	: 10
microcode	: 0x66
cpu MHz		: 2000.000
cache size	: 8192 KB
physical id	: 0
siblings	: 8
core id		: 0
cpu cores	: 4
apicid		: 0
initial apicid	: 0
fpu		: yes
fpu_exception	: yes
cpuid level	: 22
wp		: yes
flags		: fpu vme de pse tsc msr pae mce cx8 apic sep mtrr pge mca cmov pat pse36 clflush dts acpi mmx fxsr sse sse2 ss ht tm pbe syscall nx pdpe1gb rdtscp lm constant_tsc art arch_perfmon pebs bts rep_good nopl xtopology nonstop_tsc cpuid aperfmperf tsc_known_freq pni pclmulqdq dtes64 monitor ds_cpl vmx est tm2 ssse3 sdbg fma cx16 xtpr pdcm pcid sse4_1 sse4_2 x2apic movbe popcnt tsc_deadline_timer aes xsave avx f16c rdrand lahf_lm abm 3dnowprefetch cpuid_fault epb invpcid_single pti retpoline intel_pt rsb_ctxsw tpr_shadow vnmi flexpriority ept vpid fsgsbase tsc_adjust bmi1 avx2 smep bmi2 erms invpcid mpx rdseed adx smap clflushopt xsaveopt xsavec xgetbv1 xsaves dtherm ida arat pln pts hwp hwp_notify hwp_act_window hwp_epp
bugs		: cpu_meltdown spectre_v1 spectre_v2
bogomips	: 3984.00
clflush size	: 64
cache_alignment	: 64
address sizes	: 39 bits physical, 48 bits virtual
power management:

processor	: 1
vendor_id	: GenuineIntel
cpu family	: 6
model		: 142
model name	: Intel(R) Core(TM) i7-8550U CPU @ 1.80GHz
stepping	: 10
microcode	: 0x66
cpu MHz		: 2000.000
cache size	: 8192 KB
physical id	: 0
siblings	: 8
core id		: 1
cpu cores	: 4
apicid		: 2
initial apicid	: 2
fpu		: yes
fpu_exception	: yes
cpuid level	: 22
wp		: yes
flags		: fpu vme de pse tsc msr pae mce cx8 apic sep mtrr pge mca cmov pat pse36 clflush dts acpi mmx fxsr sse sse2 ss ht tm pbe syscall nx pdpe1gb rdtscp lm constant_tsc art arch_perfmon pebs bts rep_good nopl xtopology nonstop_tsc cpuid aperfmperf tsc_known_freq pni pclmulqdq dtes64 monitor ds_cpl vmx est tm2 ssse3 sdbg fma cx16 xtpr pdcm pcid sse4_1 sse4_2 x2apic movbe popcnt tsc_deadline_timer aes xsave avx f16c rdrand lahf_lm abm 3dnowprefetch cpuid_fault epb invpcid_single pti retpoline intel_pt rsb_ctxsw tpr_shadow vnmi flexpriority ept vpid fsgsbase tsc_adjust bmi1 avx2 smep bmi2 erms invpcid mpx rdseed adx smap clflushopt xsaveopt xsavec xgetbv1 xsaves dtherm ida arat pln pts hwp hwp_notify hwp_act_window hwp_epp
bugs		: cpu_meltdown spectre_v1 spectre_v2
bogomips	: 3984.00
clflush size	: 64
cache_alignment	: 64
address sizes	: 39 bits physical, 48 bits virtual
power management:

processor	: 2
vendor_id	: GenuineIntel
cpu family	: 6
model		: 142
model name	: Intel(R) Core(TM) i7-8550U CPU @ 1.80GHz
stepping	: 10
microcode	: 0x66
cpu MHz		: 2000.000
cache size	: 8192 KB
physical id	: 0
siblings	: 8
core id		: 2
cpu cores	: 4
apicid		: 4
initial apicid	: 4
fpu		: yes
fpu_exception	: yes
cpuid level	: 22
wp		: yes
flags		: fpu vme de pse tsc msr pae mce cx8 apic sep mtrr pge mca cmov pat pse36 clflush dts acpi mmx fxsr sse sse2 ss ht tm pbe syscall nx pdpe1gb rdtscp lm constant_tsc art arch_perfmon pebs bts rep_good nopl xtopology nonstop_tsc cpuid aperfmperf tsc_known_freq pni pclmulqdq dtes64 monitor ds_cpl vmx est tm2 ssse3 sdbg fma cx16 xtpr pdcm pcid sse4_1 sse4_2 x2apic movbe popcnt tsc_deadline_timer aes xsave avx f16c rdrand lahf_lm abm 3dnowprefetch cpuid_fault epb invpcid_single pti retpoline intel_pt rsb_ctxsw tpr_shadow vnmi flexpriority ept vpid fsgsbase tsc_adjust bmi1 avx2 smep bmi2 erms invpcid mpx rdseed adx smap clflushopt xsaveopt xsavec xgetbv1 xsaves dtherm ida arat pln pts hwp hwp_notify hwp_act_window hwp_epp
bugs		: cpu_meltdown spectre_v1 spectre_v2
bogomips	: 3984.00
clflush size	: 64
cache_alignment	: 64
address sizes	: 39 bits physical, 48 bits virtual
power management:

processor	: 3
vendor_id	: GenuineIntel
cpu family	: 6
model		: 142
model name	: Intel(R) Core(TM) i7-8550U CPU @ 1.80GHz
stepping	: 10
microcode	: 0x66
cpu MHz		: 2000.000
cache size	: 8192 KB
physical id	: 0
siblings	: 8
core id		: 3
cpu cores	: 4
apicid		: 6
initial apicid	: 6
fpu		: yes
fpu_exception	: yes
cpuid level	: 22
wp		: yes
flags		: fpu vme de pse tsc msr pae mce cx8 apic sep mtrr pge mca cmov pat pse36 clflush dts acpi mmx fxsr sse sse2 ss ht tm pbe syscall nx pdpe1gb rdtscp lm constant_tsc art arch_perfmon pebs bts rep_good nopl xtopology nonstop_tsc cpuid aperfmperf tsc_known_freq pni pclmulqdq dtes64 monitor ds_cpl vmx est tm2 ssse3 sdbg fma cx16 xtpr pdcm pcid sse4_1 sse4_2 x2apic movbe popcnt tsc_deadline_timer aes xsave avx f16c rdrand lahf_lm abm 3dnowprefetch cpuid_fault epb invpcid_single pti retpoline intel_pt rsb_ctxsw tpr_shadow vnmi flexpriority ept vpid fsgsbase tsc_adjust bmi1 avx2 smep bmi2 erms invpcid mpx rdseed adx smap clflushopt xsaveopt xsavec xgetbv1 xsaves dtherm ida arat pln pts hwp hwp_notify hwp_act_window hwp_epp
bugs		: cpu_meltdown spectre_v1 spectre_v2
bogomips	: 3984.00
clflush size	: 64
cache_alignment	: 64
address sizes	: 39 bits physical, 48 bits virtual
power management:

processor	: 4
vendor_id	: GenuineIntel
cpu family	: 6
model		: 142
model name	: Intel(R) Core(TM) i7-8550U CPU @ 1.80GHz
stepping	: 10
microcode	: 0x66
cpu MHz		: 2000.000
cache size	: 8192 KB
physical id	: 0
siblings	: 8
core id		: 0
cpu cores	: 4
apicid		: 1
initial apicid	: 1
fpu		: yes
fpu_exception	: yes
cpuid level	: 22
wp		: yes
flags		: fpu vme de pse tsc msr pae mce cx8 apic sep mtrr pge mca cmov pat pse36 clflush dts acpi mmx fxsr sse sse2 ss ht tm pbe syscall nx pdpe1gb rdtscp lm constant_tsc art arch_perfmon pebs bts rep_good nopl xtopology nonstop_tsc cpuid aperfmperf tsc_known_freq pni pclmulqdq dtes64 monitor ds_cpl vmx est tm2 ssse3 sdbg fma cx16 xtpr pdcm pcid sse4_1 sse4_2 x2apic movbe popcnt tsc_deadline_timer aes xsave avx f16c rdrand lahf_lm abm 3dnowprefetch cpuid_fault epb invpcid_single pti retpoline intel_pt rsb_ctxsw tpr_shadow vnmi flexpriority ept vpid fsgsbase tsc_adjust bmi1 avx2 smep bmi2 erms invpcid mpx rdseed adx smap clflushopt xsaveopt xsavec xgetbv1 xsaves dtherm ida arat pln pts hwp hwp_notify hwp_act_window hwp_epp
bugs		: cpu_meltdown spectre_v1 spectre_v2
bogomips	: 3984.00
clflush size	: 64
cache_alignment	: 64
address sizes	: 39 bits physical, 48 bits virtual
power management:

processor	: 5
vendor_id	: GenuineIntel
cpu family	: 6
model		: 142
model name	: Intel(R) Core(TM) i7-8550U CPU @ 1.80GHz
stepping	: 10
microcode	: 0x66
cpu MHz		: 2000.000
cache size	: 8192 KB
physical id	: 0
siblings	: 8
core id		: 1
cpu cores	: 4
apicid		: 3
initial apicid	: 3
fpu		: yes
fpu_exception	: yes
cpuid level	: 22
wp		: yes
flags		: fpu vme de pse tsc msr pae mce cx8 apic sep mtrr pge mca cmov pat pse36 clflush dts acpi mmx fxsr sse sse2 ss ht tm pbe syscall nx pdpe1gb rdtscp lm constant_tsc art arch_perfmon pebs bts rep_good nopl xtopology nonstop_tsc cpuid aperfmperf tsc_known_freq pni pclmulqdq dtes64 monitor ds_cpl vmx est tm2 ssse3 sdbg fma cx16 xtpr pdcm pcid sse4_1 sse4_2 x2apic movbe popcnt tsc_deadline_timer aes xsave avx f16c rdrand lahf_lm abm 3dnowprefetch cpuid_fault epb invpcid_single pti retpoline intel_pt rsb_ctxsw tpr_shadow vnmi flexpriority ept vpid fsgsbase tsc_adjust bmi1 avx2 smep bmi2 erms invpcid mpx rdseed adx smap clflushopt xsaveopt xsavec xgetbv1 xsaves dtherm ida arat pln pts hwp hwp_notify hwp_act_window hwp_epp
bugs		: cpu_meltdown spectre_v1 spectre_v2
bogomips	: 3984.00
clflush size	: 64
cache_alignment	: 64
address sizes	: 39 bits physical, 48 bits virtual
power management:

processor	: 6
vendor_id	: GenuineIntel
cpu family	: 6
model		: 142
model name	: Intel(R) Core(TM) i7-8550U CPU @ 1.80GHz
stepping	: 10
microcode	: 0x66
cpu MHz		: 2000.000
cache size	: 8192 KB
physical id	: 0
siblings	: 8
core id		: 2
cpu cores	: 4
apicid		: 5
initial apicid	: 5
fpu		: yes
fpu_exception	: yes
cpuid level	: 22
wp		: yes
flags		: fpu vme de pse tsc msr pae mce cx8 apic sep mtrr pge mca cmov pat pse36 clflush dts acpi mmx fxsr sse sse2 ss ht tm pbe syscall nx pdpe1gb rdtscp lm constant_tsc art arch_perfmon pebs bts rep_good nopl xtopology nonstop_tsc cpuid aperfmperf tsc_known_freq pni pclmulqdq dtes64 monitor ds_cpl vmx est tm2 ssse3 sdbg fma cx16 xtpr pdcm pcid sse4_1 sse4_2 x2apic movbe popcnt tsc_deadline_timer aes xsave avx f16c rdrand lahf_lm abm 3dnowprefetch cpuid_fault epb invpcid_single pti retpoline intel_pt rsb_ctxsw tpr_shadow vnmi flexpriority ept vpid fsgsbase tsc_adjust bmi1 avx2 smep bmi2 erms invpcid mpx rdseed adx smap clflushopt xsaveopt xsavec xgetbv1 xsaves dtherm ida arat pln pts hwp hwp_notify hwp_act_window hwp_epp
bugs		: cpu_meltdown spectre_v1 spectre_v2
bogomips	: 3984.00
clflush size	: 64
cache_alignment	: 64
address sizes	: 39 bits physical, 48 bits virtual
power management:

processor	: 7
vendor_id	: GenuineIntel
cpu family	: 6
model		: 142
model name	: Intel(R) Core(TM) i7-8550U CPU @ 1.80GHz
stepping	: 10
microcode	: 0x66
cpu MHz		: 2000.000
cache size	: 8192 KB
physical id	: 0
siblings	: 8
core id		: 3
cpu cores	: 4
apicid		: 7
initial apicid	: 7
fpu		: yes
fpu_exception	: yes
cpuid level	: 22
wp		: yes
flags		: fpu vme de pse tsc msr pae mce cx8 apic sep mtrr pge mca cmov pat pse36 clflush dts acpi mmx fxsr sse sse2 ss ht tm pbe syscall nx pdpe1gb rdtscp lm constant_tsc art arch_perfmon pebs bts rep_good nopl xtopology nonstop_tsc cpuid aperfmperf tsc_known_freq pni pclmulqdq dtes64 monitor ds_cpl vmx est tm2 ssse3 sdbg fma cx16 xtpr pdcm pcid sse4_1 sse4_2 x2apic movbe popcnt tsc_deadline_timer aes xsave avx f16c rdrand lahf_lm abm 3dnowprefetch cpuid_fault epb invpcid_single pti retpoline intel_pt rsb_ctxsw tpr_shadow vnmi flexpriority ept vpid fsgsbase tsc_adjust bmi1 avx2 smep bmi2 erms invpcid mpx rdseed adx smap clflushopt xsaveopt xsavec xgetbv1 xsaves dtherm ida arat pln pts hwp hwp_notify hwp_act_window hwp_epp
bugs		: cpu_meltdown spectre_v1 spectre_v2
bogomips	: 3984.00
clflush size	: 64
cache_alignment	: 64
address sizes	: 39 bits physical, 48 bits virtual
power management:



Memory: 4k page, physical 8048608k(133860k free), swap 499708k(0k free)

vm_info: Java HotSpot(TM) 64-Bit Server VM (25.151-b12) for linux-amd64 JRE (1.8.0_151-b12), built on Sep  5 2017 19:20:58 by "java_re" with gcc 4.3.0 20080428 (Red Hat 4.3.0-8)

time: Sat Mar 24 23:05:26 2018
elapsed time: 3 seconds (0d 0h 0m 3s)

